they barged after the couple , towards the door . | 5(2)
she stormed off ; i half limped , half hopped after her . | 5(2)
she hurried after him . | 5(2)
she hurried off after the others . | 5(2)
sonny turned in bewilderment to johnny , then lumbered out after his brother . | 5(2)
whatever it was that lured or drove them there , these creatures , over the millennia , lumbering after their food , became more and more efficient at moving and breathing out of water . | 5(2)
almost scampering after him , belinda saw that there was only one other couple left in the cafe now . | 5(2)
her legs felt absolutely leaden as she trudged after him towards the house . | 5(2)
chewing on her lower lip , she trundled after him along a flagged passageway and up an ornate wooden staircase . | 5(2)
he tip-toed across the studio floor and peeped up the corridor after the marching men . | 5(2)
` that 's why some people reek after garlic and some do n't -- it relates to their metabolism . " | 5(2)
these symptoms may be difficult to recognize in a patient after anaesthesia . | 5(2)
the tower was lowered by one floor after the fire in 1538 . | 5(2)
after this the ` pugwash conference " of scientists from east and west -- so named after the site of their first meeting in nova scotia -- was held annually . | 5(2)
she named beatrice after one of victoria 's daughters and a previous book , victoria and albert , alluded to her spiritual closeness with her estranged husband 's ancestor . | 5(2)
the baby was named eva evangeline after her mother 's sister , eva , and evangeline booth , the fiery red-haired daughter of william booth , the founder of the salvation army . | 5(2)
` first time somebody made something and name it after me " . | 5(2)
delayed maturation some researchers have indicated that persistence of bedwetting after the age of 5 years is due to delayed maturation of the necessary mechanisms ( bakwin and bakwin 1972 ) . | 5(2)
after her castlewellan protest , ethel smyth was arrested in downpatrick while trying to stop a sinn fein march and was roundly condemned by the local official unionist assemblyman for trouble-making . | 1(1)
the incident occurred after a dispute between the man and staff at a branch of the bank of ireland in cahir . | 5(2)
just as certain behavioural habits develop , such as vomiting after every meal , so women with bulimia can develop habitual thoughts and begin to think in a bulimic way . | 5(2)
on friday night , tina phoned just after jack had come back from the supermarket with the weekend shopping . | 5(2)
to her surprise broom-parker had phoned shortly after she 'd returned home , pleading with her not to mention his name to the police . | 5(2)
more than 2,000 women have telephoned a helpline after the death of a midwife with the hiv virus . | 5(2)
eddy boyd shouted after maggie . | 5(2)
brown -- formerly on the coaching staff at chesham -- took over at the diadora league premier division club in december , when george borg resigned after a disagreement over playing policy . | 5(2)
de gaulle resigned after two months as head of the first government of the fourth republic -- a regime that had 25 governments in 12 years ( 1946-58 ) . | 5(2)
i 'll fire him after the speedboat race is over . | 5(2)
he 'll read extracts from the works of american writers who travelled to paris after the first world war . | 5(2)
it grew in a boggy area where there was a spring and a small stream which flowed in a desultory way after the autumn rains but almost dried up in summer . | 5(2)
a spokesman in moscow said the russian craft suffered minimal damage and no radiation leaked after the accident on saturday . | 5(2)
us electricity generators have been given new limits on the amount of sulphur dioxide they can emit after 1995 . | 5(2)
muriel inquired after their day and received polite but monosyllabic replies from each of them . | 5(2)
on the sixth day , she walked up to lyle and robbins and inquired after work , but they had no vacancies . | 5(2)
` it 's been a fairytale start for phil , and all the more enjoyable for him after what he has been through , " says leicestershire chief executive mike turner . | 5(2)
after a moment , she spun on her heel and stalked across the platform to the door that led to the large communal dressing-room . | 1(1)
the office at felixstowe seemed a very dull and prosaic place after those hectic nine months . | 5(2)
after what seemed like only a doze she woke to daylight , the wind driving hail against the window with a force which threatened to break it . | 1(1)
she had been crying again and her mascara had been washed away and she looked like an eleven-year-old waking up in hospital after an operation . | 5(2)
killion trudged it with a kind of dogged stupidity , too tired to think after the all-day violence . | 5(2)
` i 'm dog-tired after that trek this afternoon , " he announced with a brief compassionate glance at sarella . | 5(2)
it pointed out that he had , after considerable difficulty , recently obtained a new lease for montagu house and had commissioned burn to rebuild it . | 5(2)
watching the final scenes of jean harlow 's last film , the ones shot after she had died , defeated him in this way . | 5(2)
much of the movie was shot after dark , with a half-size replica of the vessel poised to sink into a sea of ruckled black velvet . | 5(2)
in july 1914 , after serbian nationalists had assassinated the habsburg heir apparent , the austrian government resolved to crush the serbian menace once and for all . | 5(2)
surely i can not be like the old murmuring israelites , to long after the onions and garlic of egypt when they had suffered there such heavy bondage ? | 5(2)
a rave party organiser is under investigation after a legal event left one man dead and another in a coma . | 5(2)
she seldom came home after school , but went to friends . | 5(2)
in sudden determination to have the last word , she chased after him . | 5(2)
the one thing never to do if your dog starts to stray from you is to chase off after it . | 5(2)
you 're supposed to be working on a book , not chasing around after a murderer who probably does n't even exist . | 5(2)
nutty sat on the edge with her legs in the water , scowling in deep concentration after nails . | 5(2)
richard went into his father 's study and peter trailed after him . | 5(2)
