" sorry , " i said , still crouching against the wall . | 10(4)
lindsey leaned against the rail watching the lights of a passing ship as it plied in the opposite direction . | 10(4)
she leaned lightly against the soft wool of his dark cashmere coat . | 10(4)
millet spoke up , slouching against the table and admiring the cheap , tawdry rings on his fingers . | 10(4)
i stood fearfully against a board as in rapid succession the knives flashed through the air and encircled my body . | 10(4)
all this bristling weaponry was aimed at a line of about forty men standing against the wall . | 10(4)
and , once again , we can hear the echo of hoggart 's strictures against the supposedly ` postwar " aberrations of mass entertainments . | 10(4)
i wondered right away if he 'd registered a complaint against you , charity . | 1(1)
` clive , what is your complaint against this girl ? " | 1(1)
when i last spoke to the otter trust they had never had a complaint against a canoeist but many against anglers . | 1(1)
heinz suggested that laws and constitutions of countries should be strengthened to make international declarations against torture into enforceable law . | 1(1)
thus the vatican declaration against the ordination of women : ` jesus did not call any woman to become part of the twelve . | 1(1)
however , on the eve of the referendum , the majority of priests preached against abortion . | 1(1)
robbie screamed and flung herself against the protective width of fen 's chest . | 10(4)
i followed them onto a narrow , crumbling ledge above the ravine where the wind hurled us against the wall . | 10(4)
a few cowlings and panels got bent though , having been lifted off the floor and hurled against the hangar wall by the force of the propeller . | 10(4)
the girls plan to to pitch their talents against the boys at the end of term , so they 're getting as much practice as possible . | 10(4)
the kitten pushed its tiny head affectionately against her face and she kissed its soft fur . | 10(4)
unable to sleep and seeing madame 's bedroom light still on , she had thrown a pebble against the glass and called her down . | 10(4)
the only exception was the c.o. he leaned his backside against a table , arms folded . | 10(4)
he leant his bike against the gate and shook the sign . | 10(4)
i leaned the painting against the van and sat on a box and waited . | 10(4)
fussily he searched for a safe place , finally leaning the contraption against the wall behind his chair before sitting down . | 10(4)
he stood aside and leaned his back against the wire paling as the hearse came round the comer . | 10(4)
then we barricaded ourselves in , piled our mattresses against the cell door . | 10(4)
crossing to her , he placed a palm against her brow . | 10(4)
placing the night-light against the wall she sat down on the top stair , humping the eiderdown high over her shoulders and gazing into the darkness . | 10(4)
the artist calmly took a small mechanical device and positioned it against the side of her finger which wore a glittering pair of rings in emerald and diamond . | 10(4)
they pushed it into the classroom and stood it against a wall . | 10(4)
a small but destructive minority has turned from religious zeal to crime , or to insurrection against its own governments . | 1(1)
a military court in zagreb on may 20 sentenced five croats to terms of between one and 3@1/2 years for preparing an armed insurrection against the jna to kill officers and their families . | 1(1)
yet his subjects had a right of resistance , of rebellion against him , if he failed to rule them justly and to give them due protection . | 1(1)
it is possible to identify something of a backlash against edward 's policies , but it occurred in october , rather than may , 1483 and was subsumed in the rebellion against richard iii . | 1(1)
the egyptians had a most successful record of rebellions against the persians ; the babylonians had repeatedly revolted . | 1(1)
only a week earlier on palm sunday , it seemed possible that jesus could have led a rebellion against the hated romans . | 1(1)
he said : ` i was one of the leading students in the revolution against the communist system . | 1(1)
the leaders of that mutiny included colonel mohammed ali seineldin , a notorious trouble-maker and veteran of uprisings against ex-president alfonsin . | 1(1)
the mix up -- at the monument to the 1944 warsaw uprising against the occupying germans -- caused arguments between both british and polish security officials . | 1(1)
the success of the romanian uprising against the ceausescu clan prompted some chinese to ask gleefully how long the chinese ceausescu could survive . | 1(1)
in 1951 , during the period of the vietnamese uprising against the french colonial rule , he walked through his country 's rich tropical forests to china , where he and his colleagues set up a temporary university . | 1(1)
in order to incite her husband against her stepson , sigistrix , she claimed that the prince intended to kill his father , to take over burgundy and subsequently italy . | 10(4)
a goal from julio berazi after five minutes was enough to settle this relegation battle against erith and belvedere at marriots close this afternoon . | 1(1)
` there was very little he could do about the horrendous injuries cooper suffered in his two fights against ali , but he saved him on countless other occasions with his quick , methodical work . " | 1(1)
holly , from hainault , east london , is winning her fight against a similar cancer to the wilm 's tumour which killed leonora . | 10(4)
dennis andries 's european cruiserweight title clash against akim tafer of france in beausoleil last february , has been voted as the ebu 's fight of the year . | 3(1b)
bar-giora is thought to have used his desert headquarters not only in his struggle against the romans but also while he was in conflict with rival jewish rebel movements , including the zealots . | 1(1)
in so doing , he wholeheartedly committed the english nation to the military struggle against catholic france and inaugurated an important new phase in the international relations of both state and church . | 1(1)
the advance of american interest in britain was underlined a little later with a request to the embassy in london for an assessment of that country 's likely value in a global struggle against communism . | 1(1)
after the street brawl against manchester city last tuesday this seemed like a gentle sunday afternoon stroll in the north london sunshine . | 1(1)
he explained that first i must promise not to fight against lilliput or hurt lilliputians , and that i must be searched for weapons . | 1(1)
this was the battle of the books ( 1704 ) by jonathan swift ( 1667 -- 1745 ) , a satire in which the ancients battle against the moderns . | 1(1)
throughout 1980 she had battled against a largely hostile public opinion and formidable critics in her own cabinet such as ian gilmour , peter walker , and james prior . | 10(4)
overcome with rage and frustration , dora jammed a fist against her mouth and gnawed at her knuckles . | 10(4)
two weeks earlier , on march 15 , mehrdad kowkabi , an iranian student held in the uk for 15 months , had been deported after a court dropped charges of arson against him , and iranian officials had been quoted as saying that the government might respond to this " positive step " by releasing cooper . | 1(1)
people with aids or hiv infection can expect progress in therapy against hiv and the conditions found in aids -- anti-viral drugs like zidovudine are in use . | 1(1)
the guildsmen put their shoulders against the side of the cart , and began rocking it . | 10(4)
she put her ear against the wall and listened carefully . | 10(4)
what 's he putting against the wall ? | 10(4)
the art trade has argued effectively against this provision and now the commission and the portuguese presidency acknowledge that special arrangements should be applicable to sales by public auction . | 1(1)
here berkeley argued strenuously against the view that we judge the distance of objects by means of lines and angles . | 1(1)
every sceptical argument against the possibility of justified belief is an argument of the strongest form , and leaves us devoid even of the understanding we thought we had of our own language . | 1(1)
welsted 's case against the classical rules is that they emerge ` as comments to the work of certain great authors who composed those works without any such help " . | 1(1)
again the axe crashed against the door . | 10(4)
dreaming , leon almost crashed against me , there in the kitchen passage . | 10(4)
` sorry , " michael said as our photographer 's head banged against the ceiling , which has an unfortunate bulge in it to accommodate the sun roof . | 10(4)
maddened by the limp rag doll banging against his legs , he veered to the left . | 10(4)
whatever the reason , toks ' tighthead failed to get down and his head smashed against his opposition 's shoulder . | 10(4)
it was feared that members of mboya 's luo tribe would retaliate against the kikuyu , the group who dominated the country 's political life and of which the assassins were assumed to be members . | 1(1)
but curbishley had few worries about beating sunderland once they had had kay sent off for foolishly retaliating against walsh . | 1(1)
reports persisted throughout may that the security forces were turning a blind eye to the activities of zulu mobs in the townships , allegedly waiting to respond until local citizens retaliated against the zulus ' attacks . | 1(1)
the failure of diplomacy to win them a homeland has left them hoping that israeli retaliation against iraq will split syria and egypt from the anti-iraq alliance and open a new arab-israeli conflict . | 1(1)
mr perl denied making the remarks but the tribunal found against him . | 1(1)
you obviously harbour some resentment against your ex-boyfriend too , but telling him about the abortion now wo n't necessarily help you to cope with the guilt you are feeling . | 1(1)
equally clear is the peasantry 's sense of injustice over the emancipation settlement , their resentment against the landowning nobility , and their yearning to see all noble land made over to them . | 1(1)
he allowed the car to move slowly forward , the tyres crunching against the gravel road . | 10(4)
sandcastling fathers shouted indignantly and children began pelting the dog with wet sand , which thumped against his woolly flanks . | 10(4)
as they found their target their points tightened into a terrible grip as the rest of his body thumped against the front of the cage . | 10(4)
as francis approached , there came a noise to accompany the smell -- solid bodies thumping against the tin walls , then a cacophony of squeals and snorts . | 10(4)
hitch slammed the cassette hard against the crate . | 10(4)
i was so worked up , i kept slamming my bed against the wall , banging on windows , turning the taps on . | 10(4)
os guinness has captured this middle-class revulsion against materialism and affluent decadence in his best-selling book the dust of death ( 1973 ) . | 1(1)
fear fingered ruth again , and she suppressed a futile burst of anger against adam . | 1(1)
the king had agreed that peers should be tried only in parliament and before their equals , and that accusations against ministers should be heard by the peers in parliament . | 1(1)
after the sheffield football disaster , within a week we heard accusations against the police , against the clubs , against the fans themselves who were accused of being drunk and causing trouble . | 1(1)
among these last was archbishop reynolds who had at first excommunicated the invaders by pressing into service a ten-year-old denunciation against the scots ! | 1(1)
urban had earlier accused former stb agents of seeking to disrupt the elections by spreading false rumours and denunciations against candidates standing for election . | 1(1)
gradually you saw this self-absorbed monarch stripped down of all his trappings , until a wonderful scene when he was kneeling on the ground staring at his reflection , and suddenly he shattered the mirror against his foreheard . | 10(4)
the hon. gentleman goes on about conspiracies against the working class , but i gather that in his constituency the working class conspired against him . | 1(1)
it was a pogrom against new york jews , said mr giuliani -- a daft remark that simply suited his purposes by provoking another row over what really happened . | 1(1)
then he crouched against the ice , and stayed there . | 10(4)
theda huddled against the bedhead , drawing the covers up and over her breasts , as she watched him tidy his clothes and wrap the wrecked neckcloth carelessly about his throat . | 10(4)
veteran flanker mike howard , a late replacement in last week 's 44-6 win against seaham , keeps his place as andy harle is unavailable for the rest of the season . | 3(1b)
