although she had little time to help organize the newspaper project , as she buzzed around discussing it with friends and jotting down ideas it began to get up steam . | 3(2)
she could imagine it clanging across the hall , up the stairway , along the draughty corridors , around the drawing-room and out through the open windows . | 3(2)
the motor noise dropped to a rumble and feet clattered around his car . | 3(2)
the seemingly positive advances on the economic front re-emphasised the fact that the treaty of rome had skirted around the question of political cooperation . | 3(2)
fix the glass internally by overlapping the concrete surrounds , with a liberal ribbon of silicone sealer ( aquarium quality ) and make waterproof by smearing the silicone around all the internal joints . | 3(2)
do n't worry folks , i knew what to do -- smear some butter around the head and neck . | 3(2)
gloria tucked the blanket around dot and kissed the tip of her nose . | 3(2)
trim the edges and tuck around the body like a skirt . | 3(2)
the 6ft carpet snake crept into calan lavender 's bed , wrapped its body around him and plunged in its fangs . | 5(4)
pulling on a sweater and wrapping my long kilt around me , i made my way towards sheikha grandmother 's house . | 1(1)
inside we were greeted by the sight of a gaggle of top-heavy sikhs energetically bopping around the hall to 1970s disco music ; beautiful hindu ladies lilted delicately from side to side trying to avoid stepping on each other 's saris . | 3(2)
many of the instrumental numbers were so relaxed , they looked like they were amusing themselves at a family party and when harry told everyone to stand up as he bopped around the stage in his black silk suit , everyone did as they were told . | 3(2)
the nightlife revolves around several self-contained centres , the biggest and best being the kasbah where most nights you 'll find us hopping and bopping around fantasy island , a wonderful disco pub presided over by our friends steve and donato . | 3(2)
waitresses in pearl-buttoned black silk dresses already bustled around small circular tables set with cakes and teacups . | 3(2)
as people bustled around him the doctor had harangued them frantically with all the strength that was left to him . | 3(2)
if you see the caterpillars crawling around on the bottom of the cage , you will know it is time to put some soil there . | 3(2)
you can find it on the maps of bosnia-herzegovina , hugging the road that crawls around the mountains between medjugorje and mostar . | 3(2)
they ran over to the two prostrate travellers , and danced insanely around them . | 3(2)
he 'd watch him dance around the room emitting stifled screams . | 3(2)
` ah yes , the convict , " said trentham , and removed the grin in the first minute , as tommy danced around him trying to stay out of trouble . | 1(1)
their three elder girls were standing beside her and the baby , and fantina was darting around them . | 3(2)
the pims dashed around all parts of the aquarium having brief but energetic skirmishes when they met each other , but no actual physical damage was suffered from the skirmishes . | 3(2)
in the space of only a few years , they regularly flitted around manchester . | 3(2)
hector jumped off the bed eagerly , and gambolled around her . | 1(1)
the old woman hobbled around the verandah , consumed with fury and frustration . | 3(2)
swarf looked pleased and hobbled around the courtyard , laughing to himself . | 3(2)
the cai prodded the five men until they began hobbling on their swollen , bleeding feet around the edge of the circle formed by their fellows . | 3(2)
delta 's partners hop around many of the more interesting parts of the usa , such as the florida keys or the national parks of the rockies . | 3(2)
he hurried around the table and patted the wizard on the back . | 3(2)
he took a deep breath , primed the fuse , and leapt around the corner , arm raised . | 3(2)
one minute he was embracing her , kissing her passionately , and now he was leaping around the bedroom like a young gallant , getting ready to get out . | 3(2)
they have loped around the side of the house to see who has come . | 3(2)
this comet lurched around the solar system before settling into its current orbital position . | 3(2)
one afternoon we had made a forced march around the local countryside with our rucksacks on . | 3(2)
for the next seven weeks they moseyed around the western isles , often encountering rough weather : skye , raasay , coll , mull , ulva , inchkenneth and iona . | 3(2)
something heavy and barefoot was padding around the conservatory . | 3(2)
as a pair they really were an excellent entry and looking back , i am somewhat amazed that my aunt ever plucked up the courage to parade around the streets . | 3(2)
off came the stylish suit and soon she was again prancing provocatively around the stage in a skimpy pink sequined bra and shorts . | 3(2)
` a bus-load of boring belly dancers , " i said , and pranced around the room . | 3(2)
blanche bubbled with irritation as she prowled around suzy 's flat and watched a scenes-of-crime officer search the lounge on his hands and knees for any clues that had been missed the night before . | 3(2)
house of commons secretaries or unfriend civil servants do n't go to the party conference or roam around the headquarters hotel . " | 3(2)
she 'd been reading about how egyptians believed cats guided your dreams , and dreamed that she was roaming around their flat from a cat 's point of view . | 3(2)
you simply roam around , safe in the knowledge that round each corner there will be something to please . | 3(2)
frowning a little , he demanded , ` what were you doing , roaming around the back-streets in the dark ? " | 3(2)
indeed , you can see their wonder as they land from their cruise ships and are greeted with a scene from olde englande played out by bermudians in 17th-century dress romping around the dinkily preserved streets . | 3(2)
she had drifted unhappily around the estate , dragging her feet and shrinking back from the noisy pack of children which romped around the gardens . | 3(2)
hope was quite content to saunter around the pretty little village . | 3(2)
he sauntered around the desk , leaving the show to hennessy . | 3(2)
as he conducted divine service in the old seagoe parish church his dogs scampered around the churchyard . | 3(2)
scotland 's trip to argentina began with a wave of nationalist euphoria and ended in the complete ignominy of their exuberant manager scuttling around a field hiding pep-pills . | 3(2)
reshuffle fever , which had tory ministers scuttling around parliament like hunted rabbits in the days before the ritual disembowelling of norman lamont , has been followed by a feeling of severe let-down . | 3(2)
kelly put the phone down and skipped around the room . | 3(2)
i knew when your lesson was and worked out when you 'd have to leave the house , and i 've been skulking around here , waiting for you . | 3(2)
the whip slithered around the floor to raise the tension and anticipation of the audience . | 3(2)
horrified witnesses watched helplessly as the blazing man staggered around the square before collapsing . | 3(2)
i stamped around my little island of dry ground to keep warm , chain , but long before midnight i was shivering uncontrollably . | 1(1)
moving carefully , benny stepped around the edges of the room , and opened the window shutters . | 3(2)
the game begins with an animated sequence showing the baron stomping around his laboratory , setting up the experiment . | 3(2)
walking in this area is very extensive , and it ranges from gentle strolls around the lake , to strenuous hikes up and down the mountains : walking maps can be obtained at the local tourist office . | 3(2)
complete your visit with a leisurely stroll around cardiff bay with a lavishly illustrated broadsheet to guide you around the remarkable historic buildings and structures which are part of this fascinating environment . | 3(2)
" thanks , " she said , and went off to the gate , where she and her companion resumed their sharp-eyed stroll around the guilty streets . | 3(2)
he was joined there later by debbie 's father and they strolled around the beautiful gardens together . | 3(2)
the two men continued to stroll leisurely around the perimeter fence which separated the living quarters and parade grounds of the air-base from the restricted areas of the hangars and control tower . | 3(2)
he rose from his enormous desk and lit a big cigar -- it could n't have been a havana -- and strutted around his vast office like a peacock , admiring his reflection in the long mirror . | 3(2)
granpa shook his head and frowned , but i was so proud of my dad that for the rest of the day i just strutted around the market by his side . | 3(2)
young men modelled on a youthful marlon brando swaggering around their motorbikes . | 3(2)
that evening shannon steered well clear of dane , all but tiptoeing around him , determined not to land in any more confrontations . | 3(2)
but from now on underwriters will be able to take on risks in any sector and brokers will no longer be forced to traipse around the market to place different strands of business with individual underwriters . | 3(2)
rather unreasonably , i felt somewhat cheated for i had been the one to traipse around the town , forgetting all the preliminary work that others had done ! | 3(2)
cadbury schweppes fell 6p to 396p as 25 analysts trudged around its bourneville plant . | 3(2)
ten single decker buses currently in service in the county are just a few months away from their 20th birthdays and there are still three 1973-registered double deckers trundling around durham . | 3(2)
` i 'm in favour of a walk around some greenery myself , " he stated , and casually threw in , ` care to come ? " | 3(2)
he wandered crossly around the tree , kicking up dead needles . | 3(2)
having collected all the safety lines , we quickly motored around the to the other side of the iceberg . | 3(2)
tonight , as usual , 34-year-old tony doyle will be pedalling his bike around an indoor circuit in europe . | 3(2)
players skate around the ice with realistic momentum , ie you have to slow down to turn round . | 3(2)
then he came downstairs , darting glances around him to see the enemy before he could be captured again . | 3(2)
maria glanced around the room with her scared eyes . | 3(2)
` though i 'd be grateful if you could have a look around the vines to make sure there are n't any more . " | 3(2)
they stared around the room . | 3(2)
the inhabitants huddle around huge log fires in timber halls protected by massive stockades . | 3(2)
the people kneeling around her sighed all together , a breath of wonder that rippled through them . | 3(2)
perhaps he had visited the pirates during the night , when they were lying around their fire , full of rum . | 3(2)
it reminds me of days in the wolf cubs when we sat around akela and heard about mowgli . | 3(2)
the other pilots sprawled , bloated with food and squiffy with drink , around the table . | 3(2)
at the shop door they all stood around her , and she looked at them solemnly now and said , ` thank you so much . | 1(1)
tass still reported heavy fighting around bagram on march 8 . | 3(2)
he shrugged and draped a casual arm around hari 's shoulder . | 3(2)
he draped the towel around his shoulders and shook his head . | 5(4)
the skin around his neck is loose and his waist is thicker than it has ever been . | 5(4)
she sat in the chair , and josie slung a nylon barber 's gown around her . | 5(4)
he puts a scarf around his head to try to sleep . | 5(4)
a white line of fury around his mouth , he lifted the gold locket around her neck and , opening it with his thumbnail , thrust it before her eyes . | 5(4)
winters in steppes and prairies around caspian sea , and on w side of black sea ; more rarely along rivers in iraq and with flocks of other geese on the hungarian plains . | 3(2)
crossing into dutch timor next day , they moved over the dry coral rocks and through occasional dells of trees around clear springs before reaching a roman catholic mission church where the priests told them of sparrow force 's defeat . | 3(2)
he unbuttoned his shirt and the sun gleamed on the astrological medallion around his neck . | 1(1)
in 1969 a new unit was formally set up in edinburgh to study the geology of the continental shelf around scotland . | 3(2)
the road around the reservoir gives good views and woodland trails are always open . | 3(2)
a little bright relief on the autobahn around munich allowed the safrane v6 to show its paces . | 3(2)
a longterm shutdown , however , could force bp to ship its oil around cape horn . | 3(2)
kelly tied her laces around the back of her heel to combat loose shoes but ended up with a rubbed achilles tendon . | 3(2)
tie the ribbon around the orange . | 3(2)
tie some pretty ribbon around the parcel , ensuring that you leave the chosen area free . | 3(2)
then tie the rope around her wrists . | 5(4)
i did n't see anything except a man tying a rope around the large upper branch of a tree . | 3(2)
they both wore plain silk blouses , pearls and hermes scarves knotted loosely around their throats . | 3(2)
sikes quickly tied the rope around the chimney , then began to tie the other end around himself , ready to lower himself to the ground behind the house . | 3(2)
tragically the rope tied around mrs love 's ankle slipped from her husband 's grasp and she fell to her death . | 3(2)
joe fastened the wet flannel around her ankle again . | 1(1)
quickly i fastened my veil around my face . | 5(4)
in a brief space of time , she had scattered offspring around the country and omitted to let any of them know each other . | 3(2)
his tongue shot out continually , dumping saliva on his lips , which barely had time to spread it around their shiny surfaces before the next load arrived . | 3(2)
he twirled his paint gun around one gloved finger . | 3(2)
rotate the cutter once around the pipe and tighten the wheel a little more . | 3(2)
in contrast , female clownfish lay their eggs around sea anemones which they subsequently help to defend . | 3(2)
her life at remaisnil in the first years had no routine ; she continued to travel regularly around europe overseeing shops as well as production in helmond . | 3(2)
we hope that you will then be able to travel around wales to see some of the issues with which we are concerned over the following two days . | 3(2)
talk flowed freely around the table . | 3(2)
the acid rain was splashing around my feet , rapidly dissolving my boots . | 3(2)
as marian and allen were taking in this scene one of the attackers slipped to one side and sidled around the tree towards the friar 's unprotected flank . | 3(2)
gimmelmann blinked around the table , nodding greetings to richard and penny . | 3(2)
the bat flapped around his misshapen hat and took off into the dark . | 3(2)
` did n't she see the cord around my neck ? " | 5(4)
but romanov only continued to tighten the chain around her throat until anna 's face began to turn red as it filled with blood . | 5(4)
the great beast lumbered to his feet , straining at the chain around its neck . | 3(2)
she flung her arms around him . | 5(4)
the two skaven heads will bite anyone who opens the doors ( ws +20 for this ) ; they can also detach themselves from the doors , flying around the coach-house and attacking anyone they find . | 3(2)
` search for what , since you 're not after all the heroin , or whatever i 'm supposed to have been ferrying around the islands for a week ? " | 3(2)
packer and sheehy were both taxiing around sydney airport in their respective corporate jets on tuesday when they accidentally collided . | 3(2)
` we were fooling around ? then we drove right around the corner to my hotel room . | 3(2)
as they drove around the perimeter , he said , ` we began with a trip-wire rigged up to sentries in the cockpits , but our engineering officer dreamed up an improvement . " | 3(2)
it was like driving the machines around an invisible wall of death lambert found that he could look across the circle and see right inside the german pilot 's cockpit . | 3(2)
the granada drove past , disappearing around a corner . | 3(2)
we needed a gofer to drive ` minimag " around the country and i asked if anyone could drive articulated lorries . | 3(2)
and driving a car around the centre is an exercise in frustration at the best of times . | 3(2)
subjects drove the car once around the route shown in figure 3.1 . | 3(2)
now 26 , she spent many years after college hitchhiking around the world , drifting through the punk scene in san francisco to demonstrations in dallas , squats in amsterdam and the women 's peace camp in cosmo , italy , before a british producer recognised her itinerant musical talent and signed her up with the bestselling texas campfire tapes lp . | 3(2)
there was general commotion as the tension ebbed , congratulations and condolences were exchanged , and one member leaned around the door to give the highlights to the anxious press . | 3(2)
kate flung her arms around him and wept for joy . | 5(4)
she toyed with it with her fork , pushing it slowly around the plate , swirling it into patterns . | 3(2)
the bear scarcely repaid the compliment but sat on his hindquarters , hungrily stuffing his great muzzle from a pile of scraps thrown around him . | 3(2)
the old chorus of ` dalglish , dalglish " reverberated around the ground , which was bursting at its seams with a crowd of 43,668 . | 3(2)
` it 's a bit noisy , " said someone from lotus as the booming voices from microsoft and borland reverberated around the hall . | 3(2)
sharp taps on the door suddenly reverberated around the flat . | 3(2)
her voice reverberated around the classroom . | 3(2)
when he was a young fighter , a doctor had to chase him around a desk to give him a shot , and chaotic mobility to him is at least as important as breathing . | 3(2)
i have to tell you that a woman is following me around new york . | 3(2)
he had guided her expertly around the monuments of greece and italy , the summer after the baby . | 3(2)
we do n't actually guide visitors around the reserve , rather leave them to their own devices having informed them about what they 're likely to see and drawn their attention to some safety aspects . | 3(2)
paisley about faced and led the parade around the block so that it now came upon fisherwick place from the west . | 3(2)
the figure was retreating around a corner . | 3(2)
watching the turks spray it around the park against our implacable foes , the english recently , the mystery deepened as to how we managed to knock in five goals against them at lansdowne road . | 3(2)
he hired voluptuous , glowing rugs , and strewed them around the building as though sowing corn . | 3(2)
she stumbled away , one hand at her eyes , and vanished around the side of the hotel . | 3(2)
as i opened the door , a white streak flashed past my ankles and vanished around the first turn of the spiral . | 3(2)
