He laid the sawn-off shotgun on the sofa beside her . | 1(1)
Mary began to laugh as she danced along beside him . | 1(1)
As he hopped along beside her , she hopped and sang too , to show him that she was his friend . | 1(1)
Stepson , a short-haired cat of some unaccountable breed , jumps up beside me on the seat . | 1(1)
Tail wagging his thanks , he took the handle of the basket in his mouth and padded happily along beside Angela . | 1(1)
Dr Ali was scurrying along beside him and from time to time glaring down the line of boys . | 1(1)
Annie trotted obediently beside her , chanting to herself , ` Wanta-wee wanta-wee wanta-wee , " in a sing-song voice . | 1(1)
Many different species with such structures swam in the lagoons beside the Gogo reefs , together with other more antiquated kinds . | 1(1)
The pavement beside Alen Glen 's was smashed and a Corporation junction box that had stood outside Jackson 's Dog House in Dundas Street lay up a close . | 1(1)
Corbett went and knelt beside the man . | 1(1)
Philip knelt down beside him . | 1(1)
He knelt down beside the dog , staring into her face in the meagre light from the outer stairway . | 1(1)
I picked up the bottle beside me and took another long swig . | 1(1)
They moved on again with the river coursing slowly in the growing light beside them and the birds darting out in front of their horses ' knees . | 1(1)
Jenna looked across towards the barn and then flung herself back beside him to lie watching the clouds scudding across the blue sky . | 1(1)
Pringle looked up at Alan Markby stooping down beside him . | 1(1)
It was a command , not a suggestion , and , though she resented being ordered about , she crossed and knelt beside him . | 1(1)
I wept a little as I climbed the creaky stairs , and when I got into the attic I knelt down beside the bed , put my hands together and prayed . | 1(1)
He knelt down beside her chair . | 1(1)
Lily knelt down on the pavement beside her husband again . | 1(1)
He knelt down beside her , his touch bringing a fresh whimper of fear . | 1(1)
They also lay down beside him and pressed their bodies against his to heat him . | 1(1)
He put his coat over her , and lay down beside her . | 1(1)
Jeremy switches off the light , lies down beside her . | 1(1)
` Tess ! " said d'Urberville , and lay down beside her . | 1(1)
He sat beside her , close enough for her to feel the heat from his body . | 1(1)
He seated himself at one end , and Emily sat beside him . | 1(1)
Frenzied with distress , Hazel leapt out of the gap and squatted beside him . | 1(1)
She knelt up beside him and looked down at his body , a satisfied smile on her face . | 1(1)
