the barman craned his head across the counter . | 1(1)
they sprawled across the padded benches before him with the somewhat jaded air of men who expected to hear nothing new . | 1(1)
i catapulted the tiny beasts across the creek and into the mud on the far side so that i could have funerals . | 1(1)
cornelius dragged his suitcase across the deserted concourse of the grand victorian station . | 1(1)
working dogs -- even those dragging sledges across the snow for days on end -- should not look like hat stands . | 1(1)
she picked a saucepan off the cooker and raised it high , as if she might fling it across the kitchen like a hatchet . | 1(1)
he pushed a list across the counter . | 1(1)
undeterred by an evasive reply , he told me he could even provide a reliable guide who would conduct me across the border . | 1(1)
as he was conducting them across the dozen or so yards , the archimandrite appeared to touch miss fergusson 's elbow by way of courteous but strictly unnecessary guidance . | 1(1)
they followed the sister across a lawn and into a small chapel built , like the rest of the hospital , out of crumbling red brick . | 2(2)
` who is he ? " asked the captain as they followed the brigadier across a wet field . | 1(1)
up to 20,000 supporters are expected to follow their favourites across the atlantic for the finals . | 1(1)
` right , this way , jimmy , " said mr gibbs , and jimmy went down the steps and followed him across the clearing . | 1(1)
he took weir 's arm and led him across the courtyard . | 1(1)
the three explorers set off beside the brook , while hazel led the other rabbits across the field and up to the edge of the woodland . | 1(1)
he looked surprised at her request for a word in private , but readily agreed and led her across the hotel reception hall , out through a door at the rear of the building and into the garden . | 1(1)
remember your bible , when moses led his tribes across the red sea . | 1(1)
but there 's an italian officer called di marco who led expeditions across the sahara before the war- " | 1(1)
he built roads , civilized the people and departed across the sea on a magic ` raft of serpents " . | 1(1)
but pippin escaped , returned to aquitaine , and forced louis to withdraw across the loire " in less dignified fashion than was suitable " , taking charles with him . | 1(1)
chugging across the dark river with these two fellers in the outboard , i relax with them . | 1(1)
he caught her towards him and kissed her until she was breathless , and even in her daze she heard candace 's high heels clicking angrily across the back of the hall . | 1(1)
gaggia machines burbled on marble bars , new secretaries clicked across polished floors , uniformed valets twirled glass doors . | 1(1)
i did n't see the great walled city of chanchen , only the mist and rain , the blur of the headlights and the windscreen wipers clicking endlessly across my vision . | 1(1)
the seas were hot , volcanoes spouted ash and lava , and electrical storms crackled across the skies . | 1(1)
the car ahead of them squealed to a halt , crashed backwards across the road into a stone wall , and came to an abrupt stop . | 1(1)
she heard her mother 's slippers crunching across the sugar-strewn floor . | 1(1)
on one occasion a furious blizzard howled across a landscape illuminated by a sunset of bloodshot gold . | 1(1)
i squelched across tiny burns running in black channels of peat , and stood looking down from the hillside on to the grey roofs of scaup farm . | 1(1)
torrential rain put a damper on the event , sending bedraggled guests squelching across lawns to seek shelter . | 1(1)
sensations rushed in : the cries of the traders in the street below them mixed with the screams of the swallows that swished low across the roofs ; the dark aroma of the strong coffee mingled with the fresh smell of the bread . | 1(1)
when the beachmaster is angered by a serious challenge , he thunders across the sand , humping and heaving his huge body with surprising speed and taking no notice whatever of what lies in his way . | 1(1)
he said -- ` from stettin in the baltic to trieste in the adriatic , an iron curtain had descended across the continent of europe " . | 1(1)
within 2.5km ( 1+ miles ) the road forks and the right-hand branch dips across a hollow towards schwendi ; but continue forward , climbing on the left-hand ( main ) road which ascends towards goldiwil at a higher level with even more rewarding views . | 1(1)
growing thirstier and hungrier and wearier and unhappier , as the blistering sun edged across the sky . | 1(1)
she stood still on the track , and , as she stared up at him , the shaft of moonlight slanting across her , her face betrayed surprise as she exclaimed , ` silas -- you amaze me . | 1(1)
shadows cast by the open door slanted across the strong lines of nose and jaw , softening the hard line of his mouth . | 1(1)
the light slanted across her skin in such a way the tiny blonde hairs showed like fair fluff . | 1(1)
he turned and made a few fast strokes in pursuit , and swam into a current of colder water that snaked across the bay and washed round him . | 1(1)
hoses snaked across the floor from the freighters to the tanks , while cables stretched out from blocky generators like the arms of octopi . | 1(1)
it veered out of control , swerved across the road and crashed into a shop front . | 1(1)
in the paddleboat we start right and weave a stylish course across the left of the rapid , dodging the holes . | 1(1)
herr nordern wove unsteadily across the living-room into the bathroom and plunged his face into cold water . | 1(1)
they wove across the metallic dunes , submerging themselves like roots , surfacing again , twitching , throbbing sluggishly . | 1(1)
to produce the low scarps which wind across the mercurian surface the radius of mercury need only have decreased by a few tenths of a percent . | 1(1)
he backed across the room keeping pieces of furniture between himself and the three of us . | 1(1)
a flicker of movement to the left caught his eye and abruptly he was braking as a deer bounded across the narrow road . | 1(1)
as we clambered across the rubble towards him , our 12-year-old boy in 1976 knew that the nearest tank was only 300 yards away . | 1(1)
she came crawling across the pitch-black floor , the scuff of her knees completely muffled by the clatter of raindrops . | 1(1)
dark heavy clouds were crawling across the sky , blotting out the stars . | 1(1)
slipping off the bed she crept across her room , opening the door as silently as possible . | 1(1)
she crept softly across the room to the piano and touched the keys , although without applying any pressure . | 1(1)
she laughed out loud , almost danced across the paved floor of the courtyard . | 1(1)
he tried to knock some aside but they clung to his fingers and a spider danced across his knuckles and disappeared up his sleeve . | 1(1)
stones danced across the road , bouncing like heavy rain . | 1(1)
birds dart across the road , shoulders hunched into the sea wind . | 1(1)
he dashed across the garden and pounced upon the garden gate , pressing the latch with his big feet . | 1(1)
` i know , " he whispered , and a smile flitted across the devastatingly handsome cast of his face . | 1(1)
but it was one of the twins , in fluffy pyjamas , who flitted across the landing like a moth , eyes half-shut under the electric light . | 1(1)
they can be observed flitting across the pit as they attempt to swim , with the parent picking them up and spitting them back into the quivering mass . | 1(1)
what with the jug of red snappers that fielding had prepared , i was feeling no pain when the first candidate came flouncing across the floor . | 1(1)
so the question of her taking a five-mile hike across what in parts was sometimes rough terrain would never have occurred . | 1(1)
she hopped across the lane and the ditch , and entered the woods . | 1(1)
she hurried across the bridge and down the path , then climbed the wooden steps up on to the terrace . | 1(1)
she vaulted over a boulder and started to jog across the plateau . | 1(1)
with a grunt of exasperation , henry leapt across the room and into the yard , crossing the space between kitchen and dining room until he reached the stables . | 1(1)
corbett thought it was mere drunken bravado when one of them lunged across the table and uproar ensued as food , cups and flagons of wine and ale were sent sprawling . | 1(1)
he lunged across the table ( so much for forced calmness ) , his hands reaching round the back of her neck to pull her towards him . | 1(1)
one night they almost snapped an axle when jed 's eyes fell shut and the car left the highway and began to lurch across dry yellow grass . | 1(1)
he saluted again and marched across the yard to his car . | 1(1)
i watched thursday mince across the hall to her desk . | 1(1)
henry stood up and padded across the thick carpet to the window . | 1(1)
neville rose from his seat and padded across the threadbare carpet to the whisky optic . | 1(1)
masklin got up and padded across the metal floor to the door . | 1(1)
then , before anyone could stop her , doreen rushed across the kitchen to slap lucy 's face and pound viciously at her head with closed fists . | 1(1)
water rushed across the road to the nile hotel , carrying scorpions and reptiles into the drowning rooms . | 1(1)
` nice cows , " he said , watching two stately ruminants sashay through the long grass across the river and sway lazily down to drink . | 1(1)
pedestrians scampered blindly across the road to catch waiting buses , the cars jerked ahead a few yards every time the traffic lights turned to green . | 1(1)
others had scrambled across the field , dodging shellbursts , and had taken off only to forget where they were supposed to be going . | 1(1)
ahead of him , the tail-end stragglers of the daily rush hour traffic scurried across westminster bridge . | 1(1)
quick kiss on the cheek for lucy and frieda , watch their skinny legs scuttle across the yard and in through the corrugated iron hut 's battered doors . | 1(1)
she shuffled across the kitchen to the sink . | 1(1)
old men shuffle across the tiles to be greeted with ` good afternoon , milord " , by tailcoated attendants . | 1(1)
maura 's eyes lit up and she skipped across the road to meet him . | 1(1)
glancing up the american boy saw a peasant pole-carrier , who had skipped across the road close in front of the citron , grinning triumphantly from a roadside ditch . | 1(1)
still , there was safety in numbers , even sparse ones , so she skipped smartly across the street , shortening her stride to keep pace with the woman 's slower one . | 1(1)
as he slithers across the mud i gain on him . | 1(1)
hundreds of them suddenly erupt from a tiny hole in the sand and start sprinting across the dune looking for the bodies of insects that may have collapsed from heat stress . | 1(1)
` this is difficult , very difficult , " said one bosnian soldier as he crouched in a trench about to sprint across open ground under the sights of serb gunners . | 1(1)
sprinting across it , he reached a particularly thick-trunked tree at the farther edge . | 1(1)
he got up and stole across the grass . | 1(1)
long steps across the width of the pool invite a grinning entrance into the waters . | 1(1)
this transition can be accomplished in 29 branchings , which we may naively think of as a stately walk of 29 steps across genetic space . | 1(1)
` where 's your car ? " she asked in sudden alarm , as he lurched to his feet and took a couple of unsteady steps across the kitchen . | 1(1)
we go outside , stepping across the driveway to the garage . | 1(1)
you can step across the fording on the rocks . " | 1(1)
i was feeling pretty angry with her as i stomped across that big field , but when i reached her my heart just melted . | 1(1)
guido dropped her cases and strode across the tiled floor . | 1(1)
and westerners , though many enjoy east berlin 's theatres and museums , seldom feel inclined to take a stroll across the concrete acres of alexanderplatz . | 1(1)
it would be pleasant on this cold sharp morning to stroll across the fields and listen to the bells . | 1(1)
perhaps after a cold swim across the channel , as your own personal adventure begins to unfold , you too will begin to understand . | 1(1)
i slipped off my heels and tiptoed across the room . | 1(1)
` not very gallant , " lefevre pointed out , ` to make her traipse across the road in this weather . | 1(1)
they go round and round , and begin to vibrate frighteningly , so that the whole washing-machine starts to tramp across the kitchen floor , in a growing flood of hot soapy water | 1(1)
norwegian explorer erling kagge , 29 , aiming to become the first person to walk alone to the south pole , left oslo yesterday after piling on 18lbs of fat with huge meals to give him energy resources for his two months on the ice trekking 814 miles across the antarctica . | 1(1)
i heard her trip across the floor and the door closed behind her . | 1(1)
a freezing weekend in devon was spent trudging across frost-flecked moors . | 1(1)
he leapt up from his bench and waddled across the foredeck like an enormous goose . | 1(1)
a walk across the moor to the north from this point soon arrives at an area of limestone pierced by the many shafts of tailbrigg pots . | 1(1)
even a twenty minute walk across the park , and a sandwich in the fresh air , is an effective way of using time productively . | 1(1)
twice in morocco he was arrested and interrogated as a spy by the french foreign legion who refused to believe that anyone would spend their holidays cycling across the desert in temperatures of 48 " c. | 1(1)
martin , who 's 25 , and a colleague , trevor nott aimed to cycle across the himalayas and they succeeded . | 1(1)
three outdoor enthusiasts have walked and cycled across the pennines and through europe to istanbul in an effort to promote the proposed trans-pennine way and send greetings of goodwill from 30 local authorities to european mayors . | 1(1)
edward paddled across the river to the highway , hitched a ride into town and bought back beer . | 1(1)
hundreds of people will be pedalling across county down next month in a world wide fund for nature sponsored bike ride . | 1(1)
stefan darted a suspicious glance across the table at him . | 1(1)
he flicked a glance across his shoulder . | 1(1)
a look across the irish sea finds stephen dedalus defining a particular sort of foreignness in a portrait of the artist as a young man when he meets an english priest and reflects that : | 1(1)
the man picked up a small portmanteau that had been hidden in shadow by the rail , and with one last sweeping look across the quay , climbed on to the gangplank . | 1(1)
we stood staring across the icy water at the mist-shrouded island . | 1(1)
he knelt beside her and she saw concern flash across his features . | 1(1)
the church was founded to guard the romanesque bridge across the vltava , chains being placed across the route . | 1(1)
jewel-bright windows , veiled in lead , gaze on slender arched bridges across the cam . | 1(1)
trafalgar house plc is constructing a bridge across the river thames above the dartford tunnels , which it runs , using the tolls to pay for the bridge . | 1(1)
it was a farm track , little more than a rough pathway across the fields . | 1(1)
we described stratification earlier as a stable structure of inequality between groups which persist across generations . | 1(1)
he scattered the letters across his desk . | 1(1)
thousands of indian peasants fled across the border to mexico . | 1(1)
he passed a nice new five-pound note across the counter . | 1(1)
when he travelled across america it was not so much the places as the travelling which found its way into his pictures . | 1(1)
by 1907 , she was the madam of the most luxurious of the dublin brothels , and she had travelled extensively across europe . | 1(1)
once there they would journey across belgium and drive ` sedately " on far into germany where they would rest overnight . | 1(1)
these provisions were not barter for friendly natives but food for her mammoth journey across europe , russia , siberia and manchuria . | 1(1)
she 'd hated the submarine journey across the north sea , especially as she was a bit claustrophobic , but stepping over the side into that ridiculous little rubber boat was terrifying . | 1(1)
the drizzle fell steadily , dribbling across the pock-marked tarmac , forcing forlorn figures at bus-stops to huddle together even closer under the shelters . | 1(1)
i remember one day she slapped me across the jaw . | 1(1)
elsie had wept for kind mrs doran and for her husband , that strange , silent , sympathetic man , lifting his feet cautiously as he sidled across the polished floor . | 1(1)
a radioactive cloud that drifted across britain after a fire at the windscale nuclear factory in cumbria in 1957 may have killed hundreds of people . | 1(1)
the rain was still drifting across the distant mountain range when they left the hotel , blurring their outlines , obscuring the lough . | 1(1)
laughter drifted across the water as the long , high-sided boat made its way out across the lake , the lanterns swinging gently on either side . | 1(1)
withel stormed across the floor , his face a mask of rage . | 1(1)
his distinguishing marks were a duelling scar across his hand , and also a deformed thumb that had been broken and badly reset ; it gave the impression of a parrot 's bill . | 1(1)
he had surprisingly fine hands , long , slender and strong , but there were tell-tale scars across the knuckles , pale against the tanned skin . | 1(1)
a local man offers to ferry me across the fjord and i am soon on the way to holt . | 1(1)
billy could easily have ferried her across the river in his boat , as he had done many times before . | 1(1)
jetting across the atlantic , after two years in america , she had looked forward to seeing her home town from the air , to retracing toy-sized , familiar landmarks , to marvelling at new unfamiliar ones . | 1(1)
an hour later , taxiing across the glimmering surface of the lake , the floatplane approached the jetty . | 1(1)
her torch flickered across the wall and she switched it off , holding her breath in case someone had noticed the distant gleam of light . | 1(1)
lie across the bench with the dumb-bell overhead and the elbows slightly bent . | 1(1)
she leaned across the desk . | 1(1)
the door shot open , knocking bill from his feet and sending him sprawling across the sidewalk . | 1(1)
