finally , on a bright sunny morning , our train chugged along the wide expanse of the fraser river and vancouver inlet to that great city itself . | 1(1)
she scarcely saw the streets of swansea as the coach clattered along the cobbles , scattering a flurry of chickens that had been pecking at a fallen crust of bread . | 1(1)
she noticed that the horses drawing the ` olde " cabs were not all that well cared for , and several clinked along with loose shoes . | 1(1)
i was n't sure it was a girl , at first , what with the shapeless and grimly robe she wore -- ankle-length , made of coarse brown cloth -- and the heavy oversized boots in which she was clumping along . | 1(1)
it pounded the soft earth and gurgled along the gutters to splash with relentless monotony into the tub outside the back door . | 1(1)
the little boy pattered along beside me , looking up and smiling . | 1(1)
she squelched along in the muddy ruts left by the cattle , avoiding other more unpleasant tokens of their passage . | 1(1)
balerno is the terminus of the chain of villages linked by the river valley which skirts along the northern slopes of the pentland hills . | 1(1)
thick pipes sprouted from several places in the range , some disappearing through holes in the ceiling , others through the floor , while one snaked along the skirting board before vanishing through a door . | 1(1)
you weave uncertainly along the road at first , but soon you pick up speed and rush smoothly forward , and your heart leaps with joy at the mastery of the thing . | 1(1)
the white road lines weave minutely along , being eaten by car rubber . | 1(1)
dexter had been stationed in brixton several years before and he inhaled the familiar atmosphere as he wound along coldharbour lane towards peckham : the dilapidated shops selling second-hand furniture and televisions , the handsome couple posing against a car as though for a fashion magazine , the parked cars tumbling over the pavement . | 1(1)
we wound sedately along the narrow , grass-verged roads of ` the oval " council estate and glided through the town centre and five miles beyond , before reaching ringinglow road -- long , isolated and roman straight -- and putting the car through its paces . | 1(1)
cut into the sultry gold of his skin she saw a thin white line which zigzagged down from beside his eye , along his cheekbone , to his jaw . | 1(1)
he leant his arm along the top of the car door , letting his eyes rest on her face for one moment that felt like half a lifetime to her . | 1(1)
leaving two of the men in the bows to receive the cargo , he positioned two more along the windward side deck . | 1(1)
kalchu cut and stripped two stalks of maize for h and l bah and as they ambled along they chewed them like sugar-cane . | 1(1)
the men were ambling along , stopping every now and then for rests , biding time until their turn came round . | 1(1)
in penance she turned her head towards the open window , searching the small groups of people who ambled along the path for a familiar face . | 1(1)
i saluted then watched him as he barged along the corridor and out of the front door . | 1(1)
some shuffle and bustle along , with stiff , tense movements , head poking forward . | 1(1)
lord beddington clomped along in silence . | 1(1)
follow that blob , henry thought glumly as the bus crawled along jubilee road towards fir grove . | 1(1)
all the traffic on the road was also crawling along . | 1(1)
he crawled along the branch until he reached the nearest flower . | 1(1)
what is the taj mahal or the golden gate bridge to a living force with arteries so huge a child could crawl along them ? | 1(1)
a cough and a murmur comes through from jancey 's , and a lone car crawls along the road . | 1(1)
the wolf crawled along on a stomach , that would soon be digesting some meat | 1(1)
it was very easy to imagine eyes peering from the gloom , or strange beings creeping along the path behind them . | 1(1)
slowly , step by step , she crept along the terrace until she stood there , looking in . | 1(1)
then they both creep along the pavement , onto the concrete path , up the concrete stairs to the waiting concrete flat . | 1(1)
much later , nevin , geed up by his goal , danced past two tackles along the byline and pulled back a cross which aldridge just failed to reach . | 1(1)
mary began to laugh as she danced along beside him . | 1(1)
characteristic flight patterns include : quick dash along a hedgerow , up and over to pounce on prey ; fast low flight through wood or across open ground ; soaring , often in a circular glide with intermittent spasms of three or four wing-flaps ; also a gannet-like downward plummet with closed wings . | 1(1)
people were dashing along the roads in their night attire having just thrown on coats , my father went off first , next my mother and my aunt gertrude who lived with us . | 1(1)
then we left , through the old city gates , skirting its wall as we hastened along alleyways and runnels down to the river quayside at east watergate . | 1(1)
the surrounding countryside is quite lovely and you can take a pleasant amble along the river or a more challenging hike along the south downs way , which passes nearby . | 1(1)
one of the most challenging walks is the ridge trek , a strenuous hike leading up to and along the ridge of the kincardine hills on the northern edge of the forest park . | 1(1)
i hike along the shore with his sister , megan , to examine what pete describes as ` the most impressive runnable stretch of white water i 've ever seen " . | 1(1)
mr. waddicar was hobbling along the corridor . | 1(1)
the common toad hops clumsily along and is incapable of making a sudden dart for cover . | 1(1)
he turned and went out and hurried along baker street as fast as his game leg would allow . | 1(1)
revived by the proximity of his goal , charles hurried painfully onwards along the road to the familiar white gates . | 1(1)
the verderers hurried along the forest path and took little notice of marian . | 1(1)
so she stopped off at her floor and hurried along to her room . | 1(1)
both richard and rob seem to be jogging along quite nicely . | 1(1)
our fiacre jogged slowly along , slowed by the press of horse and motor traffic taking people back to their hotels for the evening . | 1(1)
forcing herself to put her weight evenly on both legs peach limped very slowly along the path that led around the headland . | 1(1)
invariably jet-black and headless ( though sometimes having the heads of human beings ) black dogs have been reported for centuries as loping along lanes by ancient churchyards . | 1(1)
keeping the perimeter fence a few yards away on his left , angel one loped silently along until he reached its north-western limit . | 1(1)
then henry , loping along with tashie and joyce , brought champagne . | 1(1)
an eleven foot rod may be too long in many instances and these are not the venues to lumber along loaded to the gunnels with tackle and bait . | 1(1)
the sing-song lumbered along for a little while but it appears that the ` ball of kirriemuir " has been removed from the examination syllabus . | 1(1)
by the time they were lurching slowly along the cart track the wind had dropped , letting the clouds gather . | 1(1)
the trunchbull began a slow march along the rows of desks inspecting the hands . | 1(1)
the uniforms were greeted with applause as nine models , including three blacks , marched along the podium . | 1(1)
oliver marched grimly along behind her . | 1(1)
he began to pace silently along the bridge . | 1(1)
a lone cat was padding almost invisibly along in the lee of a low wall . | 1(1)
dinosaurs , too , walked on tip-toe ( i.e. they are known by paleontologists as being digitigrade ) whereas sprawlers pad along on their soles . | 1(1)
tail wagging his thanks , he took the handle of the basket in his mouth and padded happily along beside angela . | 1(1)
of course the horse named bess , which i was given had a mind of its own , since it would always be eating and when it was not it only plodded along . | 1(1)
i go to the gym in spite of myself , puffing and plodding along . | 1(1)
tabitha pranced slowly along the hallway . | 1(1)
he almost pranced along the passage with his pet and i hoped fervently that i would not see them in there again . | 1(1)
one of them , zowina , later remembered her fright when she encountered the strange red-haired man with the square forehead prowling along a dark passage at night . | 1(1)
and the ship , meanwhile , rushed relentlessly along its interrupted course to vadinamia . | 1(1)
the idea burst into her mind , a sudden radiant solution , that she could rush along to the pet shop at lunchtime and apologize , ask him to forgive her and make everything all right . | 1(1)
at the state-run peco garages , blue-jeaned secret policemen saunter along the lines of dacias , checking who is playing truant from work . | 1(1)
urquhart sauntered along thoughtfully for a moment , stopped and turned to face her . | 1(1)
i sauntered along to the control area , trying to be at ease . | 1(1)
test conditions have included a scramble along glencoe 's aonach eagach ridge and a two-day back pack in sweltering heat . | 1(1)
she scrambled along on leftover momentum , using her hands and knees more than her feet . | 1(1)
leaves danced curlicues on the pavement as the wind ripped them from the plane trees and sent them scurrying along the ground . | 1(1)
circles , straight lines and zig-zags can be chalked or painted on to a hard surface for children to walk , run , jump or skip along . | 1(1)
the two girls died when the car ploughed into them from behind as they skipped along a pavement . | 1(1)
she skipped along and into the wood at the end of the gardens . | 1(1)
` who is that young man ? " she asked peach , who was skipping along at her side . | 1(1)
ruth smiled at her son who skipped along beside them , swinging on connor 's hand , while ruth pushed the new baby in her shiny new perambulator . | 1(1)
skulk along the shore and feed off others " carrion . | 1(1)
she slithered along the muddy ruts of the overgrown lane . | 1(1)
we trudge the shingle banks , or slip and slither our way along muddy sea walls , or negotiate sand dunes , or sea-watch for ` fly-bys " from tall cliffs . | 1(1)
ninety per cent of them just slog along with their heads down , following the established line and being intellectual conformists because it 's the easiest way to win peer approval . | 1(1)
i pulled up my coat collar and sprinted along the platform and into the shelter of the waiting room . | 1(1)
he sprinted along the bank and plunged into the freezing chest-deep water as the 15-month-old boy floated quickly away , face down . | 1(1)
she staggered along towards the aisle , stumbling over handbags and coats , the spectators rising and falling in a wave as she passed . | 1(1)
he stamped off along the tunnel . | 1(1)
this for them is just one step along the way . | 1(1)
still very shaken , steve thomas retraces his steps along county road in swindon . | 1(1)
she stepped along quickly but quite gracefully . | 1(1)
as i strode along , glaring at the ground , hating everything , i thought : i 'm not dealing with this matter a moment too soon . | 1(1)
towards hammersmith was the river and its pubs , full of hollering middle-class voices ; and there were the secluded gardens which fringed the river along lower mall and the shaded stroll along the towpath to barnes . | 1(1)
he took them for a stroll along the banks of the stream . | 1(1)
alfred had inveigled beatrice to take a stroll along the pier to gaze at the stars ; he was in exalted mood , and felt daring enough to ask her for her answer . | 1(1)
she did her best to make light of it , describing in detail the dinner they had eaten , and only hesitated a little when it came to the stroll along the promenade . | 1(1)
today , no-one bats an eyelid as he takes a stroll along the ley-lines of wiltshire . | 1(1)
side by side : the lovers stroll along a country path , facing the future , just happy to be together | 1(1)
he turned and caught her looking at him as they strolled idly along by the whispering dark mediterranean , and impulsively he stopped and pulled her into his arms for a quick hard hug . | 1(1)
down the road , three guys strut along dressed in full clockwise orange gear -- white long johns , jock straps , black bowlers and canes . | 1(1)
as they strutted along to marvin gaye 's motown smash hit i heard it through the grapevine , these wrinkled little fellows captured the hearts of american youngsters . | 1(1)
the flimsy canvas-sided boat sank , leaving graham hayes to swim along the coast . | 1(1)
no doubt tonight , thought lily , there will be tiptoeing along the corridors . | 1(1)
he flicked her a sideways glance , his mouth a thin line that sent fear tiptoeing along her spine . | 1(1)
piper toddled along , holding the clown 's hand . | 1(1)
after my talk with marcia i had tramped along the trails listening to imaginary advice from a weave of voices , the same ones i had silently and joyfully addressed at machu picchu . | 1(1)
more folk tramp along the sandy track with their paraphernalia . | 1(1)
they tramped along t o ballechin among the ferns and sheltering oaks , smelling the cheesey smell of cows among the mist . | 1(1)
on grafton street in november we tripped lightly along the ledge | 1(1)
he trotted along the path to the footbridge , crossed it and raced out onto water meadow . | 1(1)
outside it had turned dark and rather cold as ranulf trotted along , following the curtain wall to the porter 's lodge near the gate . | 1(1)
all the while long lines of lorries trundled along the streets as if it was 1945 and the retreating wehrmacht only a couple of miles away . | 1(1)
chewing on her lower lip , she trundled after him along a flagged passageway and up an ornate wooden staircase . | 1(1)
in flew the ducks , crash-landing , splash ! -- up-ending , tail wagging , bill-dipping , wing-flapping , dabbling , diving , quacking , gobbling , waddling along the edge . | 1(1)
as i stood on the walkway , the water level reached above my knees , and i waded along beside the wall in the direction of the lower door and the river . | 1(1)
i even canoed and walked along the route taken by david livingstone . " | 1(1)
even now , cycling idly along the lanes in the lee of the downs , it is possible to speculate about such things in a whimsical sort of way ; a rare tranquility which pervades everything brings about that state of mind . | 1(1)
as they cycled along side by side , deirdre put a comradely hand on jacob 's shoulder , as if to deny any accusation in her words . | 1(1)
it was warm and sunny , and for a brief time , as she cycled along to the nearest shops , she almost forgot what was to come that day . | 1(1)
a few moments before sundown i extricated wavebreaker 's folding bicycle from the big locker on the boat 's after swim , forced the rusting hinges open , then pedalled along midshipman road to the glittering block of apartments where our esteemed boss lived . | 1(1)
" i suppose we 'd better start having a look along the banks soon , although i must say i 'm in no particular hurry . | 1(1)
she looked along the river to where wynne-jones 's fire burned . | 1(1)
i peep along the corridor : no one again . | 1(1)
felix spied along the length of his leg at the sock . | 1(1)
culley 's teeth ached slightly along the line of the gum ; he imagined he could feel the air trickling through his lungs like snow-melt in a delta . | 1(1)
` should jamie and i camp along to the pub and keep watch ? | 1(1)
an even bigger question mark hangs over the proposed channel tunnel railway between st pancras station and the coast , given the enormous controversy the project has already raised among dwellers along the various routes proposed . | 1(1)
she lifted her hand to her immaculate hair , causing the many bracelets along her wasted arm to clank and clatter like old dustbin lids . | 1(1)
alternately press and release pressure with palms , gradually wriggling the hands fairly vigorously along the muscles . | 1(1)
merchants carried diamonds from india along trade routes through the middle east . | 1(1)
they were swarming in an endless moving blanket along every surface inside the shuttle . | 1(1)
as we travel south-west along the main road to poltava , the feeling of being under secure bolshevik rule recedes . | 1(1)
they steal a schooner and embark on a voyage through the caribbean and along the central american coast , terrified of retribution but indulging in the comfort of increasingly fantastic plans for a luxurious future . | 1(1)
after the wildflowers blossomed in march , they journeyed south along the lush wallowa valley to gather wild roots like kouse and camas . | 1(1)
there was a car moving along the promenade towards them , on dipped headlights . | 1(1)
jessie sidled along by the racks to the door leading to the passage and the stairs . | 1(1)
the little cornish fishing village of polperro is one of the many picturesque sights encountered on a trip along the southern coastline of the country . | 1(1)
for visitors interested in making the journey to bauen by private transport the route could be combined with a trip from brunnen along the axenstrasse to fluelen and altdorf . | 1(1)
she gave a tiny strangled gasp and shuddered , feeling the waves of shock coursing along her veins . | 1(1)
men crawled over the area like ants over an anthill , and several small handcarts rolled along here and there . | 1(1)
she rolled along the carpet , hampered by her long dressing-gown , and then arms like steel tentacles caught her again . | 1(1)
now and then a door slammed , sending metallic echoes rolling along the corridors . | 1(1)
soon we were off , heading northward , along the coastal road . | 1(1)
the rain came as i reached the drive of the hotel , set amongst trees , and i ventured along it in search of shelter . | 1(1)
the traffic was too heavy for her to go to the driver 's side and she stormed along the pavement to the offending car and opened the passenger door . | 1(1)
the nawab was sprawled next to her on the pearlgrey upholstery , one lag laid over the other , his arm flung carelessly along the back . | 1(1)
the train 's four tankers were empty but hours earlier , it had ferried a 40-tonne cargo of highly toxic hydrocyanic acid along the same track . | 1(1)
the parapet which ran behind the wall was wide enough for two carts to be driven side by side along its length . | 1(1)
as he drove along the broad road leading back into the town richard said idly , ` are you in love with luke , by any chance ? " | 1(1)
now mrs knelle drove away from the lake , along a narrow road between green hills where sheep grazed . | 1(1)
michael kalisher qc told the jury : ` if you or i or even nigel mansell drove along that road at that speed no-one would suggest that it was anything other than reckless driving . " | 1(1)
a forester drove the wrong way along a dual carriageway to escape police after hitting another car , thirsk magistrates heard yesterday . | 1(1)
driving away from the town and along the coast road , sarah brightened up considerably as she thought of emily 's words . | 1(1)
on market-days and fair-days the cattle were driven along the streets or allowed to rest on the roadway . | 1(1)
a woman who was spotted breastfeeding her baby as she drove along a busy main road was being hunted last night . | 1(1)
driving one of those along one of them highways wearing a drape suit with no tie , like richard widmark , with the radio on real loud listening to benny goodman . | 1(1)
with a feeling of having been unexpectedly let out of school , i drove over the hills on the road to reading and coasted along the unfenced part of the quillersedge estate until i thought i 'd come more or less to where gareth had dropped the paint : parked off the road there and searched more closely for the place on foot . | 1(1)
clothes were strewn on the sofa and chairs and faustina was dragging a silver lame belt along the carpet . | 1(1)
paul follows john , who seems to be dragging his legs along the floor . | 1(1)
with a final burst of furious rain , the sky cleared and i dragged my bag along the road in blinding sunshine . | 1(1)
along its southern edge stands of low trees intermix with the shrubs , in places grading insensibly into forest . | 1(1)
o'mara 's wife was shown meekly pushing a trolley along the aisles of the local sainsbury supermarket , stuffing it with packets of biscuits . | 1(1)
he took a piece of sugar from the table and pushed it along the floor towards louisa . | 1(1)
this means that the method employed to capture the shrimp in the colder months is a special shrimp net pushed along in the sandy shallows . | 1(1)
i tugged him gently along the walkway , which was made of planks , i discovered , with short mooring posts sticking up at intervals , needing me to lift his legs over one at a time . | 1(1)
for some time three of the barefoot children accompanied me along the seldom-used path . | 1(1)
he chased the thief along the street in reggio emilia , italy , tripped him up and grabbed it back . | 1(1)
so i decided to follow along and see what was going on . " | 1(1)
sir james paid no heed , leading his small party along the quayside , ordering people aside and ignoring the oaths and catcalls which followed them . | 1(1)
you were the one who refused to go away , the one who insisted on trailing me along the road . | 1(1)
i trailed along in back of her with the glasses . | 1(1)
partly because of this british presence , the belgian army was able to begin evacuating antwerp on 8 october and to make an orderly retreat along the coast . | 1(1)
he reached out to touch a hand to the elaborate topknot , but she dodged away , retreating in haste along the counter , her face flaming at the scathing glitter in his eyes . | 1(1)
catching sight of the back of bishop 's robes vanishing along the corridor leading to the pit , bernice began to follow automatically , but a firm pressure on her arm prevented her from continuing . | 1(1)
