the scenery is breathtaking , the rugged coast path meanders among tall cliffs , high above the fine beaches and pale turquoise sea . | 1(1)
if the duke looks out from his eastern windows , he will see crowds of flames dancing among the tree trunks , a hundred fires and a dozen folk round every fire . " | 1(1)
he dances about among the crowd , greeting people here and there by stamping yellow rice marks on their foreheads with the thumb of his other hand . | 1(1)
often the oval shaped body with its waving flagella can be seen quite clearly darting around among the intestinal debris obtained from your fish . | 1(1)
francis forced himself to look at the screens again , and he could see that there were less of the winged creatures flitting among the struts and cables . | 1(1)
the band 's weakest ever single reached number 46 in the gallup charts , an achievement supported by their first proper video in which they frolicked among hundreds of balloons . | 1(1)
so there has been a scramble among unqualified teachers to obtain upgrading . | 3(3)
in any case , it 's not a cantering or galloping exercise , it 's simply a walk among the ewes to make sure there are no lambing troubles or cast sheep . " | 1(1)
if you look more carefully among the dislodged weed , you may discover the cleverly-disguised spider crabs . | 1(1)
he found it and clung there for a while , then pushed clear and knelt among the waves , head lowered . | 1(1)
film is , thus , a potent medium for fostering cultural awareness among the namibian people , and this becomes particularly important when we recognise the fact that every society expresses its soul through its culture . | 3(3)
have events been organised to raise awareness among all staff of the recruitment problem ahead ? | 3(3)
the principal aim is to raise awareness among workers and employers of hazards in the workplace . | 2(2)
turning from the altar , cameron could not see mr whistle among the congregation , but did think he glimpsed judi , loitering embarrassed near the back . | 1(1)
` they may be large -- around 40 feet long -- but like icebergs 90 per cent is under the water and that is making them incredibly difficult to see among the waves . " | 1(1)
vines , as a non-member , was directed to retire from the meeting , but he was apparently responsible for some insurrection among the student members . | 3(3)
no coherent majority emerged , and alarmed by insurrection among the lower classes and trouble on the eastern borders the assembly eventually turned to the king of prussia for help . | 3(3)
the period from october to december saw a rash of localized mutinies among soldiers and sailors from the naval base of kronstadt near st petersburg to the far eastern army . | 3(3)
the many functions that have been proposed for it range from sound transmission to drilling holes in ice ; but it is really used in aggressive fighting among males . | 3(3)
the reports of the fratricidal strife among the security forces indicated a threatening polarisation in the country as the regime dug in , while a burgeoning opposition gained in confidence . | 3(3)
she had lived among genoese merchants in bruges : anselm adorne had her respect and affection . | 1(1)
the rise of public concern about the environment has done most to hasten a realisation among conservatives that thatcherism has its limitations . | 3(3)
today , there is a growing realisation among senior business executives that much of their competitive advantage is lost if they fail to deliver their superior goods to buyers on time and ahead of their rivals . | 3(3)
items in the tests are not selected on the basis of how well they discriminate among students , i.e. they are not norm-referenced . | 2(2)
the others also draped their underclothes among the branches . | 1(1)
despite an admiration among certain circles for national socialism , for example , many aspects of western culture met with disfavour , though western economic , industrial and military practices were widely followed . | 3(3)
the experts are even-handed in apportioning blame among ec governments . | 3(3)
" nettlerash , " i replied , fumbling among my bottles for the adrenalin . | 1(1)
at this point an englishman , henry bradbury ( 1831-60 ) put a cat among the pigeons . | 1(1)
this , his last concerto , was the first great concerto for the clarinet , and nothing has come near to matching it among all of the wind concertos written since . | 1(1)
we have some splendid examples of dedicated voluntary service among our awardees this afternoon . | 3(3)
much is explained by the growth of purchasing power and consuming propensities among the middle ranks of society . | 1(1)
this is a style of abuse that has excited some natural envy among professional satirists . | 3(3)
cannabis was widely used in the middle east during this period , and it seems unlikely that the practice in itself would seem remarkable enough to cause any comment among arabs . | 3(3)
there were rumours of anger among the grain farmers , who were being given ious instead of cash for their crops . | 3(3)
but there is no doubt that some of these ideas are causing great disquiet among branch management and staff . | 3(3)
some of his actions , in particular the unexpected introduction of a constitutional amendment allowing for an elected vice-president and the subsequent appointment of moudud ahmed to that post , caused some disquiet among party members . | 3(3)
there was some disappointment among the parishioners that the dedication was our lady of pity , and not st theresa , as originally planned . | 3(3)
association with expenditure cuts , particularly at the doe , aroused criticism among lower-level staff and public sector unions . | 3(3)
chief among the reforms was a provision for the direct election of assembly delegates . | 2(2)
foremost among these economic constraints is the markedly low level of complementarity in the structure of production of the two regions . | 2(2)
for just $14,000 couples could count themselves among sinatra 's guests . | 3(3)
melissa took a step forward and saw that she was clinging to the cast-iron pillar with both hands , her face half hidden among the foliage , her shoulders heaving . | 1(1)
after a while , a stream develops on the right which you have to cross by the plank bridge hidden among the trees -- watch out because it 's easily missed . | 1(1)
but blanche noticed mrs jones 's tiny eyes , almost concealed among the wrinkles of powdered skin , shone with intelligence : she was nobody 's fool . | 1(1)
they gather near her and squabble among themselves with much caterwauling . | 3(3)
the hon. gentleman says that because there is a lingering interest among labour members in people who have avoided the community charge . | 3(3)
their scent came up to him as he made for the stage door , thrusting his note carefully among the rain-wet blooms . | 1(1)
police were hunting 47-year-old clive wells who disappeared among crowds of city workers on their way home . | 3(3)
the writers ate a late dinner at three separate , long tables in the hotel dining room ; the russians and i conversed among ourselves , feeling vaguely ostracised . | 3(3)
