Cranston belched and blinked at Athelstan . | 9(5)
He cocked an eyebrow at Coffin , who nodded . | 9(5)
When she failed to retort he cocked an eyebrow at her , waiting for the sparring to continue . | 9(5)
Raising heavy lids a fraction , he cocked a quizzical eyebrow at her . | 9(5)
She cocked an eye at Lyonie , grunted . | 9(5)
He cocked a brow at me . | 9(5)
He jerked a finger at Auguste . | 9(5)
She shrugged at him , and he looked away . | 9(5)
Sam shrugged at me . | 9(5)
She shrugged at the American woman -- it had happened in Viet Nam . | 11(6)-1
It was only a matter of moments before one man twitched his nose at some unfamiliar scent , and turned to see what it was . | 11(6)-1
His mouth twitched at the corner . | 1(1)
Then she had the severest strain put on the control of her newly awakened ear-boxing predilection when his mouth twitched at the corners and it seemed , for a moment , that her sarcasm had amused him . | 11(6)-1
` Fish is such wonderful stuff , so perishable and so delicate , " enthuses Mr Black , waving at the glorious display of shellfish all around us . | 1(1)
She let the clutch in and drove towards the road ; she waved at him out of the window . | 9(5)
He leaned out of the window and waved at passers-by . | 9(5)
It was Amanda who , beaming like a Cheshire cat , wiggled her fingers at Grunte in a familiar greeting and waved what looked like an autograph book in his direction . | 9(5)
Yanto winked at Billy , who grabbed his mug and said , ` Okay , drink up , anything for a quiet life . " | 9(5)
I clutch at his arm , and he holds me , and does not let me go when I am upright . | 1(1)
Battler pawed at his chin . | 10(5a)
One of the children pawed at my lap , as if returning my attention to the lady on the velvet throne . | 10(5a)
They continued their walk , rousing the surly porter from where he crouched at the edge of the track , chewing a piece of fresh grass . | 1(1)
Two of them knelt at her casement , with muskets their side . | 1(1)
Defries knelt at the edge of the rough-hewn , irregularly-shaped hole . | 1(1)
Greg turned in surprise and looked at Rachel who was sitting at her desk writing up some reports . | 9(5)
In my new mood , I went over to the solitary man and said easily , pulling out a chair , ` May I sit at your table ? " | 1(1)
Sarah sat quietly at the table in the room , and looked at her hands . | 1(1)
The second helper should squat at the person 's knees and put one arm under the upper thighs and one under the calves of the legs . | 9(5)
A policeman on patrol discovered the bodies at a remote beauty spot near Charterhouse , Somerset . | 1(1)
Robbie had wondered if they would be able to find the path at night . | 1(1)
Clive and Anne Ahrens , who had a holiday cottage in Helstone village , found a white sludge at the bottom of a glass of water poured from the tap . | 1(1)
In Romanian , Serbo-Croat or Czech , I can make a guess at meanings based on my bits and pieces of Italian , Latin , German or Russian . | 9(5)
` Would you care to hazard a guess at the contents ? " | 9(5)
We can but guess at the extent of the use of wood or leather containers for storage , cooking , serving , eating and drinking . | 11(6)-1
Watching him , they were unable to see each other so could only guess at what warned him . | 9(5)
She was looking forward to making a late entrance -- the cast would cluster round her , expressing their admiration at her fortitude . | 11(6)-1
The Sechem smiled tight little smiles of appreciation at the logic of the argument . | 11(6)-1
She looked round for approbation at this feat of memory but there was none . | 5(3)
There was a trace of rebellious contempt at the threat of authority . | 11(6)-1
Yes , you could mock at the idea , but that was n't enough to rid yourself of its insidious appeal , politely , persistently tugging at your soul . | 9(5)
She was respected by everyone she worked with and was brilliant at the job . | 8(4a)
That dreadful Charles would be brilliant at the job . | 8(4a)
When he was not in an impatient mood , Blanche knew Dexter was brilliant at this sort of interrogation , conducting it with great sensitivity . | 11(6)-1
Barney was a super person and brilliant at his scientist job , but otherwise a trifle absent-minded and generally helpless . | 8(4a)
After gesticulating at each other , they both fell silent and looked at their drinks . | 9(5)
One group was quoted as ranting at a young police woman : ` We 're going to cut your belly open . | 9(5)
I lay in bed and ranted at Richard ; explaining , arguing , weeping with frustration . | 9(5)
He shouted something at Endill but he could n't hear because of the wind and did n't dare move or shout back , frightened he would upset the basket . | 9(5)
The lieutenant was standing on Tower Green , shouting orders at workmen who were refurbishing mangonels , scorpions and the great battering rams . | 9(5)
One of the passengers , an American , stood up and shouted at her . | 9(5)
One of them was shouting at the men behind the counter now ; a stream of threats and curses in Kuo Yu -- Mandarin -- while the two behind him looked about them threateningly . | 9(5)
` I knew they had gone wrong and shouted at them to stop , " said Nicholson on welcoming back his winner . | 9(5)
At last he rose and barked an order at one of the young men who placed the ladder lying on the ground against the scaffold , then gestured dramatically at Athelstan . | 9(5)
` Control yourself , you silly witch , " he barked at her . | 9(5)
She straightened up now and bawled across at him , ` You were a lad ; now you 're a young man . | 9(5)
By now the coroner should have been singing some lewd song at the top of his voice , bellowing abuse at the landlord , or urging Athelstan to come back to his house in Cheapside . | 9(5)
He bellowed at the Sikhs to retreat and as they stumbled back under a cross-fire from the other side of the hall , two of them fell dead and another mortally wounded . | 9(5)
They turned into an alleyway off Friday Street and Cranston began to bellow at passersby for the whereabouts of Parchmeiner 's shop . | 9(5)
He grew morose after that and growled at the customers , it seems -- so most took themselves to the next village for their ale . | 1(1)
` I bleedin' owe you for that one , " he growled at Joe . | 9(5)
He growled at the attendant , by now quite tipsy , and demanded another meal . | 9(5)
` Who are you ? " he growled at the stranger . | 9(5)
` It 's two and a half guineas ! " she hissed at Louise , who could tell that she was genuinely appalled . | 9(5)
The women were starting to wail , when he hissed at them to be quiet . | 9(5)
I could scream abuse at him all day long ; he would n't mind at all . | 9(5)
` Kylie screams abuse at shop staff " the banner headlines blared . | 9(5)
Sarah screamed at him : ` No , I bloody well wo n't , you gormless eejit ! | 9(5)
` Fucking bastard ! " he shrieked at the wheelhouse as he dragged himself up the slimy wall , earrings gleaming . | 9(5)
He snarled the words at her . | 9(5)
` Be quiet ! " he snarled at her . | 9(5)
He was thundering at the hecklers . | 9(5)
` I 'm alone , " he thundered at the television screen . | 9(5)
You know he yelled at Auntie Lou yesterday because he slipped on that mat in the hall ? | 9(5)
Tabitha yelled at the alien invader . | 9(5)
She did n't want to hear what he would say , did n't want to compound this foolishness with more folly , did n't want to hear him gloat at her easy capitulation . | 11(6)-1
A European consumers ' pressure group is angry at the chaotic state of control on such potentially-lethal products . | 11(6)-1
My father used to get so angry at her stubbornness -- not at all like me , used to doing what I was told . " | 9(5) 11(6)-1
How on earth , when her heart was thumping and her body drowning in a wave of heat , could she stay angry at him ? | 11(6)-1
She paused , annoyed at her own gaucheness . | 11(6)-1
Mrs Leigh was appalled at what she had asked your mother . | 11(6)-1
Huyton councillor Fred Curran said he was appalled at the cuts in the library book fund . | 11(6)-1
Behind the scenes , British diplomats in Seoul , Korea were furious at the way last night 's meeting was handled . | 11(6)-1
He seemed irritated at Edouard 's questions but , apart from that , sublimely unconcerned . | 11(6)-1
` Nobody is allowed up here , " he barked , irritated at their intrusion . | 11(6)-1
` Oh , believe me , I do n't , " Shiona assured him quickly , irritated at herself for handing him that one on a plate . | 11(6)-1
Philip was mad at himself for not taking the cutters off the boy . | 11(6)-1
He must be pretty mad at her for not being at home when they arrived . | 9(5)
The other day he slapped Liam across the face and got mad at me when I complained . | 9(5)
Smiling across the room at Laura 's tall , slender figure , she added , ` Besides , everyone in your office was so pleased at your promotion . | 1(1)
I was particularly pleased at the emphasis on investment in education and training , in science research and development and the commitments he gave on transport and health and community care . | 11(6)-1
Although Joanne feels sore at the selectors , there are those who believe that she has been more a victim of circumstance than anything else . | 11(6)-1
Again and again he despaired at the truth . | 11(6)-1
She made no answer , but rose from the chair , knowing when she was beaten , even though she was fuming inside at his high-handedness . | 1(1)
Inwardly he was seething at the slight to his authority , but under the eagle-eyed scrutiny of his superior in the dreaded society , he carefully kept his features blank . | 11(6)-1
I was still seething at the injustice of Oliver Moreton 's attitude to me . | 11(6)-1
` Is that so ? " she slammed back , seething at his brash presumption . | 11(6)-1
Her Majesty and His Royal Highness were received upon arrival at the Airport by the Earl of Airlie ( Lord Chamberlain ) . | 1(1)
In 1984 , radio astronomers from Columbia University identified electro-magnetic vortices in our Milky Way and arrived at a similar conclusion to the theories of Alfven and Perratt . | 1(1)
When she woke it was to the incessant chattering of the wheels against the rails and Emily thought she would never arrive at her destination . | 1(1)
The commando parties were to come ashore at three points : over the bows of Campbeltown ; on the Old Entrance quays ; and on the Old Mole . | 2(2)
Constable Laurie gave evidence that on 5th August he entered at the back door of 149 Chatham Street , that he received from her 1 , and that she received from him a betting slip . | 1(1)
If you insert three blank rows at the top of the spreadsheet you can use B2 to record the average inflation per year that you expect for the life of the savings plan . | 1(1)
The Princess of Wales later laid a wreath at the Welsh Guards memorial in London to honour members of the regiment who died in the world wars and other conflicts . | 1(1)
You must always stand so that you face the opponent because this is the position from which you can launch the maximum number of powerful attacks and place your opponent at a disadvantage . | 1(1)
Once again , start with the largest flowers and place one at the top and one at the bottom of the design , and then two staggered in the middle . | 1(1)
At any given time then , a number of pupils may be involved in supported full-time or part-time placements at other schools in the borough . | 1(1) 4(2b)
Community wildlife officer Dave Muir and Ann Lolley of the Tidy Britain Group join local people to plant British wildflowers at the Children 's Forest in Pennywell , Sunderland , on Wednesday . | 11(6)-1
If you have the choice , position your cannon at the far ends of your line to allow yourself diagonal shots across the enemy line . | 1(1)
Position smaller leaves at three and six o'clock , then continue in this way around the clockface until you have made a bed of leaves . | 1(1)
As though performing a ritual , he stationed himself at the point of shoulder and walked the horse between Theodora and Henry . | 1(1)
St Agatha was lifted from the sofa and stationed at the window in a bridal veil , to the electrification of passers-by . | 1(1)
Don Edmonds cast a sideways glance at Philip Kelly , but answered for the Bureau . | 9(5)
A single glance at the actual contents of Mogridge 's cupboard embarrassed me . | 1(1)
His eyes made a swift study of her face , before he cast a glance at the sky . | 9(5)
It is plain from even a cursory glance at these figures that , after a slow start , CD-ROM is becoming a remarkable success . | 9(5)
He glanced at me sideways , smiling . | 9(5)
We also take a peek at Keith in the kitchen of his Devon pub . | 9(5)
But you must n't peek at my feet like that , poor horrible ugly deformed things . " | 9(5)
It came to her lips now , as she peeked at Ted . | 9(5)
He turned down the cover and peeped at the baby 's heads . | 9(5)
Mrs Jones lingered frequently to peer at the faces . | 11(6)-1
He rolls up a dollar bill , and stares at it as if deliberately recalling something . | 9(5)
He stared at her anxiously , then at Slater , and tried hard not to look as interested as he felt . | 9(5)
She stared at him incredulously . | 9(5)
The sunburn prickled at the Deputy Under Secretary 's neck . | 9(5)
An outstretched tentacle of smoke tickles at my nose . | 11(6)-1
When he tucked in strands of dark curly hair her skin tingled at his touch . | 11(6)-1
Bosses at Toys R Us , which has been opening on Sundays for more than a year , say the extra day is a definite boost to sales . | 5(3)
` The boss at Compulsion is a guy called Chris Hughes who originally signed us for Phonogram , so it was almost like starting over again . | 9(5)
Jack Steer is the spokesperson for education on the Labour benches , and Harvey Markovitch is a Governor at the Banbury School . | 1(1)
The High Court judge alerted Mr Justice Leonard , who presided at her trial . | 11(6)-1
` It was cheap at $600 ! " he growled . | 1(1)
But the reason he went that way yesterday was because it was cheaper at that supermarket . | 1(1)
Yves Saint Laurent 's Eye Make-up Remover -- not cheap at $9.50 , but highly recommended . | 5(3)
But the good news ( or the bad , depending on your point of view ) is that younger and humbler wines are extremely cheap at Leclerc . | 8(4a)
It may seem a lot to you , but for a cast-iron story that might bring down a government , it 's cheap at the price , believe me . | 5(3)
Big-name Bordeaux reds of older vintage are very pricey at the giant Leclerc stores : compare the prices of Chateau Lagrange 1975 , about $17 , and Chateau Montrose 1982 , about $20 , to those charged by London merchants Bibendum -- $11.50 and $15.81 respectively . | 1(1)
In a payroll robbery at a shoe factory in South Braintree , Massachusetts , the paymaster and his guard were killed . | 1(1)
THERE was a robbery at a tobacconist 's shop in Great James Street on Tuesday afternoon . | 1(1)
Apart from checking the length make sure you can do the hood up fully without pulling the bag tightly over your feet -- check for width at the knees , hips and shoulders in particular . | 1(1)
" Mr Henry Hawkes , a farmer residing at Hailing , in Kent , was late one evening at Maidstone market . | 1(1)
The conditions were that he resides at Handley Green , Laindon , reports daily to Laindon police station and does not enter Clacton . | 1(1)
When not leading the armies to war he dwells at the court of the Everqueen and keeps the peace in Avelorn , slaying marauding monsters and hunting down bands of Beastmen and Goblins . | 1(1)
A glance through his working diary for 1979 shows how frequently Prince Charles stayed at Broadlands , the Mountbatten family seat , ostensibly for fishing and shooting weekends . | 1(1)
All guests staying at the Hotel Maas are entitled to make use of their special hotel limousine service . | 1(1)
That was the secret she had always had to keep and had never confessed , not even to the Irish priests who stayed secretly at Roscarrock Hall . | 1(1)
After giving Lamb directions to the farm and explaining that he would lodge at Bert Weald 's cottage , Jonadab and George turned away . | 1(1)
Grandad arrived in Baldersdale around the turn of the century , to work on the building of the reservoir , and came to lodge at Low Birk Hatt , when Great-Grandfather Tallentire was running it . | 5(3)
We then continued our journey , pushing on until we reached the city walls and lodged at one of the fine taverns on the Southwark side of the river . | 1(1)
He lodged at the Waggon and Horses Inn , no. 47-50 , High Street St. Martin 's , and died suddenly on the morning of 21 June 1809 . | 1(1)
` They live at Conway House " | 9(5)
Scotland Yard said no further action would be taken against Stagg , who lives at Roehampton less than a mile from the murder scene . | 1(1)
We camped at a hostel near Maralal , run by a local company Yare Safaris . | 1(1)
Central News is a product aimed at students at the intermediate level and above . | 1(1) 4(2b)
Ellcock , 26 , took 117 wickets in 46 first-class matches at 29.01 during an injury-plagued 10-year career since making his debut for Worcestershire while still a pupil at Malvern College in 1982 . | 1(1) 4(2b)
There are about ninety pupils at Sutton School . | 1(1) 4(2b)
I lay down on him and beat at him with my fists . | 9(5)
John T. Scopes , a biology teacher at the Central High School in Dayton , decided to test the law , and gave his pupils a lecture on evolution . | 1(1) 4(2b)
Later still he became for a short time a professor at Cambridge . | 1(1) 4(2b)
With various mathematical refinements , it was this method that Galileo , one-time professor at Padua , used in studying the motion of falling bodies . | 1(1) 4(2b)
JENNY HEAD , 37 , is a part-time shiatsu [ massage ] therapist and her husband , Mike Fourman , 42 , a computer science professor at Edinburgh University . | 1(1) 4(2b)
Her tutors at University College have allowed her a third attempt next year but have insisted she take a year out . | 1(1) 4(2b)
First of all , Suzanne Gibson is a law tutor at New College . | 1(1) 4(2b)
Last month , William Tribe , a British lecturer at Sarajevo university , confirmed that the Oriental Institute was shelled from above and totally destroyed . | 1(1) 4(2b)
Spells as a curate in Doncaster and Ipswich were followed by three years as chaplain at St Andrew 's in Kowloon , 1929-31 , during which he studied Chinese at Hong Kong University . | 1(1) 4(2b)
He studied classical archaeology at Thessaloniki University , and then , during the Second World War , went to the Middle East . | 1(1) 4(2b)
He studied at Ealing School of Art , Wimbledon School of Art , Goldsmith 's College and later taught at a comprehensive school in Essex . | 1(1) 4(2b)
I told you , I tutor at the college . " | 1(1)
There had been an attempt at a revolution in Russia , but then nobody concerned themselves much with the eccentricities of the world south of Cathcart or east of Camlachie , unless it might touch on trade . | 1(1)
In the early hours of May the fourth Hanger disappeared from a community training camp at Symonds Yat on the Gloucesterhsire/herofrodshire border . | 1(1)
They stabled their horses at the Holy Lamb of God and threaded their way across the noisy market place . | 1(1)
Sir Michael Checkland , Director-General of the BBC , will host a party at Television Centre for some 50 guests -- mostly Establishment , an insider confirmed -- to watch the results . | 1(1)
She 's got lots of curly brown hair with a little heart-shaped face in the middle , and her smile was so big that it nearly disappeared into the curls at each side . | 1(1)
He said nothing , letting her give vent to her distress , his thumb lightly stroking the silky curls at the nape of her neck . | 10(5a)
He spent long hours in the House of Commons and he was skilful at the quiet conduct of minor business . | 8(4a)
I was very good at planning menus and cooking , but not such a whizz at car , boiler or electrical appliance repairs or breakdowns . | 9(5)
I have only recently completed my open water diver training , so I am still a novice at the sport . | 1(1)
So , we were hardly novices at the print and publishing game , both conventionally and electronically . | 8(4a)
Recording commences at three past two . | 2(2)
Well-drilled in all departments , they chose their first corner to demonstrate their prowess at set-pieces . | 8(4a)
Tales , too , of his prowess at cricket -- " More long than stop " -- and his magic rhyme which he would only ever say twice to any one person . | 8(4a)
The locals are great hunters and scouts , adept at guerilla warfare and skilled with bow , sword and axe . | 8(4a)
At the age of fourteen , Alexei Gismondi was hardly adept at self-revelation . | 8(4a)
And anyway , there will be enough public opinion in line with mine and Mike 's here " -- he threw a brilliant smile at Mike -- ` to protect us from too great a loss of circulation . | 9(5)
Jane flashed a grin at Patrick and turned away to open the door . | 9(5)
And the wretch knew what she was thinking , Isabel realised , as fitzAlan threw a wicked grin at her under cover of the good-natured ribaldry from the other three . | 9(5)
His only previous try at the marathon was 2:15:27 , although that was good enough to win the Toronto Marathon last September . | 1(1)
It was his second try at the London event , where he first ran in 1981 , and he was pleased with his performance . | 1(1)
If interest rates had increased , buying at this price would give a return inferior to that obtainable elsewhere . | 5(3)
In exchange , homesteaders will pay a lower rent or be able to buy at a reduced price . | 5(3)
All tickets purchased at the Phoenix Cinema are non-refundable and non-exchangable . | 1(1)
French wine is suffering most from competition across the vital middle premium bracket -- bottles retailing at $5 and above . | 5(3)
The smugglers have gone , the last major encounter being in 1831 , when six coastguards armed with muskets surprised about forty smugglers at Whitsands , only one of whom was caught while heading for Sheviock . | 5(3)
For example , recently I organized a fete at my child 's school . | 9(5)
The Indianapolis 500 is the culmination of a day-long carnival at the Indianapolis Raceway , Indiana as part of the Memorial Day celebrations at the end of May each year . | 1(1)
She still had on the revealing silk blouse she had worn in the show , with stage jewellery sparkling at her throat and breast . | 10(5a)
The festival at Cropredy started as a reunion concert when the band split up they reformed six years ago and by then the annual event was well established each year present and past members line up | 1(1)
The Festivals at Brighton , Blackpool and the West Country Big Top have had to be cancelled due to lack of sponsorship . | 1(1)
The man was a master at manipulation , using that cold-hearted charm to ruthlessly convince the poor woman that this pack of lies was the truth ! | 8(4a)
The king and his part had a feast at the edge of the forest . | 1(1)
The Opera North appeal to sponsor Don Carlos is launched with a special gala at Leeds Grand Theatre . | 1(1)
` We are obviously still concerned that there allegations of pushing drugs and we intend to monitor closely any future raves at the Ulster hall . " | 9(5)
Sixty nine year old Thomas Weeitch , from London , was sitting by the river at Henley on Thames . | 1(1)
The diminutive but pleasant cliffs at nearby Brassington and Harborough were formed in the same way . | 1(1)
It then forms the magnificent cliffs at Cassis , east of Marseilles . | 9(5)
There follows 400 yds on fast flowing water to grade III falls at Carrbridge . | 1(1) 4(2b)
Once a dark toad clambered away towards the little burn at the side of the field . | 1(1)
Unhappily , it had only lasted a few short weeks , but all their friends still shuddered at the memory of their truly spectacular fights ! | 11(6)-1
She shuddered at the pressure of his fingers . | 11(6)-1
Mr Gill spotted the manuscript at a local auction and purchased it for $1,500 , realising its quality but not its rarity or importance ; Sotheby 's Christopher de Hamel found it ` extraordinarily interesting " . | 1(1)
She spotted them at the door and waved them over . | 1(1)
She shivered at some ill-defined idea , drifting past out of reach , in the foggy recesses of her mind . | 11(6)-1
I shivered at the warning . | 11(6)-1
Cleaning invariably begins and ends at the sink whether installations use domestic equipment or the 450 litre giants or the catering ` plonge " . | 2(2)
His skin had an olive hue , signifying foreign blood , and his indecently long hair was very black , worn in a multitude of thin braids and confined at the back of his neck . | 1(1)
I lapped at the warm , rich blood ; very nice , very fresh . | 11(6)-1
A spoon was pushed between her gritted teeth and Nina gulped at the bitter medicine , hoping it would bring her release from the agony that was wearing her down . | 11(6)-1
He sipped at the expensive champagne and wished it had been brandy . | 11(6)-1
He sipped slowly at a cup of watered wine and decided to return to his church . | 10(5a)
They sipped at the sherry and Meredith presented the hand-embroidered handkerchiefs which were well . | 10(5a)
Back in bed she sipped morosely at the whisky , grimacing slightly at its taste , then giggling wryly at her own reaction . | 10(5a)
Jotan sipped at his wine , and then set his cup in a niche in the wall beside the fireplace . | 10(5a)
I had lunched at Buckingham Palace and them met with her at Ascot . | 1(1)
They lunched at a small eating-house near the Brass Bridge , with the Luggage nestling under the table . | 1(1)
He lunched at a pub on the way down and arrived at the Incident Room shortly before two . | 1(1)
I believe he dined at your establishment on the -- th of the -- th this year . | 1(1)
Whistler was dining at Tudor House , and the wombat was brought on the table with coffee and cigars . | 1(1)
Ruth nibbled at her coloured pencil . | 10(5a)
The Doctor bought some roast chestnuts and both nibbled at the snack . | 10(5a)
Jerry slept at the wall-end , with me in the centre , while Sam occupied the end which was next to the other bed . | 2(2)
Thank you She fumbled at her belt with one hand and i laughed and took the briefcase from her . | 9(5)
He stood over her and fumbled at her coat , opening it . | 9(5)
Close friend Christine Barber told the court that the conversation occurred at Paula 's home in Grafton Drive , Upton , Wirral , on June 3 last year . | 2(2)
` The first outbreak in England occurred at Weymouth in 1348 , almost certainly via a claret ship from Bordeaux , which was an English possession at that time . | 1(1)
Practice varies , and it is good practice to find out from the beginning in order to avoid unpleasant surprises at a later date . | 11(6)-1
I often tell my friends that the especially important thing is to avoid cheese at night . | 2(2)
There was one other issue which the CEGB tried hard to avoid at the Hinkley C Inquiry . | 1(1)
Any possible variation of dose delivered from position to position was eliminated by rotating the entire assembly at six revolutions per minute . | 2(2)
If anyone else would like to help please contact Mr Campbell at All Hallows . | 1(1)
` They phoned me at home on a Friday evening and that night I went out to celebrate , " she said . | 1(1)
` He phoned us at eight-fifteen . | 9(5)
` You know how we feel about personal calls at the office , Celia . | 1(1)
They wake you at five a.m. , which is when I 'm often going to bed , and you 're so knackered by mid-morning that you doze all day . " | 2(2)
The blessing at Bethel was given against all deserving . | 1(1)
He will be buried with full military honours at Frankby Cemetery , Wirral , following a service at Our Lady and St Joseph 's Roman Catholic Church in Seacombe , Wallasey , on Tuesday afternoon . | 1(1)
In a emotional 20-minute speech during a surprise appearance at a service at King 's College Chapel in Cambridge he spoke of the importance of freedom in the face of the edict . | 1(1)
THE SHORT , tragic life of Christopher Palmer illustrates the difficulty of devising a welfare net that would catch all babies at risk of serious harm from their parents . | 8(4a)
The guys at New Deal filled us in with the latest on Harrow skatepark . | 1(1)
While we were drinking our tea , the lady at the shop told us that the water that flows over Hardraw Force is in York within an hour . | 1(1)
The man at the stage door seemed disinclined to argue with a pair of French uniforms , and indicated one of the larger dressing-rooms along an ill-lit corridor . | 1(1)
The legate , Walter Cardinal-Archbishop of Albano , who brought the pallium , was an eminent man at the papal court , and he clearly had doubts about Anselm 's reliability . | 1(1)
Wilfrid is claimed to have baptised 250 slaves of both sexes at Selsey and there is the celebrated case of ` Angles " from Deira , an area approximating to the historic county of Yorkshire , being sold in the market-place of Rome c . | 11(6)-1
The Dons are anchored at the bottom of the Premier League after crashing to defeat in all three opening matches . | 1(1)
One night she had boarded a small fishing vessel moored at a small port near Yalta . | 1(1)
Around 100 submarines withdrawn from service are moored at sea because there are no facilities for treating their radioactive components . | 1(1)
The girls at school were horrified : all their collections for presents and prayers after announcements at morning assembly had been wasted . | 1(1) 4(2b)
Many regarded his words as perhaps signalling that his feud with Alain Prost -- fuelled to boiling point after their collision at Suzuka last October -- may be cooling slightly . | 2(2)
INJURED North West 200 rider Jim Courtney was described as ` satisfactory " in Coleraine hospital following his crash at the circuit today . | 2(2)
A YOUTH was taken to hospital with head injuries following a two-car crash at Pant Du on the Nercwys to Eryrys Road near Mold . | 1(1)
He had heard a heated exchange between Day and William Tidbury while they were in custody at Newbury . | 1(1)
The women were fined by a magistrate and detained at Mangochi police station until the fine was paid . | 1(1)
On page 223 of The National Trust : A Book of Gardening by Penelope Hobhouse , Peter Cartlidge , Head Gardener at Wightwick Manor in the West Midlands , describes the use of dazomet in his rose garden . | 1(1)
Anthony Smith , a lawyer at the Consumers ' Association , says it would be ` incredibly simple " to amend copyright law to allow in CDs from countries with copyright protection comparable to Britain 's . | 1(1)
Chris Lumb , data processing manager at Courtaulds Aerospace in Shildon , suffered from motor neurone disease , which causes progressive deterioration of the nervous system . | 1(1)
Her name was Elisabeth , a German girl working as a receptionist at one of the Hilton hotels in London , she had told him over the telephone . | 1(1)
The Pittsburgh team tested the machine on 43 complex diseases against clinicians and consultants at Massachusetts General Hospital . | 5(3)
Before we start fund raising , we usually have discussions with Dr Truby , a consultant at the hospital . | 1(1)
Buckingham Palace chef Richard Blunden , 33 , wed 28-year-old Julie Puttock , a maid at Windsor Castle . | 1(1)
The servants at the house were mostly foreigners who did n't know their arse from their elbow , as Morgan put it to himself . | 1(1)
The number of servants at Lartington Hall dwindled , although Dorothy Siswick stayed with Olive until the end . | 1(1)
` The toughest test is staying the course during our own Duns Summer Festival , " said John , who 's a craft attendant at Torness . | 1(1)
Darren , a national indoor long jump champion and decathlon athlete , is now a petrol attendant at the garage . | 1(1)
John Kay is professor at the London Business School 's Centre of Business Strategy . | 9(5)
Many small birds travel at night when they are safe from attacks by hawks . | 1(1)
In the second test zone , oil and gas flowed at daily rates of 1,750 barrels and 13.6 million cubic feet respectively . | 5(3)
Like so many of the men now rising to leadership in poor countries , he has done a stint at the World Bank , and is regarded as capable . | 1(1)
John has a wealth of experience in the hotel business , having worked for some of the largest chains in the country including a stint at the Savoy in London . | 1(1)
Expectations were even loftier for Paul Farbrace during his stint at Canterbury . | 1(1)
Following the verdict at Manhattan Federal Court , the pair face another hearing to decide how much money they are owed . | 1(1)
When the bat hunts , it emits a string of pulses at a rate of about ten a second . | 5(3)
And in 1990 there were 92 victims when an Air India flight dropped at Bangalore . | 1(1)
As he tried to leave the field the ball suddenly dropped at his feet and he attempted a long-range crossfield pass aimed at Gordon Strachan . | 10(5a)
The eggs were clear and had a diameter of between 0.6 and 0.9mm and mostly floated at the water surface . | 1(1)
I decided not to fly at him . | 1(1)
It gets embarrassing at times when there are guests in the house , even if they are family and ought to know what to expect . | 2(2)
Smoking at work is only permitted in accordance with the Council 's policy . | 9(5)
On the farm the animals wake at dawn . | 9(5)
` He 'll drown at high tide , " said Marie . | 1(1)
I tried to move my hands and they hurt , but I established that they were n't tied , they were taped at the wrists . | 1(1)
The Germans themselves , reported William Shirer , seemed glum and resentful at the prospect of war . | 11(6)-1
He looked grey and ill , and Jamieson was shocked at the sudden change in his appearance . | 11(6)-1
Neighbours are shocked at his murder . | 11(6)-1
There the warden arrested him , imprisoned him in his gaol at Allexton , and afterwards released him for a fine of half a mark . | 1(1)
The public was apprehensive at the shortage of heat and light and the inconveniences of the three day working week . | 11(6)-1
Most of them seem apprehensive at the prospect of a possible loss of authority , failing to see that , on the contrary , their grip on matters would be greatly strengthened . | 11(6)-1
He could pretend she was a good housewife , cook and mother to other men who were disgruntled at their wives , brilliant careers . | 9(5)
Dealing with the petrol station site on the bypass at Griggs Green , he said councillors make site visits . | 1(1)
Sam , the other kids at school been calling you names ? " | 1(1) 4(2b)
She still , after all these years , did not know , and one hand clenched in involuntary anguish at what she thought of as her intolerable betrayal of her brother . | 11(6)-1
That comes after growing Irish annoyance at the continued failure of the British to ensure that the RUC accompanies the UDR on all its operations . | 11(6)-1
She spoke quietly in Greek to the boy , soothing his annoyance at the turning off of the video . | 11(6)-1
Disquiet at the new direction of religious affairs soon surfaced in parliament , and over the next few years a growing number of MPs began to speak out against the Arminian threat . | 11(6)-1
She saw his fear , his bewilderment , and above all , a kind of astonishment at the enormity of the complications that lay ahead . | 11(6)-1
My previous astonishment at the fact that people who came here like De Michelis [ the former foreign secretary ] , or like ex-Prime Minister Andreotti , never endowed us with any money is now diminished . | 11(6)-1
She nearly gasped with dismay at the shock that shivered down into her tummy . | 11(6)-1
` It 's inconceivable , I agree , " responded Howard , waving a well-manicured hand , his plump face pink with embarrassment at the directness of Newman . | 11(6)-1
Her sharp disappointment was tinged with embarrassment at her own forwardness . | 11(6)-1
Jenna 's face flushed with embarrassment at the way the girl watched in amused surprise . | 11(6)-1
Mr Patten , however , is engaged in more than simply relieving his own exasperation at Beijing 's procrastination . | 11(6)-1
However , I thought you might share my amusement at the thought of baked beans at a low tension ! | 11(6)-1
One woman writing anonymously to a women 's magazine told of her distress at a particularly dehumanizing gynaecological examination . | 11(6)-1
His excitement at the prospect of exploiting that potential is palpable , though he has no illusions about current difficulties . | 11(6)-1
FOR months now I have been trying to contain excitement at the thought of the compact disc . | 11(6)-1
To me that puts us in a difficult position when trying Germans , whose crime was obeying their superiors " orders , whatever our horror at what those orders led to . " | 11(6)-1
Emmeline grew pale , both from horror at Bastide 's plight and her own . | 9(5)
Curators and archaeologists have , however , levelled criticism at the museum for the often tenuous relationship between the objects displayed and the Bible . | 1(1)
The hon. Member for Thanet , North ( Mr. Gale ) referred to the issue of management and targeted his criticism at the management of British Rail . | 1(1)
Western diplomats in Luanda scoff at that figure , though they admit that many do need help . | 5(3)
Bryan even came to my home and scoffed at me for suggesting that he and the Duchess were lovers . | 1(1)
Puritan polemicists frequently scoffed at what they saw as the uninformed nature of this mainstream spirituality . | 11(6)-1
Bull is licensed to manufacture at its facilities systems based on IBM RISC System/6000 architectures , and related circuit boards and sub-assemblies , which can be used for licensed Bull products . | 1(1)
The same colour can appear subtly different on papers manufactured at different mills , due to the variance in type and amount of sizing used . | 1(1)
Although the long-term outlook for car manufacture at Dagenham may be uncertain , engine production there is more secure . | 1(1)
The effects on pupil achievement of poorly managed transitions between primary and secondary schools have been amply documented by Professor Galton and his associates at the University of Leicester . | 1(1)
This consisted of a long or short shaft with a staple at the end , to which a chain was attached . | 1(1)
Sonny , alarmed at the deathly pallor of his half-sister 's face , had jumped into the trap and had driven furiously to the village for the doctor . | 11(6)-1
I also remember being extremely ashamed at some of the racist chants the Leeds fans were coming out with that night . | 11(6)-1
Eleanor Thorne half-sat up in the great bed , astonished at the freshness , the absolute appeal of her idea . | 11(6)-1
He watched her making her way through the crowds on the pavement outside Lewis 's already looking bored at the prospect of spending her grandfather 's money . | 11(6)-1
She cackled and slapped her knees , bent double and wheezing with delight at her own witticisms . | 11(6)-1
Sammy stuck his nose in the air , delighted at such attention . | 11(6)-1
Looking anything but delighted at the prospect , he stood up . | 11(6)-1
Even the Prince of Wales , depressed at the thought of the ordeal to come , cheered up at the sight of the food . | 11(6)-1
He had understood James 's despair at the enormity of the ruin , but not what the loss of Edward was already meaning . | 11(6)-1
Mention of the press 's glee at the humiliation of the investigators behind this summer 's high-profile surveillance project Operation Blackbird , who were fooled by an obvious hoax , brings out Tarr 's own nascent conspiracy theory . | 11(6)-1
Many Labour MPs could not hide their glee at the SNP 's action , such is their antipathy to cross-party co-operation . | 1(1)
Her brightness was forced and she was clearly nervous at what might be about to happen . | 11(6)-1
Mrs Baggley 's pastoral tone was full of reproach at Theodora 's lack of finer feeling in this area . | 9(5)
However all assembled at Sunsail 's headquarters at Port Solent . | 1(1)
Later , students could attend lectures at the Royal Institution by Michael Faraday ( 1791-1867 ) who was himself the son of a blacksmith farrier . | 1(1)
He was educated at Edinburgh High School , was a pupil in a firm of civil engineers , and attended lectures at the university in mathematics , physics , and other subjects . | 1(1)
Delivering a lecture at the Royal Botanical Gardens at Kew , London , Fujimori specifically highlighted the need for protecting the country 's tropical forests . | 1(1)
Harriet , hiccuping , stands with the beam shining at her feet , waving it unsteadily up into her eyes . | 9(5)
` He 's very gifted , wonderful at languages , good at voices and good-looking , He 's a smashing kid and he 's very musical . | 9(5)
We have a member at the Club who is wonderful at alterations . | 8(4a)
` I 'm not fantastic at English so all the students know they have to speak French in my classes . | 8(4a)
And the Germans have always been excellent at map-reading . | 8(4a)
Children are excellent at repetition to get what they want . | 5(3)
In her first school she had been considered outstanding at maths , and had obtained six grade As in her nine O levels . | 8(4a)
These are excellent at bruise management , but they are quite expensive and are not re-usable . | 8(4a)
London expanded at a remarkable rate . | 5(3)
His return fire lifted Weaver off his feet and flung him two yards backwards , to sprawl at Bodie 's feet as Bodie came racing through the side garden . | 9(5)
One of the turbanned boys ran on and crouched at the side of the platform , carrying a placard helpfully inscribed : Antigone . | 1(1)
She frowned at Beth when an awful thought suddenly occurred to her . | 9(5)
The old lady frowned at him and asked him sharply what his name was and he sat up straight but he answered cheekily . | 9(5)
She uncurled herself , and got to her feet , grimacing slightly at the pain in her cramped muscles . | 11(6)-1
We grin at each other through forkfuls of spaghetti . | 9(5)
He grinned at her impishly . | 9(5)
Gimmelmann nodded , and scowled at Dolly in the mirror . | 9(5)
The man scowled at her . | 9(5)
Lissa jumped , shocked to the core , and he scowled at her darkly . | 9(5)
She smiled at the girl , who smiled back . | 9(5)
She finished her drink , smiling at him over the rim of the cup . | 11(6)-1
He turned and smirked at Elinor . | 9(5)
But Wilkins , at 36 playing better than ever , was instrumental in the club 's 2-0 win at Wimbledon and said : " We were committed and in the end we came through . " | 10(5a)
Meanwhile , Kirsteen McEwan , a triple winner at the Clydesdale Bank Scottish Under-18 Championships earlier this month , spearheads Scotland 's team for the European Junior Championships in Sofia from 11-17 April . | 1(1)
And caretaker boss Malcolm Crosby is ready to gamble on 21-year-old Warren Hawke best remembered for his part in the 1990 play-offs victory at Newcastle . | 1(1)
