` do n't so much as breathe on her , " leo warned coldly as he descended the stairs behind them . | 3(2)
monsieur truffer came in our car and directed us through cherbourg and up to bourbourg , which is on a hillside rising behind the east side of the harbour . | 1(1)
riley alleged that because of certain happenings he hung his jacket behind a door and fitted an electrical device and wires to a wallet in his pocket , connecting it with lights in his bedroom . | 1(1)
casio has mounted an electro-luminescent display behind the lc layer . | 1(1)
for although executions before english crowds ended in 1868 , it was not until 1939 that france decided to follow suit and withdraw the scaffold behind prison walls . | 3(2)
talks with the dutch went on , but although the republicans withdrew their forces behind the new agreed boundaries there was no move to begin the plebiscite in dutch-occupied areas : to the contrary , on 9 march an interim federal government was installed for their projected united states of indonesia . | 1(1)
jess darted behind the counter . | 1(1)
rubbing away a thin film of ice , he peered through a small frame of snow -- and saw tom hanks entering the farmyard , plodding doggedly behind a horse that was struggling to pull an improvised wooden snow-plough ! | 3(2)
when tall , angled , high-gabled and firm , they have perfected the art of looming , and some of their gateways are arched with stone , and some of their tower windows might still have a mary , queen of scots , or a tartan lady of shalott roaming soulfully behind their small winking panes , or a rapunzel leaning out into the sunshine . | 1(1)
then he lurched heavily to his right , scampering behind a garden shed and scrabbling through the broken fencing into the grounds next door . | 1(1)
he allowed a thin , ill-clad woman to scramble out behind it , and immediately she fell to her knees beside the body and began wailing once more . | 1(1)
without stopping to take off her hat and coat , she hurried down the hallway with the little maid scurrying behind her . | 1(1)
then he remembered skulking breathless behind the bungalow until the car was safely garaged , a rush through the gates , staggering along the road till a police car stopped , warnings -- ` had a few too many , have n't you , sir ? | 1(1)
the emperor seemed unable or unwilling to even raise an army , but skulked behind the walls of altdorf and dreamed of better days . | 1(1)
cranston staggered behind him , holding a wine cup in one hand and the jug in the other . | 3(2)
perhaps he had stepped behind a tree to relieve himself . | 1(1)
i pushed the go-cart with the bundles inside covered with a cloth , and dad strolled behind looking nonchalantly about him . | 3(2)
the other two pondered over this morsel as they tramped along behind him . | 3(2)
as he talks a train of small boys returning from school tramps behind us to the beat of the folk-pop tape . | 3(2)
four small children trooped down behind her . | 1(1)
he turned away , beckoning the children , and they trooped out behind him . | 3(2)
on the ground floor he walked a few feet ahead , leaving me to trundle behind like a meek arab wife . | 1(1)
not being able to make anybody hear , he had wandered behind the counter and found mr oliver lying there in his grievous state . | 1(1)
as long as i did not look at her , sadie resigned herself to wandering behind me . | 3(2)
she glanced hastily behind her but , as in the kitchen , there was no obvious hiding place . | 3(2)
raf corporal john williams and his wife selina told the court they were driving past the layby and saw men were crouching behind two wooden boards , which made a v-shape on the ground . | 1(1)
the prime minister crouched behind his spectacles , while spread out on both wings of the platform sat the members of his cabinet . | 4(2a)
i playfully tickled him behind an ear and he lazily turned his head and sank a canine into my thumb . | 1(1)
behind rayne stood his two servants , ant and monkey , as thin as their master was fat ; their job was to deliver the food to those who bid successfully for it . | 3(2)
he turned and paula was standing behind him . | 3(2)
a car hooted behind them . | 3(2)
presently , he heard the foliage rustling behind him , and turned to see walterkin coming over the edge of the roof . | 1(1)
defries heard a chuckle behind her . | 1(1)
she was hanging about the waterfront when she heard steps behind her . | 4(2a)
he could see his informant behind the wheel . | 1(1)
ace could see movements behind the windows of the shuttle . | 1(1)
after a hundred yards or so i could see behind me the whole cliffed extent of the headland , and the house . | 4(2a)
i had fallen asleep , squatting behind a buttress of the church of st nicholas long after curfew , my lips blue , my teeth chattering with the cold . | 1(1)
the boy , who 's sixteen , had been charged with raping an eleven year old behind a row of shops at brockworth in gloucester . | 1(1)
she was small , slim , with the pale-gold hair plaited behind her head , and steady blue eyes . | 1(1)
the same antique plates gleamed behind the glass doors of a walnut cabinet . | 1(1)
the inlets behind the spit at seaford are now infilled ; at shoreham , the early harbour is now silted up , and at winchelsea , the sea which destroyed the earlier site has now abandoned the second . | 1(1)
i like to put a pale colour behind a darkish one to make the dark colour stand out more and a dark colour dropped in just at one point behind a light colour to make the paleness improve . | 1(1)
zahara helped her step back to the mattress and put cushions behind her so that she was sitting up , while rabia held the baby , still attached to jane by the cord . | 4(2a)
i could almost feel the river running behind me , beyond the earthen path . | 3(2)
no time to shout out -- the door clunked behind him . | 3(2)
behind thorfinn , the door slammed shut with a force that made her bed jerk . | 1(1)
once in a while someone has such a severe throat infection that they form a large boil behind the tonsils . | 1(1)
luke grabbed hold of her arm and brought her up short , half dragging her through , banging the kitchen door shut behind them . | 3(2)
the objective behind taurus is to eliminate the need for share certificates and transfer forms , or ` dematerialisation " of the paper-based system . | 1(1)
the sun was still hidden behind spyglass hill , which came down to the sea in dangerous cliffs on this side of the island . | 1(1)
the suggestion is of steeply rising broken ground , and one figure at the top left ( hardly visible in the photograph ) is half hidden behind such a fold in the land . | 1(1)
he ignored both the display cases and the safe which was concealed behind a framed eighteenth-century engraving of the city of london . | 1(1)
the emperor rode on a finely bedecked mule led by six pages , and was concealed behind red curtains carried on poles . | 1(1)
just then a footman emerged behind me . | 4(2a)
a man who was seated behind a desk on the far side of the bars jumped up the moment he saw the chairman and turned the lock on the steel door with a long-shafted key . | 1(1)
reception consists of a uniformed man seated behind a shabby desk . | 1(1)
so he was taken aback to find miss pickerstaff seated behind her desk , with a single sheet of paper in front of her , smiling . | 1(1)
` over there , " said heidi , pointing to a woman who was seated behind a desk . | 1(1)
he pulled it off and threw it behind him , revealing himself naked to the waist . | 3(2)
the government 's chances of forcing debate into the small hours against labour and rebel tory opposition were boosted when the liberal democrats threw their weight behind the procedural commons motion . | 1(1)
trailing some way behind the braver riders , i did n't even get to see a fox , let alone be in at the kill . | 1(1)
he still trails behind the greatest points-scorer of all , australian michael lynagh . | 1(1)
bobbie meanwhile had disappeared behind the ferns and lilies as smartly as a rabbit into its burrow . | 1(1)
she turned , then seemed to disappear behind the waterfall . | 1(1)
sir kenneth newman 's retreat behind ` operational independence " was cast out . | 4(2a)
a stony-faced barnes retreated behind the scenery . | 1(1)
when the rooftop vanished behind a yellow bluff of gorse , you followed your nose . | 1(1)
