he laid the sawn-off shotgun on the sofa beside her . | 1(1)
mary began to laugh as she danced along beside him . | 1(1)
as he hopped along beside her , she hopped and sang too , to show him that she was his friend . | 1(1)
stepson , a short-haired cat of some unaccountable breed , jumps up beside me on the seat . | 1(1)
tail wagging his thanks , he took the handle of the basket in his mouth and padded happily along beside angela . | 1(1)
dr ali was scurrying along beside him and from time to time glaring down the line of boys . | 1(1)
annie trotted obediently beside her , chanting to herself , ` wanta-wee wanta-wee wanta-wee , " in a sing-song voice . | 1(1)
many different species with such structures swam in the lagoons beside the gogo reefs , together with other more antiquated kinds . | 1(1)
the pavement beside alen glen 's was smashed and a corporation junction box that had stood outside jackson 's dog house in dundas street lay up a close . | 1(1)
corbett went and knelt beside the man . | 1(1)
philip knelt down beside him . | 1(1)
he knelt down beside the dog , staring into her face in the meagre light from the outer stairway . | 1(1)
i picked up the bottle beside me and took another long swig . | 1(1)
they moved on again with the river coursing slowly in the growing light beside them and the birds darting out in front of their horses ' knees . | 1(1)
jenna looked across towards the barn and then flung herself back beside him to lie watching the clouds scudding across the blue sky . | 1(1)
pringle looked up at alan markby stooping down beside him . | 1(1)
it was a command , not a suggestion , and , though she resented being ordered about , she crossed and knelt beside him . | 1(1)
i wept a little as i climbed the creaky stairs , and when i got into the attic i knelt down beside the bed , put my hands together and prayed . | 1(1)
he knelt down beside her chair . | 1(1)
lily knelt down on the pavement beside her husband again . | 1(1)
he knelt down beside her , his touch bringing a fresh whimper of fear . | 1(1)
they also lay down beside him and pressed their bodies against his to heat him . | 1(1)
he put his coat over her , and lay down beside her . | 1(1)
jeremy switches off the light , lies down beside her . | 1(1)
` tess ! " said d'urberville , and lay down beside her . | 1(1)
he sat beside her , close enough for her to feel the heat from his body . | 1(1)
he seated himself at one end , and emily sat beside him . | 1(1)
frenzied with distress , hazel leapt out of the gap and squatted beside him . | 1(1)
she knelt up beside him and looked down at his body , a satisfied smile on her face . | 1(1)
