equipped with messerschmitt bf109e fighters , the unit was composed of battle-hardened veterans who had seen much action during the fighting over england during the previous summer . | 1(1)
unfortunately the bed manufacturer had during that time increased the price to $120 each and this was their only source of supply . | 2(1a)
during this period control of the crown over what remained of the forest administration dwindled away . | 1(1)
detroit 's population has dwindled by half during the past four decades , to barely 1m . | 2(1a)
they are looking for rapid fluctuations of usually neglected minor steroids during the build-up to ovulation . | 2(1a)
ruined churches still stand as testaments to the women and children burnt alive in them during those years . | 1(1)
during the course of their upbringing , boys are disciplined by parents or child-minders when they play with their penis . | 1(1)
most of the building of the cathedral took place during two periods of intense patriotism in bohemia . | 2(1a)
these advanced topic lectures will take place during february and march 1992 in london . | 1(1)
` i want to know what discussions took place during the rover negotiations on other civil and military issues ; on launch aid for the airbus ; and on the general tax affairs of british aerospace . | 2(1a)
substantial growth had already taken place during the course of the eighteenth century , but after 1801 the pace quickened so that by 1851 the population of england and wales stood at 17?9 millions . | 2(1a)
i did n't need a pee because i 'd been pissing on the poles during the day , infecting them with my scent and power . | 2(1a)
she had not uttered a word during the relation of the news , nor shown any emotion . | 1(1)
so if you have any queries call the action team on 031-557-3194 during office hours and they will put you in touch with the person responsible for your area . | 2(1a)
if the complaint sounds familiar , gerry 'll phone you during the show . | 1(1)
police were given the slip during the night but the porsche was sighted again monday morning near diepholz , about 140 kilometers ( 87 miles ) west of celle . | 2(1a)
during this time it has donated more than $600,000 to over 2500 local groups , helping the disabled , under fives , elderly and youth groups with a wide range of special projects , or improving their facilities . | 1(1)
there is little doubt that some frenchmen fired on germans during the raid and afterwards , although on this occasion no hostages were shot . | 1(1)
it rained during the first few days . | 1(1)
the issues of a book during the first year after its publication are likely to be influenced artificially by publicity , so that duplication during this period should be exercised as sparingly as possible . | 2(1a)
during the mid-seventies laura travelled around europe a great deal , imbibing what she saw and able to take ideas and incorporate them into her collections . | 1(1)
during the 1640s he commanded ships on trading voyages to massachusetts , in association with his brother , who had returned home in 1643 . | 1(1)
many animals need to make long journeys over unfamiliar country during the normal course of their lives . | 2(1a)
a policeman who slapped a prisoner twice during a struggle at fort william police station was jailed for 30 days at fort william sheriff court yesterday . | 2(1a)
the major task tonight was congratulating three dogs which had outshone all others during the year in areas of saving lives , devotion to duty and pet of the year . | 1(1)
we could look for the gamma rays that the primordial black holes emit during most of their lifetime . | 2(1a)
they were clean creatures which did not excrete during their lifetime . | 1(1)
world champion jan kellner broke his rib during the squirt competition the day before . | 2(1a)
bett has problems with a painful toe , and mcclair strained a hamstring during a training session on sunday . | 2(1a)
he tore a knee ligament during psv endhoven 's 3-0 victory over willem ii tilburg on saturday and will be out for the rest of the season . | 2(1a)
even at four in the morning , if he woke during a rare , sleepless night , dexter liked to brush back the curtains of his bedroom and marvel at the twinkling lights . | 2(1a)
rose had already started to paint the main room of the house during the first exam . | 2(1a)
the chancellor made mention during his speech of a steady , if unspectacular , growth in retail sales over the past few months . | 2(1a)
during the late nineteen twenties and early thirties , the district was to pioneer rural areas schemes in bedfordshire with harold shearman and in east suffolk through william whiteley . | 1(1)
the films were shot during the day . | 2(1a)
the bone is also more extensively broken by the diurnal species during feeding , and it is less broken by owls . | 1(1)
iran , in fact , was the soviet union 's largest trading partner in the middle east during this period . | 1(1)
consequently , during the last months of his life edward conspired with northumberland to exclude his half-sister from the throne and to elevate instead the duke 's protestant daughter-in-law , lady jane grey . | 2(1a)
the duty manager had to drag her off the dance-floor during the cabaret show . | 2(1a)
