` inserting the device inside the brain , actually placing it in the lateral ventricle ensures that the chemical is evenly spread around the brain . " | 1(1)
newman ignored the extended hand , looked at the man called steve who had tucked his right hand inside the lapel of his buttoned jacket . | 2(1a)
oscar climbed nimbly back inside the cab , slammed the door shut and pressed a switch . | 2(1a)
as they rolled on to the pound meadowland , gabriel climbed down inside the cart so as to stay hidden until the right dramatic moment . | 1(1)
but i walked round the barbed wire and crawled inside the little ground that lay beyond . | 1(1)
when i was taken to see her , we all crawled inside her hut and sat on the mud floor there . | 1(1)
i warned them that d-i-yers should stop short of tampering with british telecom 's property , but they nevertheless decided to take look inside the junction box . | 2(1a)
last on the right was a bathroom and a quick look inside the door revealed nothing new . | 2(1a)
if you should wish to look inside the packet , before sending it , feel free to do so . | 2(1a)
i took a quick peek inside : bed , drawers , small bathroom with shower . | 2(1a)
she had a peek inside , and what do you think she found ? " | 2(1a)
the plot failed when one soldier peeped inside the box of quality street chocolates two days later and discovered 2lbs of semtex explosive . | 1(1)
miranda felt a melting and tickling inside her stomach as if someone was stroking it with a feather . | 3(1b)
i hear inside my head a dismal metallic howling . | 3(1b)
the door was ajar and patrick could see movement inside the room . | 1(1)
i could see the socks inside the trainers -- they were dayglo green , the sort that used to be in fashion years ago -- and they kept walking towards me . | 1(1)
and once again his eyes flicked past my shoulders , as if he could see something inside the trees . | 2(1a)
a blue powder was dusted inside the jodhpur-like underwear . | 2(1a)
he tossed the colt python onto the front seat then locked the keys inside the police car . | 1(1)
the stench inside the car was almost overpowering . | 1(1)
but there were no pictures to look at -- just a copy of the radio times which had been stapled inside a playboy cover . | 1(1)
it must allow plenty of ventilation or the condensation that will form inside the tank could not only encourage the spread of disease but also , in extreme cases , drown the caterpillars . | 2(1a)
the roots grow huge , sculptural wings to buttress the tree and the climber wraps itself around the lapuna , which slowly decays inside it . | 3(1b)
storing up a ticking-off for her sister , leonora managed a rather stiff smile to hide the joy bubbling inside her . | 3(1b)
however long an observer outside the radius r waits he will never receive any light emitted from a source inside the radius ro . | 2(1a)
shots slammed into the walls inside the courtyard where the civilians cried and threw themselves on the ground . | 1(1)
it was all too easy to visualise a cylindrical metal casing concealed inside that innocent-looking exterior . | 1(1)
from behind him came the hubbub of the powerful men who would project him into 10 downing street , fulfilling the dream which had burned inside him all these years . | 3(1b)
she made no answer , but rose from the chair , knowing when she was beaten , even though she was fuming inside at his high-handedness . | 2(1a)
shoving the letter inside her book emily had humped her bicycle down the steps and hurriedly pedalled off towards kensington high street . | 2(1a)
the door crashed shut , the loud clash of metal on metal reverberating inside the cell . | 1(1)
it sheared through bone and muscle alike , the strident snapping of the femur reverberating inside the room . | 1(1)
unfortunately , soon after that a copper spotted him doing his peeping tom bit , followed him inside the studios and looked very strangely at all this expensive gear lying around . | 2(1a)
he took the hand she held out to him and guided her inside the cottage . | 2(1a)
sandor disappeared inside the boat for a moment . | 1(1)
he and the boy disappear deeper inside the boat . | 1(1)
one who sought sanctuary was a milanese noble called landriani , who was pursued to the columns , but escaped inside the convent . | 2(1a)
she chuckled , then might pick up the animal by the scruff ( if it were a cavey , or a bird ) , and dash it to death on the ground and spill the guts to read them for herself , then sprinkle blood inside the circle and on her cheeks and brow . | 2(1a)
