after playing through each of these examples individually , combine them into a 12 bar sequence and use different double stops for each chord on each successive chorus . | 6(6)
you might think that combining all these things into one aircraft could lead to so many compromises that the result would be little short of disaster . | 6(6)
in a short essay the sections will be paragraphs ; in a long essay you can combine the paragraphs into titled and or numbered sections and sub-sections . | 1(1)
for economy in building costs , these three types of farm buildings were sometimes combined into a single building . | 6(6)
one way of accomplishing this in english law would be to merge provocation into a widened doctrine of diminished responsibility . | 6(6)
this year it is taking on its biggest challenge yet , backed by a major reorganisation which has merged two previously separate businesses into one . | 7(7)
separate the garlic into cloves but leave each intact and unpeeled . | 7(7)
theorists have categorized these activities into a sequential series but in practice they produce a complex interrelationship ( as shown in chapter i ) that is influenced by both a company 's products and structure . | 1(1)
you could easily categorise your addresses into five sections . | 7(7)
their classification into group i and group ii is based on canonical nucleotide sequence motifs and on conserved characteristics of the secondary structure potentially formed by the intron rna ( 1 , 2 , 3 ) . | 3(3)
since rocks of different composition absorb and reflect light differently , astronomers can usefully classify the asteroids into 16 groups on the basis ( more or less ) of their colours . | 6(6)
it was possible to classify rectal sensations into a group with no sensation , a group with intermittent need for defecation , and a group with continued need for defecation throughout the distension period . | 1(1)
again , attempts have been made to classify purrs into different types , but they all carry the same basic message of friendliness . | 3(3)
the children began to sort large rectangular bricks into one pile . | 1(1)
the national park authority and dyfed wildlife trust have carried out a survey into the summer population of shelduck . | 3(3)
in one mountainous region of greece a survey into the causes of youth migration in the early 1970s indicated the problem as lack of social and recreational amenities . | 3(3)
she spoke out after a new survey into adult literacy revealed the scandal of the ` forgotten millions " struggling with the written word . | 3(3)
a north-east bus driver is the friendliest in britain according to a survey into the region 's manners . | 3(3)
a uniformed policeman had stepped out from the kerb up ahead and was waving them into a side road . | 3(3)
they waved him into the customs ' hall . | 3(3)
but the crash could have been avoided had the pilot taken a safer course , sheriff douglas risk said in his report on an inquiry into the accident held 13 months ago . | 5(5)
a tall lean figure with deep lines carved vertically down his brown cheeks , he came into the office looking as cool as he did on a winter 's day . | 3(3)
under their leadership corning has prospered by making well-timed exits from mature , slow-growing industries and equally well-timed entrances into young , fast-growing ones . | 3(3)
hence their determined entrance into the political arena . | 1(1)
its entrance into the family arena escalates existing disputes . | 1(1)
she was about to introduce herself when bridget made a dramatic entrance into the room , bearing a steaming bowl of punch on a tray . | 1(1)
the sudden entrance into hot sunlight caused paige to shiver . | 1(1)
we chucked their livers into a large barrel fastened to the mast ; these were sold for cod-liver oil and the money they fetched was the perquisite of the crew . | 6(6)
c'zinsit hurled himself into the saddle and charged away . | 2(2)
he had smiled at the frontier guards and kept walking with his rucksack slung over one shoulder until the hand had clamped on his collar , and the boots had pitched him into a cell . | 3(3)
erm i 'd like to pitch another figure into the debate , er because i do n't agree with the county council on this either . | 3(3)
he knocked my gun from my hand then pushed me up against the wall , pressing his own gun into my stomach . | 3(3)
` are you suggesting joseph pushed her into the water as she walked through the harbour ? " | 3(3)
when she hurried out to the car , carrying her drawing materials which she had shoved hurriedly into a canvas bag , julius was already sitting in the driving seat . | 3(3)
despite the time lost , he threw himself into his work and eventually , with a good brain and a determination to achieve , obtained qualification to become a surgeon in a children 's hospital . | 2(2)
finally he stood up , thrusting his hands into the pockets of his black trousers . | 1(1)
ymor crumpled the note and tossed it into a corner . | 1(1)
with two brisk movements she wrenched the wire loose and tossed the microphone into the water . | 1(1)
wash the grapes and halve them , then toss into the bowl . | 3(3)
on the third night , sylvia was chosen to accompany a punter into the medieval castle . | 3(3)
at the churchyard stile the priest would meet him in ` reverential pomp " and conduct him into the church to attend divine service . | 3(3)
she followed into my office and arranged herself neatly in a straight-backed chair , notebook open and sharp pencil ready poised for an attack on the clean white pages . | 3(3)
between them , candy and adam had hounded her into a corner ; she felt beleaguered , under attack from all sides . | 3(3)
at the end , to the north side , the policeman led duncan into a small suite of offices . | 3(3)
the boy walked beside him from the post office to lipton 's , talking about the secret that was safe between them , pursuing him into the shop itself . | 3(3)
at times he felt himself departing into hallucination . | 3(3)
sea-lion pups seem safe as they lounge on a patagonian beach , slowly building their strength and preparing themselves for their departure into the sea . | 3(3)
it took more than 40 years for that memorial to be raised , near the place where raoul wallenberg 's car was found after his disappearance into russian hands . | 7(7)
two springs , two summers , and now a third winter had passed by since woil had made his brief escape into freedom . | 1(1)
with a violent shout orlick jumped over the table and escaped into the night . | 3(3)
he would , however , be an ill-chosen ally for quantum mechanics , for a retreat into the idealist castle would be a highly injudicious move . | 3(3)
james , earl of douglas , raided northumberland , laying siege to newcastle , and after a few days ' inconclusive skirmishing , the scots army retreated into the cheviot hills . | 3(3)
while howard gingerly tested the salmon 's swirling waters , the nez perce , on 1st july , quietly packed camp and withdrew northwest into the pine-covered mountains . | 1(1)
we can withdraw into fatigue . | 1(1)
israeli troops have withdrawn into their self-declared security zone in southern lebanon . | 1(1)
they were restoring a measure of dignity , conceived to have been taken from them , by withdrawal into injured and strategic silence . | 7(7)
if someone empties their in-tray into yours , protest . | 1(1)
not more than half an hour had passed when a little grey tractor chugged into the car park . | 3(3)
one or two clattered into the cot . | 3(3)
ice cubes clatter into the cup , followed by a large slug of old bedwetter . | 1(1)
they clattered into the hallway . | 3(3)
sometimes money clattered into the tray . | 3(3)
he moved along the row , putting in money , pulling the handle , watching the drums revolve and click into place , moving on . | 2(2)
but the receiver had already clicked into place and she knew he had n't even heard . | 1(1)
when eventually she left the sitting-room to go to bed , she pattered into the hall , knowing in advance that she was in for another wretched night of it . | 3(3)
it was only a moment or two before a couple of cars came up the hill and screeched into the side of the road . | 3(3)
they thumped together into the range rover . | 3(3)
often we cross the border into italy . | 1(1)
yet of those lines only 10 actually crossed the border into russian poland , and even as late as 1918 there was no direct railway link between poznan and warsaw . | 1(1)
aiming to cross into austria at gmund , i came on the border post sooner than i had expected and , misreading the signs , drove past the guard-post to the frontier barrier . | 3(3)
we now descend a winding road into the village . | 3(3)
the second real objection to this form of psycho-biography is that as soon as freud is quoted as gospel , the whole argument descends into music hall burlesque for everybody but dedicated freudians . | 4(4)
then one night the child fell onto the bass drum , plummeting ten feet into the orchestra pit without seeming to harbour a grudge , and it occurred to his father to try bouncing him . | 3(3)
only four months previously the land had suddenly plummeted into the straits , taking with it a village of some eighty souls . | 1(1)
the plane rises unsteadily into the air . | 3(3)
the track dipped , weaving into a wooded hollow . | 3(3)
the sharp declivities on all sides give depth to the prospect and reveal mallerstang below and the eden valley winding into the distance backed by cross fell , with the town of kirkby stephen also easily seen . | 3(3)
in the cold darkness within he groped his way to the narrow stair that wound upwards into the triforium , and climbed it , clinging with nervous hands to the stone . | 3(3)
it turned out to be a story about the residents of a block of flats being used as breeders by aliens , who implant their offspring into the unsuspecting humans . | 3(3)
injected into the brain in high enough doses , such antibiotics will also stop most of the brain 's rna or protein synthesis for a period of some hours . | 1(1)
quickly robert inserted the needle into the thigh muscle , and in about a minute , the small body went limp . | 1(1)
needle insertion into the tender points was avoided in this study . | 1(1)
the occupants jumped out and began to load packages into a waiting truck . | 1(1)
miss bradley , of crowthorne , berks , was stabbed repeatedly in the back with an eight-inch carving or butcher 's knife as she loaded shopping into her car in acton town , west london . | 3(3)
then , without more ado , he loaded the horses into the trailer . | 3(3)
use extended memory and load smartdrv into upper memory blocks if you 've got emm386 active as a umb provider . | 1(1)
lowden have managed to pack a big sound into a small package and the end result is a guitar that can cope with anything from basic stage accompaniment to virtuoso-standard fingerpicking . | 2(2)
the robbers opened the strongroom and packed the cash into bags . | 1(1)
she began gathering plates and cutlery , then packed them into their hampers while the two guides dismantled the barbecue . | 1(1)
the following companies are featured in a short season that packs sixteen events into three days . | 7(7)
she had piled her long hair into a sleek chignon , and tiny wisps escaped across her brow and to the nape of her neck . | 1(1)
with city struggling to defend at set pieces , strachan again planted a free kick into the penalty area where david wetherall released gary speed whose left foot shot gave tony coton no chance . | 3(3)
culliman chuckled at the idea ; the ambassador murmured something and backed into the room . | 3(3)
the other man backed into the shadows of the doorway . | 3(3)
` so you just barge into my bedroom and wake me up ? " | 3(3)
he gets a bit fussed and fidgety if i barge into his bedroom but we sometimes have these little chats on the stairs now . | 3(3)
the man was having a family gathering when the masked raiders , armed with a pistol and a knife , barged into his home in knowle , bristol . | 3(3)
at that moment james morris barged into the office without knocking , looking flustered . | 3(3)
hearing these words and seeing the speaker ride boldly toward him , the tiger was so alarmed that he turned tail and bolted into the forest . | 3(3)
indian journalists are busily burrowing into the business affairs of the prime minister 's family , and there are signs they might find something embarrassing . | 3(3)
instead of burrowing into the foliage it makes its home in the stems of aquatic plants . | 3(3)
we clambered into the back of a vw truck and drove for about five minutes , then waited outside an apartment block while the guards chatted with a woman . | 3(3)
the end of the show was a slow fade as joyce dances into a kind of immortality after her death from cancer in 1979 . | 3(3)
growing bolder , she made a dash into the hollow of his mouth , and touched his teeth , played briefly with his tongue , before darting back out . | 1(1)
" he flitted into the parlour as his wife made a threatening gesture . | 3(3)
she flounces into the living room and holds open the door . | 3(3)
they hastened into the shelter of rocks and wood , wary of falling branches but aware that they had little choice but to seek refuge from the storm in the wind-shadow of great trees . | 3(3)
american civil war fanatic ray loveslife-brown will hobble into his next ` battle " on crutches -- after blowing off a toe with his musket . | 3(3)
hobbling into range west on crutches , with a rope round my shoulders , i was looking forward to the expressions of disbelief that would have greeted my reply to sentries ' questions about what i was doing . | 3(3)
as a fledgling journalist on the yorkshire evening post i had written one or two bits and pieces about my jaunts into the dales . | 3(3)
watching the other girl jog into the distance , lindsey hesitated fractionally before deciding that she might as well go for a swim anyway . | 3(3)
four hours late , the train limped into winnipeg at midnight . | 3(3)
initially he saw only one of the hideous creatures , but more of the demons appeared out of the darkness , loping into the alley . | 3(3)
dexter came off the phone and scribbled a line or two of notes when blanche loped into the office . | 3(3)
as he loped silently into his new position , doyle wondered if chrissie stone knew what her husband was up to . | 3(3)
cardiff threw himself backwards against the staircase wall , as the thing from the stairwell lunged backwards into the darkness , taking the flapping and gutted body of peters with it , still fastened to its arm . | 3(3)
` failing that , " he said pragmatically , ` shall we meander into a cafe for something to drink ? " | 3(3)
at any time of the year , if you meander into the hilltowns , your senses will be rewarded . | 3(3)
she padded into the galley . | 3(3)
the back screen door slammed and a second later her son hank padded silently into the kitchen . | 3(3)
everton , inspired throughout by peter beardsley , killed off the game by romping into a 3-0 lead in 38 minutes and could easily have doubled it . | 3(3)
clarissa closed hers quickly and scrambled into some clothes . | 7(7)
he scurried into the safety of the great car . | 3(3)
they looked about them a bit hazily and then at the bleeding half-thing that had been the young boy and scuttled into a corner . | 6(6)
she scuttles into the house at twenty past four , and then she floats down the stairs as stephen comes in the door . | 3(3)
i saw the outlandish figure shuffling into the dock . | 3(3)
preceded by a cloud of vaporised breath , a figure shuffled into the light spilling from the hall . | 3(3)
the warriors now form a line and skip into the enclosure . | 3(3)
at this moment badger skulked into the kitchen , loped over to the pedal bin , and stood gazing mournfully at a piece of orange peel , just visible over the edge of the plastic rim . | 3(3)
u from my vantage point i could see through the railings into the front garden where shep was slinking noiselessly into position beneath the stones . | 3(3)
and are you happy with your pointlessly expensive urban house with its coffee-and-cream decor and its bristling gadgets , your sixty-five-minute slog into work every day , your overheated office with the 'phone shrilling in your ear , your tiresomely predictable holidays , your interests in food , jogging and american films of the 1940s , your car which is always getting scratched , and your kids and the mortgage and the bills and all that ? | 3(3)
the shafts sprang into the air and i was dangled like a gymnast on parallel bars , before being tossed to the ground . | 3(3)
raul boesel , a brazilian , sprinted into an early lead as the field tested the narrow corners . | 3(3)
claire sprints into work . | 3(3)
we miss the headlines , staggering into the back of the television lounge about five minutes after the news starts . | 3(3)
he had just paid for the whisky when the door blew open , and a huge irishman staggered into the establishment . | 3(3)
weary beyond belief , we kept tramping on , stamping our feet into the soft desert sand and lifting them up again like automata , every step an effort . | 1(1)
she grew bolder and stole a wee bit further into the garden . | 6(6)
but as the pony trotted on under the cloud-filled november sky the voice that soon stole into abie klugman 's mind was not from his past or his future , but from his present . | 1(1)
she frowned , not understanding at first , then felt a faint flush steal into her cheeks as his meaning became clear . | 3(3)
never would he forget the walk home along the promenade afterwards when her delicate little hand , albeit gloved , stole into his . | 3(3)
a flush stole into lucy 's cheeks as she snapped coldly , ` in that case , better luck next time . " | 2(2)
in the foreground , blue water tumbled beside the steps into rectangular pools . | 1(1)
perhaps the thunderbird 's one-sided peghead might have been more in keeping with gibson 's bold step into the next century . | 3(3)
chant went off , and estabrook climbed the steps into the caravan . | 3(3)
these steps into a wider world were part of a great process of expansion by western europe that had already been going on for decades . | 6(6)
she stepped into the garden uncertainly , followed by two tall people . | 3(3)
anthea has only just stepped into yvette 's shoes but has already made pals with the other presenters and , course , bonnie the dog . | 3(3)
kevin looked furious as he stomped into his office . | 3(3)
oliver 's beach friends straggled into the cafe , grumbling at the abrupt change of weather . | 3(3)
he strode briskly into the building as if nothing had happened . | 3(3)
barnett threw the door open and strode into the street . | 3(3)
claudel strolled into the market , rubbing shoulders , ignoring and being ignored . | 3(3)
blinded by the chlorine , he had stumbled into a house that was burning after being hit by a shell . | 3(3)
if can recall to this day a book i had for review years and years ago in which the hero swaggered into a smart london nightclub , ordered a magnum of champagne and drank it down . | 3(3)
if another stickleback swims into a male 's territory , the owner swims hard at the intruder , and drives it off . | 3(3)
ludens tiptoed into the kitchen and was amazed to see two mugs on the table with remnants of tea in them . | 3(3)
frowning , o'hara inched open the pass door and tiptoed into the prop-room . | 3(3)
valery and ina and their children were visibly tired as they traipsed into the ministry of immigrant absorption reception hall at ben gurion airport . | 3(3)
` if i tread too presumptuously into sacred places , reprove me , " entreated the earl , with the submissive sweetness of a brand-new novice . | 1(1)
between 1919 and 1923 about 700,000 germans living just inside the polish border , in poznania and the corridor were forced to abandon their homes and trek west into the reich . | 3(3)
they trekked into the mountainous countryside in southern arabia for what turned out to be a memorable day . | 3(3)
he longed for rest but knew that he had to keep moving , and hauling on the line , he got his hands on to the taffrail and vaulted into the cockpit . | 3(3)
he 'd gladly wade into the attack . | 3(3)
` i 'm not used to some bloody apprentice waltzing into my house and asking me about my private affairs -- " | 3(3)
once again the smiths waltzed into a situation far in advance of their short-lived career . | 3(3)
once inside she wriggled into the corner of the seat to make room for him , and prepared to enjoy the novelty . | 3(3)
johnson then insisted on descending to the shore and boating into the basin itself , which was entered by means of vigorous rowing to the very entrance , then , oars shipped , by gliding the rest of the way , as the extended oars would not squeeze through the opening -- although they might today , after two centuries of further erosion . | 3(3)
at that moment yanto notices herbie connors cycle into the yard with his bag of empties . | 3(3)
it was the excuse for her deep delaying gaze into the looking-glass . | 3(3)
mildred gave one last , long look into maud 's eyes , but she could see that there was no hope of maud recognizing a half-mad frog as her best friend . | 1(1)
she places her hands on my cheeks and stares into my eyes . | 4(4)
the white woman stared into her wine-glass as her friend started speaking . | 4(4)
` you could n't see into the office from the kitchen ? " | 4(4)
with extreme tact and gentleness , aunt tossie persuaded mrs geary into an old people 's home . | 3(3)
she heard john looking for a clean pair of dungarees , heard him persuading ben into them . | 3(3)
it will help policemen and insurance assessors to extract sensible evidence from befuddled witnesses , tease effective instructions out of skilled but inarticulate craftsmen , and trick unwary criminals into much completer confessions than they had intended . | 3(3)
it was a statement of fact , one which again damned her , implying , as it did , that she had been the one to manipulate peter into a liaison . | 4(4)
` -- and culminated in your attempt to blackmail her into a deal . | 6(6)
the two long fluorescent tubes suspended from the ceiling blinked , then glimmered , then glowed into steady light . | 6(6)
edmund blunden observes that leapor has modelled her poem on philips 's , ` but the imitation glows into originality when she comes to close quarters with her subject . " | 6(6)
what was more painful were kate 's fists smacking into his stomach , blow after blow . | 3(3)
she laughed hysterically , jamming her fingers into her mouth to muffle the sound . | 6(6)
i smiled at her , and she jammed a copy of pravda into my hand , her smile still ticking over . | 1(1)
do n't rub snow into any part of you | 1(1)
i 've been asleep , lulled by competent hands rubbing aromatic oils into my aching shoulderblades . | 1(1)
he spat , and rubbed it into the cobbles with his boot . | 6(6)
tempera is the normal alternative to oil for overpainting gold , but you may be able to use a thin layer of tempera or even saliva rubbed into the surface as a preparation for acrylics . | 1(1)
david , aged nine , empties our bin in the yard to pick out the salvageable items before he crams the rest into a sack to take to the dump . | 1(1)
she handed him sandwiches , which he crammed into his mouth , choking . | 1(1)
after removing rollers , fingers were used to loosen curls into ringlets . | 1(1)
such devaluations were reportedly made to retain competitiveness with the heavily devalued argentinian austral [ see p. 37244 ] in order to stem the flow of contraband into the country . | 1(1)
wilkie wriggled into the seat beside her . | 3(3)
she bolted into a deep brake of ferns and , bending low , crept away and then sank down and crouched motionless , hoping the two men would n't find her . | 3(3)
we exited into a back alley via the fire door . | 3(3)
penry ushered her into the kitchen , unzipping her jacket as though she were a child . | 3(3)
the best example of this was the way in which she stung the government into action to do something about aids . | 7(7)
she was still shaken that anyone should calmly kiss her when she had not been long widowed , but his remark stung her into retort . | 6(6)
cadfael began to prowl uphill along the edge of the path , probing into the bushes , and then downhill again on the opposite side . | 3(3)
in committee we shall probe deeply into that issue . | 7(7)
he hauled the harmonium into the room past mum , pausing only to wink at me . | 1(1)
as he finished tying the cravat into an acceptable knot he saw that one of the cheese-knives had stuck to the table linen by virtue of the butter that had been left on it . | 6(6)
michael and edward placed one of the flat pieces of steel at one end and tom and mr fletcher fixed it into place . | 6(6)
peach alone was in the house , having let himself in through the cat flap stephen had fixed into the lower panel of the back door . | 1(1)
ratagan asked her quietly , slicing into his cheese . | 3(3)
time was away displays minton 's striking ability to blend all the parts into a decorative whole . | 1(1)
they rattled as she stalked , sometimes alarming her prey , and so she scattered them into the sand , to be ingested by the things that lived below the dunes . | 1(1)
the route concludes with a descent into borrowdale which is often claimed to be the most beautiful valley in the whole of england . | 3(3)
he closed the throttle for a descent into waddington . | 3(3)
to get the best shots of the falcon 's descent into an american football stadium steve set up cameras inside the hercules plane and attached to the freefallers themselves before positioning himself on the ground . | 3(3)
one must imagine five or six hundred soldiers swarming into the garden of gethsemane . | 3(3)
overhead , soviet troops swarmed into the reichstag , but at the bunker , all that remained was hitler 's charred corpse . | 3(3)
she thought of the bleak , futuristic decor and the grey river beneath , and nodded abruptly before other thoughts could crowd unbidden into her head and start that agonised melting all over again . | 3(3)
letters of thanks have been flooding into our offices . | 1(1)
dr glyn vale , of the rekomitjie research station in northern zimbabwe 's valley , claims that the ecologists lack the evidence to prove that the tsetse has prevented farmers from flooding into treasured wildlife areas . | 1(1)
men flocked into her office . | 3(3)
children type their stories into the computer or microwriter . | 1(1)
the patient pulls the sweater over his head and then puts the unaffected arm into its sleeve . | 3(3)
grass , which is sown with clover , provides rich pasture for cattle in summer and the clover is another plant which puts nitrogen into the soil . | 1(1)
put into a deep frying pan with about 3 in water and bring to the boil . | 1(1)
hence the importance of repentance , faith , baptism into the messianic community , and the reception of god 's offer of forgiveness and the holy spirit . | 3(3)
with the advent of the portuguese , brazil was declared roman catholic and according to the practice of the age , jesuit priests accompanied the occupation of the country , seeking to baptise the indigenous indian communities into the catholic faith . | 3(3)
i was running along the pavement of rochdale road , just after midnight , wearing , among other things , two quilted anoraks , one of which had fourteen pounds of sand sewn into the lining . | 1(1)
` if you only snore on your back , " he advises , ` then a tennis ball sewn into your pyjamas may do the trick . " | 1(1)
it smacked savagely into the man 's face , flattening his nose . | 3(3)
what was more painful were kate 's fists smacking into his stomach , blow after blow . | 3(3)
then the police car had crashed into a fence . | 3(3)
the truck then ploughed into the crowd . | 3(3)
the young man , who is now 23 years old , was only 16 when a car ploughed into him and a couple of friends as they walked home from a party . | 2(2)
several other humans banged into him , almost jarring masklin loose . | 2(2)
i witnessed an accident where a vehicle collided into the back of another one , pushing it completely across the crossing . | 2(2)
the truck smashed into the barrier , broke through it , lurched down an embankment . | 2(2)
a passenger train smashed into a truck on a level crossing near lisbon killing the train driver and injuring about 30 passengers . | 2(2)
tanjug also claimed 36 children were among those killed at the weekend and police fired into the bodies of the wounded . | 2(2)
as horrified guests dived for cover , the gang of five fired into the crowd , killing two white couples , before escaping . | 3(3)
whatever decorative covering had concealed the entrance had likewise rotted into dust . | 1(1)
he hooked a finger into the corner of his mouth , as though he was versifying on the spot . | 1(1)
they journeyed into the countryside , sleeping under the trees , eating what ivan could trap or shoot . | 3(3)
on the programme , she commented that her excursions into the world of night give her some very special insights and material which she is then able to use in her novels . | 3(3)
the rooms inside were stuffed with the loot from francis 's expeditions into italy ; tapestries , more statues , gold and silver artefacts , jewelled vases , and the softest carpets of pure wool in various hues . | 3(3)
corbett crumpled the parchment into a ball and threw it angrily at the wall . | 6(6)
a drop of soap trickled into his eyes and he rubbed it only to find that he had created more pain . | 1(1)
suddenly a hurricane came down in a screaming dive and splashed into the sea . | 1(1)
the crimson rivulets were lengthening , tracing lines down his throat and soaking into the collar of his overalls . | 1(1)
a teenager who plunged a screwdriver into a frail 85-year-old woman as accomplices ransacked her home , has been sentenced to eight years " detention . | 2(2)
another sufferer plunged her face into cold water for relief . | 1(1)
as always he had to fight the impulse to fasten his mouth over hers and begin resuscitation , to plunge a needle into the still warm heart . | 1(1)
william claimed that richard cheated by plunging his sword into william 's horse when he found that he could not win by fair means . | 2(2)
we proceed into the bedroom . | 3(3)
i hurried down the stairs and was in time to see the gentlemen proceeding into the smoking room . | 3(3)
he sidled into the reception cubby and addressed his receptionist , an eerily svelte woman-form of perfect shape and minimal , pixie-like features . | 3(3)
i sidled into the room , scarcely daring to breathe lest i harm the recording . | 3(3)
he sidled into the utility room , treading with remembered caution , and reached for the light switch . | 3(3)
an opportunity for escape occurred shortly afterwards when she and wordsworth set off on a walking tour into the wye valley . | 3(3)
once cold , grind the praline into a fine powder . | 6(6)
jack plucked the flower out of his morning coat and closed his fist slowly over it , crushing it into a pulp . | 6(6)
the boat was drifting into the current , the long poles dipping in the dark water and pushing her away . | 3(3)
present trends mean that by 2003 , a quarter of all the sulphur dioxide emitted into the air of the european community will be from the uk . | 1(1)
pilkinsulation is a well-proven method of energy conservation , and its use reduces the amount of carbon dioxide emitted into the atmosphere by the burning of fossil fuels . | 1(1)
the water acts as a solvent for the digestive enzymes secreted into the gut . | 1(1)
` i want to see it drop into the pacific . " | 1(1)
then see your resistances become bubbles , which float away into the cavern , burst and are gone . | 3(3)
david kent 's good-natured face floated into her mind . | 3(3)
it soared into the air . | 1(1)
there he was , an island of stillness in the flow of pre-christmas shoppers and tourists , and londoners heading into the glittering heart of the capital for the best of all possible times . | 3(3)
her diatribe was cut off by michael who stormed into the kitchen . | 3(3)
this week an irate mother reportedly stormed into a london school and hauled her 15-year-old daughter out of a class in elementary sapphism . | 3(3)
he stormed into the square , sending another red-coated soldier sprawling , backhanding him into the mud , and tossing his sword after him . | 3(3)
first his y-reg yugo crunched into the back of a trailer behind a broken-down austin ambassador . | 3(3)
on-coming cars skidded to either side , slamming into basement dwellings , ploughing along sidewalks , overturning and bursting into flames . | 3(3)
his head was forced down , so that the safety-bar slammed into his neck . | 1(1)
the last brick slammed into place . | 2(2)
without speaking , she elbowed him out of the way and continued with her baking , thumping and banging the dough into shape , all the time her tears falling silently . | 1(1)
they ` hot-wired " a prison van and repeatedly rammed it into a security gate . | 3(3)
the estranged wife of a cheating council boss told last night how she took his $22,000 mercedes and rammed it into the front doors of the town hall where he works . | 3(3)
cook gently for a further 10 minutes then break the fish into bite-size pieces . | 1(1)
victor lewis-smith killed it , in one of his time out columns , with a heartfelt appeal for a gadget which would enable us to break the last tiny piece of poppadam into two equal pieces . | 7(7)
break the carcass into small pieces and put into a pan with the giblets , bay leaf , a peeled onion and carrot . | 3(3)
tear the paper into bits , and flush it down the toilet . | 7(7)
` they 're tearing him into four , " said snodgrass . | 7(7)
her grip tightened as he accelerated , and after a moment or two he coasted slowly into the kerb and stopped . | 3(3)
funny girl pamela stephenson looked like she 'd joined the smile-high club yesterday as she jetted into britain with pop star george michael . | 3(3)
after ingestion , the l3 exsheath and invade the wall of the large intestine where they develop to l4 ( p1.iii ) before emerging into the gut lumen and moulting to become young adult worms . | 3(3)
for a moment when he emerged into the street , he was completely disorientated . | 3(3)
she whispered to her husband , as marion stooped gracefully into the hut , ` did you ever see such beauty ? | 3(3)
she 'd have just merged into the background . | 1(1)
shiona scowled into his face with its arrogant high cheekbones , self-satisfied mouth and eyes as hard as sapphires . | 3(3)
splashing the liquid into a goblet , he carried the drink back to the bed and shoved it brusquely into isabel 's hand . | 1(1)
baron de tracy grinned openly and grabbed a drinking-horn , splashing some wine into it from the jug on the table . | 1(1)
he splashed whiskey into the glasses . | 1(1)
he unswung the machine-gun and sprayed the bullets into the trees , sending his hunters scattering for cover . | 1(1)
this spotted sea hare ( above ) is a mollusc that can squirt a cloud of purple ink into the water in response to the approach of a predator . | 1(1)
he crouched behind the mother to squirt milk into the bottle . | 1(1)
however , its task is made much more difficult by the fact that derogations granted to the welsh water authority allow it to pump raw sewage into both those rivers . | 1(1)
the longer we continue to pump lead into the atmosphere , the more it will accumulate . | 3(3)
this has been open to doubt since june 8 , 1989 when an extreme left-wing group pumped 20 bullets into valenzuela 's former chief , ` wally " fuentes morrison . | 1(1)
this amplification is produced at the expense of energy pumped into the medium via the population inversion of its atoms or molecules . | 1(1)
