the truck finally swerved off the road and jounced across pine roots before it stalled with a jerk in the middle of a little grove . | 4(3)
there was a story about an oil tanker that had veered off course and steamed right through heaven sound . | 4(3)
myself and another englishman called ronny were given rakes and told to clear the leaves off a huge area of gravel . | 4(3)
then the wind rose again and plucked his top hat off his head and sent it bowling among the stones . | 4(3)
the sand sunk ; the wheat floated : and imo could then skim a clean meal of wheat off the surface . | 4(3)
you 've got to take your mind off this horrible business somehow and it 's a sin to waste this glorious weather . " | 4(3)
this too can take pressure off your cashflow -- and the pension plan option makes excellent use of available tax relief on premiums and on the cash sum at retirement which is tax free . | 4(3)
` the wounded men were taken off and other fellows saw what happened to the men who were killed . | 4(3)
more than 1,000 passengers were taken off when the accident happened on august 7 , 1992 , en route from martha 's vineyard , massachusetts to new york . | 4(3)
there 's this white blazer with these thick purple stripes , and i take it off the hanger . | 4(3)
` we need him as president because it takes him off the streets , " said his close pal , david leopoulis . | 4(3)
in slight panic , she climbed off the bed and swopped her jade cotton nightshirt for the first swimsuit which emerged from her case . | 4(3)
` you can give me a lift , " said irina , hopping off the table . | 1(1)
it tried to jump off the table and had to be held firmly so that sophie could freeze the surrounding area before lancing it . | 4(3)
" she jumped off the bed heavily . | 4(3)
we said our farewells and i leapt gratefully off the ridge and on to the safe path with the elegance of a stunned ox . | 4(3)
the opening of the story leapt off the page with a vividness very different from that of the factory whistle . | 4(3)
if artists have to address the fact that aids-sufferers shuffle off this mortal coil faster than most of the rest of humanity , perhaps the arts most closely linked to the body can express the idea best . | 4(3)
another weeping woman staggered in off the street . | 4(3)
a combination of bargain hunting , a firm wall street opening and the clear reluctance of building societies to rush to increase mortgages helped the market stagger off the floor . | 1(1)
our first steps off the spyway road took us through green and pleasant farmland where playful sheep frolicked alongside and a lone tractor droningly went about its work . | 4(3)
she stepped off the bottom stair onto a carpeted floor . | 4(3)
we stepped off the plane into warm balmy air , happy to be back amongst the many english and maltese friends we have made here . | 4(3)
after an evening swim off the rocks , lili showered and changed into gold grecian sandals and a white silk , ankle-length sheath under which she wore nothing . | 1(1)
after an evening swim off the rocks , lili showered and changed into gold grecian sandals and a white silk , ankle-length sheath under which she wore nothing . | 1(1)
she tried to keep her attention on the lines , but they were already swimming off the page . | 4(3)
she waved her hands as she talked , and kept wandering off the subject . | 1(1)
fiona glanced off to one side a couple of times . | 4(3)
the reek off him was now of whisky . | 4(3)
somebody pinched something off me so , bugger all this , i said , i left her there . | 4(3)
` the attacker dragged her to the floor and snatched the bag off her arm . | 4(3)
` just when a player thinks he is past him , pally will stick out a long leg and nick the ball off him . | 4(3)
i know i took a saw with the idea of cutting his head off so that the body could n't be identified . | 4(3)
should i cut off his fingers for daring to draw blood from your precious wife ? " | 4(3)
this they failed to do and to end the sorry spectacle an order came that the executioner should cut his head off . | 4(3)
` if somebody does n't do something quickly , " said the queen , ` i 'll cut everybody 's head off . " | 4(3)
` gorevan then threatened to cut off thomas 's ear , his penis , and break his legs , " said miss dowell . | 4(3)
` it is something to do with the way that people want to chop your head off once you get successful . " | 4(3)
i was thinking , oh yeah i 'll just chop my legs off at the knee shall i ? | 4(3)
polly smoothed the tumbled curls off his forehead , careful to avoid the plaster-covered wound . | 4(3)
paul jesson has some memorable moments of pitch-black comedy as the fence and thief-taker peachum , as well as sudden outbursts of vicious violence that wipe the smile right off your face . | 4(3)
he said , ` there 's a deep-water channel off danu . | 3(2a)
i haul her off the bed and half carry , half drag her into the bathroom . | 4(3)
a petrol-filled barge was ignited off shoeburyness on august 8 . | 4(3)
we were soon splashing about in the surf washing off weeks of dirt accumulated in the slit trenches . | 1(1)
re-immerse in the detergent solution to wash off loosened dirt . | 4(3)
only then would the bride wash off her many powders and oils with the help of her mother . | 4(3)
the only snag is that if he is filming the hit tv show he ca n't shave off his distinctive stubble . | 4(3)
most professional male swimmers shave off their body hair to make them more streamlined and thus swim faster . | 4(3)
always rinse off all salt and chlorinated water after swimming , as these have a drying effect on the skin . | 4(3)
i 'm not playing any more , " and she stormed off the court , convinced that everyone at the club house was laughing at her . | 4(3)
it was a cul-de-sac off ladbroke grove , with two restaurants and two large pubs at the top of it . | 4(3)
but i was an alien being in a green screen world , lost , weeping with rage and frustration , cuffing the poor old computer , banging my head off the keyboard . | 4(3)
they must think they 'd scared him off with all their mumbo-jumbo and telling him to go straight home . | 4(3)
moonlight glinted off the rifles of the sentries as they patrolled the area in front of the house , lighting up the long black mercedes that waited , chauffeur at the ready in case of emergency . | 1(1)
sun glinted off the water and the golden light was so pellucid , so dazzling , that she felt in her bag for her sunglasses . | 1(1)
psepha was suddenly rising gracefully , the afternoon sunlight gleaming off wings that were still no more than a golden film . | 4(3)
amanda flung off her coat in the hall and walked briskly into the lounge . | 4(3)
the specks of dust consisting of heavier particles flung off by the sun aggregate into larger lumps ( a process which can be duplicated in a laboratory ) . | 1(1)
she pushed the tray off her knees and lay back on the pillow . | 4(3)
` at the time , he thought -- no , it was almost as if he was hoping -- that someone had pushed klein off the cliff . | 4(3)
meg stood in the doorway and watched her push the donkeys off the short grass of the plateau and on to the path . | 4(3)
clive spun around and collapsed at the same time , heaving from his shoulders in a spasm which threw nina off his back . | 4(3)
he 'd thrown the receiver off the hook , but she was haranguing the empty line , demanding he reply . | 4(3)
they try and throw the hounds off the scent and generally disrupt things . | 4(3)
lids unscrewed from jars , boxes opened , books thrown off the shelves . | 4(3)
seconds later she shoulder-charged the door , and found herself in an eerie moonlit room where she could distinguish nothing , except the deafening howls which seemed to reverberate off the walls . | 4(3)
he began to tug off his mask . | 4(3)
then she pulled the biscuit tin towards her across the table , yanked off the lid . | 4(3)
such reform would have to be approved by the djiboutian people in a referendum to be held once the " armed bands operating in the north " had been " chased off national territory " . | 3(2a)
the butcher chases them off the rock with kicks and abusive shouts , as though punishing them for bad behaviour . | 4(3)
before melissa realised what was happening , he had led her off the path and in among the trees . | 4(3)
joseph smiled and apologized once more and watched as tran van hieu shepherded his family off the terrace . | 4(3)
the swans disappeared off the moat , and the chickens went to roost at noon , huddling in the hen-house as though it were night time . | 4(3)
` tweed has vanished off the face of the earth , " buckmaster informed his subordinate in his lofty voice . | 4(3)
the pilot said he was changing direction -- and vanished off radar screens . | 4(3)
