she pinched herself on her left biceps and yelped with pain . | 5(1d)
she had thought of so many ways of greeting brett ; now all she could do was to crouch on her knees by his bed and hold her face level with his while tears poured from her eyes . | 5(1d)
leonie hunched on the bedside chair and lapped up comics , while therese dozed . | 1(1)
zambia hunched miserably on a plump floor-cushion , awaiting execution of hir sentence . | 1(1)
she was naked now , and kneeling on the bed still holding her wine . | 1(1)
she knelt on the floor , heedless of the cold stone beneath her knees . | 1(1)
it is a sunny morning and , leaning on your spade , you contemplate the dozen plots where you and 11 friends are building your dream homes | 5(1d)
the big cat climbed stiffly down off the desk and squatted on a box of cat-sand under a corner table , staring straight ahead with a sublime conviction that it was invisible . | 1(1)
finally he broke away and went and squatted on his haunches by the stream . | 1(1)
bernie was squatting on the other side of the trolley . | 1(1)
they were standing on the paved area behind the house : all the windows were dark , the garden chairs and the round table abandoned and vulnerable . | 1(1)
` and how many humans could even stand on a ball , let along run slowly on it ? " demanded gurder . | 1(1)
flames seethed along each crack in its wall , and for ruth , standing on the circular floor , it was like being in the middle of a fire -- an icy , silent fire . | 1(1)
however , despite the lack of knowledge on the subject , and the prejudices engendered against it , a small but steady stream of doctors is willing to investigate it . | 8(3)
in contrast , there is still a considerable dearth of knowledge on the post-therapeutic course of gastric ulcer disease . | 8(3)
if you have thoughts on that or any other aspect of what 's going on in the gulf at the moment , do ring in , three double one , one double one . | 8(3)
in addition , the project intends to make use of theoretical materials in conflict analysis and mediation , as well as other academic thought on strategic studies and coercive diplomacy . | 8(3)
` i thought i 'd better keep you up to date -- you left here in such a rush , you did n't say whether you had any thoughts on the villa business " | 8(3)
17.19 much writing in english will be attempts by pupils to record their thoughts on topics of personal or public importance . | 8(3)
there are , as the minutes point out , no easy answers , but i 'd like to offer my own thoughts on the subject . | 8(3)
police forced entry and discovered her body on the settee . | 1(1)
i notice a greasy smear on my glass . | 5(1d)
she registered the blood on the white telephone . | 5(1d)
he must be careful not to follow any ` red herrings " that will result in him classifying his fossil on the basis of ambiguous similarities . | 5(1d)
all that sunday he had brooded on the episode in the cinema . | 8(3)
ginny left him brooding on the past in front of a game show on television. ( 'load of nonsense , " he always said about television ; nonetheless , he liked to have it on . ) | 11(5)
in april alex trocchi , william burroughs , ken kesey , dan richter , r.d. laing , and stalwarts of the anglo-american underground gathered to brood on the ` state of revolt " . | 1(1)
like the practice of pledging , summoning conventions of delegates to deliberate on public policy , especially if they questioned the legitimacy of political institutions , had a radical pedigree . | 8(3)
he figured centrally in the edwardian era 's deliberations on the ` boy labour " question . | 8(3)
the likely effects of wab 's deliberations on public sector higher education in wales are discussed in detail in chapter 7 . | 8(3)
the coach will not dwell on his difficulties , however . | 8(3)
marketing dogma of old had it that car buyers do n't want to hear about car safety , preferring not to dwell on the possibility of being killed or injured on the road . | 8(3)
meditating on the bible is a personalized way of thinking , reading , and learning from god . | 8(3)
` possibly you are meditating on the fact of my baldness . " | 1(1)
the philosophic historian will never stop meditating on the nose of cleopatra . | 8(3)
the guru sent him into his hut -- just a small , leaf-covered hut with a narrow door -- to meditate on his parents . | 1(1)
the guru suggested he meditate on a rose . | 8(3)
eva had become eccentric : when a decision was needed ted and i often had to wait while she retired upstairs and meditated on the exact shape of the conservatory or the dimensions of the kitchen . | 8(3)
it 's a sardonic pilgrim 's progress ; a furiously lyrical meditation on the corrupt culture of male glory and the parasitical art of the deal . | 8(3)
randolph henry ash 's proserpine had been seen as a victorian reflection of religious doubt , a meditation on the myths of resurrection . | 8(3)
his text is an elegant meditation on technology 's colonisation of human consciousness , on the inevitable evolution into virtual worlds and its social and psychological consequences . | 8(3)
i climbed out of my hired morning suit , mused lingeringly on everything i 'd experienced that eventful day and fell fast asleep . | 7(2)
railway officials , like their political bosses in moscow , were apt to muse on the brilliant future in order to escape from pressing current problems . | 8(3)
i had chosen the right moment , because i found him , not so much irresolute as musing on the possibility of being wiped out by ` a stray bomb " . | 8(3)
as they rode leisurely through the thyme-scented , bee-humming air , rincewind pondered on the experiences of the last few days . | 8(3)
later , as eline sat in the carriage that was taking her home to oystermouth , she pondered on her good fortune in finding people like hari grenfell to take an interest in her work . | 9(3a)
but sally gunnell reflected on the costliest defeat of her career and insisted : ` that race was n't about money . " | 8(3)
lavier continues to reflect on paradoxes , with such examples as the superimposition of a safe on a refrigerator , both objects having been covered with paint of precisely the same colour as the original . | 8(3)
slaven described ipswich town 's run as ` unbelievable " and reflected on the success of former boro midfield player john wark . | 8(3)
consider , for example , the columnist robert harris ' reflections on the election result in this week 's sunday times . | 8(3)
conscious awareness and reflection on one's own experience is thought to have an inhibiting effect . | 8(3)
there were possibilities of christian aid funding theological reflection on development in all areas of tertiary education . | 8(3)
we squatted together next to the ashes of the death-house , surveying the dissolution of the rante and ruminating on what would have been a uniquely dramatic ending to our sequence . | 8(3)
when academics delve into someone 's life it is called biography ; when therapists posit theories on human behaviour it is called psychology ; when sociologists ruminate on society it is called sociology . | 8(3)
unfortunately , there is no real solution to these difficulties and again we can only leave it to the reader to arrive at his or her own conclusion on the basis of the material presented . | 8(3)
anthony ray has recently reached the same conclusion on art-historical grounds and we know that seville was an important centre for the manufacture and export of tin-glazed pottery . | 8(3)
to reach conclusions on any part of the evidence in isolation is dangerous . | 8(3)
these we have distinguished on the basis of ` material " and ` mythical " referents . | 8(3)
but before this both centres produced very similar ranges of designs and there are considerable difficulties in distinguishing on stylistic grounds alone between late malaga and early valencia lustre pottery . | 8(3)
there are a few similar species , known rarely from rocks of cretaceous and tertiary age , distinguished on the branching patterns of the fronds . | 8(3)
the official jana news agency blamed the fire on israeli and united states sabotage . | 2(1a)
cypress attributed its upswing to its restructuring efforts , blaming a negative impact on revenues in part on sun microsystems inc 's delayed design-in decision on hypersparc , cypress ' viking competitor . | 2(1a)
in the past four weeks about 130 residents living close to the sydenham base have complained of nausea and headaches which they blame on aircraft fumes . | 4(1c)
this was counterbalanced by decline in government and defence revenues , and in computing and electronics , blamed on cutbacks by hardware manufacturers . | 11(5)
the summit also called for an end to the deadlock in iran-iraq peace talks , which it blamed on the " persistently negative stance and intransigence " of iran . | 11(5)-1
mrs thatcher was particularly scornful on sanctions and most tories supported that view . | 9(3a)
he has some severe but convincing strictures on the impoverished and distorted contribution of feminist studies to his subject . | 11(5)-1
on the same programme , john biffen , leader of the house of commons , challenged heseltine 's strictures on improper breaches of cabinet procedure . | 11(5)-1
the way to convince this matron of my mother 's extreme need of a hospital bed is not through any show of carelessness on my part . | 7(2)
he reached into any dip of information for enlightenment on the customs and manners of the people of oceania . | 8(3)
from today , non-ec boats unloading in ec ports will be subject to thorough inspections on hygiene , weight and origin of the fish on board . | 8(3)
studies on the effect of gun control in the united states have shown that states with stricter laws have lower suicide rates than states where a higher proportion of people own guns . | 8(3)
a working party in ayrshire and arran recently invited consumers to meetings and commissioned a survey on consumer views . | 8(3)
the memorandum of the king 's private secretary , wigram , is explicit on this point . | 8(3)
but few sportsmen or coaches could be more explicit on this point than haringey 's sprinter john skeets : ` it 's part of our make-up , physically and mentally . " | 8(3)
the manual is very explicit on the subject , and covers everything you 're likely to need to know in quite some depth , including an enlightened explanation of irq , dma and port assignments . | 8(3)
the prince had never publicly been so outspoken on such a politically sensitive subject , but it was something he felt he could not ignore . | 9(3a)
the new archbishop rivera y damas remains outspoken on human rights violations and continues much of the legal work sponsored by the former archbishop . | 9(3a)
through patient , considerate dialogue on an area of disagreement partners frequently discover common threads to build upon . | 8(3)
christian-name terms and parity of treatment might ` encourage a more constructive dialogue on the topic of ` classlessness " at work " , martins believes . | 8(3)
she had heard nothing on the radio . | 8(3)
one afternoon in late october we heard on a local radio station that someone , claiming to speak for islamic jihad , had phoned to announce that two americans would be executed . | 8(3)
` if i may say this gently , chief , one does not question lieutenant denholm on those matters . | 17(8)
he let the fresh air clear the wine fumes from his head and , dropping all pretence , began to question the porter on what he had hinted earlier . | 5(1d)
detectives were yesterday following up a number of leads after an appeal on national television for information about a darlington building society robbery . | 8(3)
it was not as long as his previous answer on economic and monetary union , but it was close . | 8(3)
among the criticisms voiced , there were comments on jargon in the specifications ' language and on the need for more guidance on assessment and , especially , on merit . | 8(3)
as reported in the proceedings of the institute , this was followed by some comments on river maintenance which might have been made only yesterday. : | 8(3)
the town trustees say they would welcome any comments on the scheme . | 8(3)
mrs pember reeves commented on this in her study of lambeth , published in 1913 , as did slater and woodside after a survey carried out during the 1940s . | 8(3)
the inspectorate insists on a range of management and safety improvements before full operations begin . | 11(5)-1
i see them in the village day after day , standin' outside the public houses with their hands in their pockets , passin' remarks on the people passing by . " | 8(3)
we close with one or two remarks on terminology and notation . | 8(3)
on another occasion , nigel had said that he rejected enoch powell 's provocative remarks on race , but you had to admit that what he predicted had come true . | 8(3)
but we have to take issue with camilla buxton over her remarks on the banking system . | 8(3)
the commentator even remarked on the fact that the two loose horses leading the field had caused no hindrance . | 8(3)
a recent lead article reported on a seminar organised by the csc for pastors and other church leaders on sexually transmitted diseases , including aids , homosexuality and prostitution . | 8(3)
prognostic statements on the clinical complications of colonisation by the epidemic strain in individual patients are difficult, but we have found survival to be influenced by poor pulmonary status of the patient at the time of acquisition. | 8(3)
wilkins even argued that where scripture was silent on a given issue -- the plurality of worlds , for example -- this was license to consider the possibility , not to exclude it . | 11(5)
however , the arrival on the scene of wonder drugs developed in britain and america at long last conquered this disease which for decades had struck down young and old . | 17(8)
the horse reared and its front legs buckled when it returned to the ground , pitching the jockey on his head in the 21 august race . | 1(1)
be very careful of old fluorescent light tubes , which can explode if dropped , and never puncture old aerosol cans or throw them on a fire . | 5(1d)
he thrust a sandwich on a plate in front of her . | 1(1)
i tossed the paper on the desk and looked moodily out of the window . | 5(1d)
his wife was a good linguist and keen geologist , and accompanied her husband on field excursions at home and abroad , as well as working on the pleistocene deposits of the cambridge area . | 1(1)
this year , for the first time , many head teachers accompanied the governors on their fact finding mission and were given stirring messages of support by speaker after speaker . | 9(3a)
author austin , an active preservationist who has both fired and driven main-line steam locomotives , conducts you on a journey from london 's paddington station to aberystwyth and pwllheli on the cambrian coast . | 9(3a)
i followed on foot to the offices of his newspaper . | 4(1c)
together the two of them set out for l , leading the goat on a length of rope . | 5(1d)
the armed forces withdrew on dec. 16 , following a meeting between snegur and smirnov . | 17(8)
in 1882-3 , while still a student , he began his travels by crossing australia on foot from north to south from normanton to geelong , some two thousand miles in 123 days . | 4(1c)
the gatherers descend the sheer cliff-face on coconut-fibre ropes to an overhang some thirty feet above the water where a rickety bamboo platform has been built . | 7(2)
in the end a hundred men had descended on the place , been garbed in white coats and hats and gone about the task . | 1(1)
by lowering the nitrogen content , the company said it could cut the amount of nitrogen deposited on the land by pigs by 23 per cent . | 5(1d)
he hung his trousers on a hanger . | 1(1)
in the pause that followed , she noticed that someone had hung peanuts on a thread for the birds ; the empty shells looked like shrivelled skulls hung to frighten evil spirits . | 1(1)
he looked as if someone had just hung a mop on his nose . | 1(1)
in one , ackroyd interviews himself about his own book , dispensing the sort of reflections an author normally puts in the preface : only ackroyd , the teasing narrative juggler , would insert them on page 892 . | 5(1d)
keach leaned his little forearms on her desk . | 7(2)
i twisted it into my nikon body and leaned the heavy assembly on the balcony rail . | 5(1d)
the man at the next table stands up , walks over and leans his hands on the chair next to bill . | 3(1b)
as he leaned his elbows on the table he observed maliciously , ` you look terrible . " | 3(1b)
he pushed the empty plate away from him and leaned his arms on the table . | 5(1d)
taking the boats out of the water and loading them on the cars is a chore . | 5(1d)
` presumably , an earlier train coming into the station had hit the bird and lodged it on its bumpers . | 5(1d)
i have mounted a dual gauge on the dashboard using existing holes for the mounting screws . | 1(1)
usually he parked on the road , but to work on the car he ran it into the factory yard and into an unfrequented spot in a corner . | 1(1)
and now she was going to pile it on thick and heavy . | 5(1d)
samples of natural grass were collected from the author 's garden , merely subjected to various conditions and placed on blackened baking trays . | 1(1)
we 're pioneers , boy , breaking new ground -- planting new footprints on god 's old earth . | 1(1)
mr brown who 's from bampton in oxfordshire was arrested by police who planted cannabis on him to extort a bribe . | 5(1d)
claudia reached up and planted a peck on his cold cheek . | 7(2)
he led claudia away , looked back to wave to ted and saw in astonishment that katherine was planting a kiss very firmly on his lips . | 4(1c)
she flinched as stephen laid his hands on her naked shoulders and planted a hungry kiss on the side of her neck his fingers fumbling in the thick folds of the towel , seeking her breasts . | 1(1)
he found it hard to remember whether you had to position yourself on the left or the right side . | 1(1)
position the hat on the robot 's head and make decorative markings with the back of a knife . | 1(1)
before caution could restrain the impulse , he placed his hand over hers where she was resting it on the low wall in front of them . | 1(1)
but he set her sideways on the broad saddle , swung himself up behind her , settled his hands around her waist . | 1(1)
he smears ointment on a strip of lint and lays the dressing gently across my wound . | 7(2)
as an additional precaution , you should stand the tray on newspaper . | 1(1)
once he took a large bone from the table and stood it on the queen 's plate . | 1(1)
karelius had stationed himself on the right flank , a little to the rear of those in the very forefront . | 1(1)
he emptied his bag , putting the instruments for sterilization to one side and stowing the unused items on the shelves . | 1(1)
some bees were already crawling on the early clover . | 1(1)
she could even hear the little lizards darting on scratchy little claws among the bougainvillaea on the low ornamental wall . | 2(1a)
it seems that a passer-by had spotted a naked man frolicking on the balcony -- who happened to be in the room next door -- and somewhere along the line a case of mistaken identity occurred . | 1(1)
she smiled across to where edward still frolicked on the sand . | 1(1)
the dial had a painted face that showed a scene of rural bliss at sunset : a family sitting outside their thatched cottage while three children gambolled on the grass . | 1(1)
it was he who taught some of us how to use a .38 calibre revolver when we went hiking on the rolling prairies for shooting competitions , with gophers or tin cans as our main targets . | 1(1)
a large man and a small boy appeared at the other end of the platform : she hobbled on her heels , humping her heavy suitcase , towards them . | 11(5)
babur and mark are jogging on hampstead heath . | 1(1)
at this moment a lion bursts out of the long grass and bush and leaps on a warrior . | 9(3a)
a monstrous shadow lurched on the stairs two floors below . | 1(1)
eye-witnesses say that the demonstrators marched on the local government offices and occupied them . | 5(1d)
hollywood was full of ` nitwits " , ` bubble-heads " , ` airheads " , who were presumptuously marching on the nation 's capital to dictate policy . | 5(1d)
instantly an eleven-year-old cousin pounced on her , shielding her from the ball and riding her off . | 4(1c)
at least the manager did n't pounce on me just because i shut my eyes for a few moments . " | 5(1d)
police are hunting a masked attacker who pounced on a young woman on saturday night . | 9(3a)
mona and charity exchanged expressions of incomprehension but pounced on the only word they could understand . | 5(1d)
it takes more than promenading on the streets to learn one of the world 's most difficult languages , james meek finds | 1(1)
two fox cubs romped playfully on the bank . | 1(1)
she groped her way across and landed the doctor on the mud and he slithered on hands and knees up to the bank . | 4(1c)
horses drawing guns slithered helplessly on the icy road , ambulances full of wounded skidded into ditches . | 1(1)
angel one leapt after him , merciless as a tiger springing on a tethered goat . | 2(1a)
rory leapt back , staggered on legs that had gone half to sleep , and only just scrambled into the broom cupboard and got the door shut before the bedroom door opened . | 4(1c)
she thrust her hands into her pockets and stamped her feet on the ground , willing warmth to come into them . | 5(1d)
she stamped on my right big toe , forcing me to produce an involuntary and appallingly undignified yelp . | 5(1d)
as we stroll on the high path along the edge of the fields , dixie explains about the man . | 1(1)
ungainly and waddling on land , swans swim gracefully , taking off from the water with ponderous flapping to sail majestically through the air . | 1(1)
one sunday i asked biddy to come for a walk on the marshes . | 1(1)
if , however , you 're after more sophistication in both sound and facilities , and if you occasionally like to wander on the wild side , then the me-10 is the way to go . | 1(1)
the co armagh men were boating on lough lannagh in co mayo at the time . | 1(1)
otherwise they risk the same fate as 20 officer cadets who were ill , two seriously , after canoeing on a lake in leek , staffordshire , this summer . | 1(1)
after this highlight we cycled on roads back to base and to a cream tea in dorchester . | 4(1c)
when they see us paddling on the river , they stare at us open-mouthed , as if we are completely insane . | 8(3)
i rowed on a few yards and anchored for the sixth time . | 1(1)
two liquid brown eyes gazed on them with mild curiosity , rising and falling with the pull of the waves . | 5(1d)
the boy kept his glance on the floor . | 1(1)
jacob looked happily on violette , gaining reassurance from her presence if not her words . | 9(3a)
only very occasionally is fungus observed on fish without damaged tissue . | 9(3a)
my own wife spies on me . | 11(5)
the pony poked his head out of the half-door and fixed a sullen stare on his mistress . | 11(5)
for example , the snake uses its forked tongue to gather scent particles from the air and tastes them on a special membrane , called jacobson 's organ , at the back of its mouth . | 9(3a)
farrell closed his eyes as he tasted the rotting matter on his tongue . | 1(1)
one thing i should mention is that you 'd be advised to try and view these videos on a stereo vcr , as many of the recorded examples -- panning , for example -- are pretty meaningless otherwise . | 9(3a)
lucenzo built a log fire in the big medieval fireplace , and they sat burning their toes on the stone hearth . | 1(1)
she could feel the hairs prickle on the back of her neck with the almost electrical charge . | 1(1)
through dazed , clouded eyes she gazed up at him , the taste of his kiss still tingling on her mouth , her heart beating an erratic tattoo within her breast . | 7(2)
tallis felt wind on her face as a stone whirred past . | 7(2)
i know i 'd love to see my real name on the spine of a book . " | 7(2)
he pressed his face deeper and deeper into the bricks , sensing their roughness on his cheek . | 7(2)
we had seen and sensed them on our way up , their tentative postures , their unanimity of hesitation . | 9(3a)
i smell the windy world on his cheeks and hug him . | 1(1)
` the church of england has been getting more and more liberal on the matter . | 8(3)
sir ralph was most strict on such matters . | 11(5)-1
most of the cans on the grocery shelves of supermarkets are steel cans -- the ones that contain soup , baked beans , rice , and vegetables . | 5(1d)
he looked pointedly at the full envelope on the floor and took the proffered brochures without a word . | 5(1d)
madge glanced at the envelope on the mantelpiece . | 5(1d)
but out of pity for bouchard 's poverty , geoffrey prevailed on the abbot to allow him possession of the mill for the rest of his life . | 8(3)
yet others fought and identified with a plethora of socialist and anarchist groups who fought on the aragon front , in the defence of madrid , and at the battle of jarama in february 1937 . | 11(5)
am i gon na test you on it ? | 1(1)
residents on the wooton manor estate claim more than sixty different driving schools are involved . | 2(1a)
she had other questions but stan chose not to be sidetracked from the serious business of telling oliver he could not stay on the premises after all . | 1(1)
a man who advertised for a woman to live on a desert island with him is looking for another female travelling companion to repeat the trip . | 2(1a)
my wife eva and i live on the northern-most tip of the island of barbados where we run the pirates tavern and the tourist centre of ` animal flower cave " . | 2(1a)
in 1890 the first edition of his manual of hygiene and public health appeared , and in 1891 he was appointed lecturer on hygiene and public health at charing cross hospital medical school . | 8(3)
this condition has now cleared allowing him to work as a lecturer on city ethics and a consultant . | 8(3)
married to princess olga romanoff , a great niece of the last czar , he claims to have survived three attempts on his life . | 11(5)
their reports of the attempt on alan dysart 's life were , however , as similar as they were familiar . | 11(5)
a roman catholic taxi driver was shot and badly injured on nov. 13 by loyalist paramilitaries apparently in retaliation for the ira murders . | 17(8)
as they are for the most part gaelic-speaking folk , it is difficult to learn from themselves much of their true circumstances ; but there are friends in portree who would gladly assist any soul who would like to be helpful to the dwellers on stormy hill . | 2(1a)
the doctor reversed his hat , flipped it back along the length of his arm and perched it nonchalantly on his head . | 1(1)
we perched her vast behind on the back seat and rested , gasping . | 5(1d)
lindsay admitted another hijacking on february 24 , 1991 , and receiving firearms training illegally between october 1 , 1990 and august 27 , 1991 . | 17(8)
his face set grimly , he wrapped her in a warm , dry bathsheet , then sat her on a stool and sponged her face , smoothing the tangled curls from her pallid face . | 1(1)
then , after about five weeks , in desperation , i sat her on the toilet , and from then on she was clean . | 1(1)
beside him on the counter were large dirty bottles of gilt glass from which he would take out the stoppers and daub them on the sleeves of passers-by . | 5(1d)
plants sown on six different dates and grown at 20 were viewed with the milton radiometer . | 2(1a)
it is very probable that the seed sown on that day in alloway , blossomed so many years later , and was harvested as the kernel of a fruit of genius . | 5(1d)
she dabbed some perfume on her throat and ran downstairs . | 5(1d)
nevertheless , as i dab calamine on my spare tyres , i ca n't deny that this is n't my finest hour . | 7(2)
he winced as she dabbed disinfectant on the cut and covered it up for him . | 7(2)
she dabs a little powder on top , and stands back to admire the effect . | 5(1d)
i dabbed a little on each puckered mouth to further shouts of laughter and much dancing about the room . | 5(1d)
when zoser dabbed a little on his wife 's sleeve she took the sleeve and held it up to her nose . | 7(2)
bromley ( 1981 ) has shown how abundant biogenic and inorganic sedimentary textures can be revealed by lightly brushing thin mineral oil on a dry chalk surface and allowing it to ` develop " over about 30 minutes . | 5(1d)
brush solvent-weld cement liberally on the pipe and sparingly on the fitting . | 5(1d)
this involves cleaning the ends of the pipe with solvent cleaner and brushing on solvent-weld cement . | 5(1d)
he brushed on fresh lather . | 9(3a)
sadly , unscrupulous ski resorts might misuse the new polymer , surreptitiously dusting it on the slopes of their rivals . | 5(1d)
this is a stout-bodied fish , something like a perch in general proportions , with long , low fins on upper and lower rear of the body ( fin rays finely divide near their ends ) . | 3(1b)
she discovered the dirt and thickened wax deep in his ears , the grubbiness at the back of his neck , the hoof-like skin on the soles of his feet , the bitten nails . | 1(1)
a pumice is also ideal for dealing with tough skin on the heels or soles of feet . | 7(2)
she took out her ambre solaire and rubbed a small amount on her nose . | 5(1d)
boltwood rubbed a little on the forehead of a four year-old who immune system was severely depressed . | 5(1d)
` i 'll send a serf with some vinegar , oil and sulphur to rub on your tooth . " | 5(1d)
people showered unsought librettos on him all his life and he ignored them . | 8(3)
levi , the expert on metals , would have had no difficulty in telling the difference between gold and tin . | 9(3a)
and they 're supposed to be the experts on camouflage , she thought ironically . | 9(3a)
but the sparkler failed to put a smile on anne 's face as she attended a meeting to discuss the construction of horses ' saddles yesterday . | 7(2)
was that a grimace on prue 's face ? | 7(2)
a look of relief replaced the frown on ellen 's face . | 7(2)
gloomily , she remembered the smirk on gould 's face , the surprise and disappointment on annie 's . | 7(2)
he saw the smirk on donald 's glassy face . | 7(2)
` look at the self-satisfied smirk on the man 's face . | 7(2)
` she 's no niece o'mine , " grumbled jack , shrugging helplessly when his daughter turned a horrified look on him . | 9(3a)
lucy noticed the scowl on his face . | 7(2)
the duchess of westminster will open the annual fete on june 24 organised by the league of friends of the robert jones and agnes hunt orthopaedic hospital at gobowen . | 17(8)
health unions yesterday urged people to stay away from london 's trafalgar square celebrations on new year 's eve because of fears for their safety during the ambulance dispute . | 2(1a)
however , us secretary of state james baker also conferred with de klerk on march 22 , after meeting mandela at the namibian independence celebrations on march 21 . | 17(8)
the chinese authorities organized low-key celebrations on may 23 to mark the 40th anniversary of the " liberation " of tibet . | 11(5)
tears still glistened on one of her cheeks . | 1(1)
his face was grim ; beads of sweat glistened on his forehead . | 1(1)
the drops sparkled on the glass , then vanished with the whining stroke of the wipers , as jean strained to see ahead of her . | 7(2)
mama sipcott 's butter sauce was gleaming on her chin and she looked very beautiful . | 1(1)
` a fine night for a fight ! " the hearthware leader said , his teeth flashing and the blood shining on his sword . | 7(2)
a candle flickers on the table in front of neneh . | 1(1)
olivia fidgeted a little ; she played with the slim bracelet on her slim arm . | 5(1d)
the 10th anniversary of the restoration of the ffestiniog railway back to blaenau will be celebrated by a barbecue on saturday , may 30 for those members of stall and volunteers who worked on ` project blaenau " . | 17(8)
he placed a pair of steel-rimmed glasses on devlin 's nose and adjusted them . | 1(1)
the marshes on the lower reaches of the tigris and euphrates cover an area of up to 17,000 square kilometres and provide a refuge for shia opponents of saddam 's regime . | 2(1a)
there was a fine spray of rain , and the weather was misty , but i could still see the forested islands on the lake , and the tall mountains brooding all around . | 2(1a)
thus the farmer on whose land the first find was made discovered his land was being prospected only when he found the prospectors sampling streams on his land . | 2(1a)
passers-by pause here to admire the spectacular view over shanty-town rooftops , across the crater-like basin of the city to the andean ranges on the other side . | 2(1a)
no sound except the tick from the watch on suzy 's wrist . | 2(1a)
and high above , at the end of the curve , the steep hillsides rose as high as the rim of the dormant volcano on high island . | 2(1a)
a plan to harness the hot springs of the soufriere volcano on st lucia , in the caribbean , to generate geothermal energy has been abandoned because of unexpected technical problems and lack of funds . | 17(8)
doug scott , 50 this year , leaves for nanga parbat this month to attempt the eight mile mazeno ridge on the 8,125 peak . | 2(1a)
` and there are buckles on your boots ? " | 5(1d)
at dinner they sat at a table with other people and a big man with a lot of gold braid on his smart jacket who smiled at peach a lot and told her how pretty she looked . | 1(1)
he thanked the boy , then went out into the gathering darkness and across to the trodden path on the inner perimeter of the camp . | 1(1)
the prisoners , drunk on home-made booze , barricaded themselves in a dormitory at lindholme jail near doncaster , south yorks , early yesterday . | 9(3a)
he got drunk on beer and sherry -- " | 9(3a)
daphne checked the seams on her stockings . | 5(1d)
then at eleven he kneels on the carpet | 1(1)
sara knelt on the floor and began putting away the records sandra had abandoned , carefully matching the right sleeve to each disc . | 1(1)
the flights must be booked between today and midnight on new year 's day and tickets remain valid until the end of march . | 17(8)
i thought i spotted some magazines on that shelf . " | 8(3)
gould was verbally abused at the hawthorns before his departure and at one protest supporters paraded with a coffin on their shoulders . | 5(1d)
at the far end of the chamber is a coffin on a heavy table , and seated beside it a woman in a low-cut black dress with red silk edging . | 5(1d)
there was an empty earthenware wine jug on the table , and two used glasses . | 7(2)
the nun spread other sheets of paper from the folder on the table . | 1(1)
a small heavy porcelain vase on a side table caught his eye . | 1(1)
when police in cleveland pinned on station noticeboards photos of people they suspected might be infected with the aids virus , the two probation officers who disclosed this practice were disciplined . | 2(1a)
i stuck one on my forehead for an afternoon , received a good many curious stares from colleagues , and got the giggles . | 5(1d)
` mother and i cook all these things on our barbecue . | 8(3)
cook on full power for 6 minutes or until puffed and well-risen . | 8(3)
when he gave them his name they arrested him on a charge of rape . | 11(5)
eleven demonstrators arrested on the timex picket line in dundee on monday were yesterday ordered by a sheriff to stay out of the city until their trials . | 11(5)
b , a millowner , employed independent contractors , who were apparently competent , to construct a reservoir on his land to provide water for his mill . | 7(2)
their ability to hover enables them to construct their tiny cups on sites that are not even big enough for them to perch on -- two crossing stems , perhaps , or even the tip of a leaf . | 5(1d)
she drank slowly , found she was indeed hungry and munched a little on a biscuit . | 9(3a)
i felt it was wrong to show 17-year-old american model niki taylor munching on a cheeseburger . | 1(1)
claudia 's companion opened her picnic bag , poured tea into a plastic mug , munched genteelly on a ham sandwich . | 9(3a)
after all , it was a parasite that fed on the brain . | 7(2)
predation concentrated on individual whelks feeding on the open rock surface . | 11(5)
he had breakfasted lightly on marmite and toast washed down with a pot of tea . | 9(3a)
too obviously he had lunched well on a dish laced with garlic , and he kept twirling his dark moustache , of which he seemed inordinately proud , while in halting french i explained my purpose . | 9(3a)
having gingerly discarded over a hedge bits of rotted fruit and suspect cheese , i lunched on olives and mineral water in the shade of a great oak wood . | 9(3a)
once again they dined on their bland diet of soup , meat and biscuits . | 9(3a)
they dined on lobster and barbecued kebabs , sitting arab-style , cross-legged on the floor . | 9(3a)
madeleine had on her spectacles and was reading the newspaper while louis dozed on the sofa . | 1(1)
she spread butter on a fresh bread roll and slid the plate across the table . | 5(1d)
hoffmann spread the photographs on a table . | 5(1d)
they were discussing the latest political crisis , and so paid no attention to the blushes of the cringing lass , as mum spread soap on her . | 7(2)
spread the filling on the other cake and sandwich the two together . | 5(1d)
on the first morning , i spread books on their huge kitchen table and started to cross refer . | 5(1d)
i did n't need a pee because i 'd been pissing on the poles during the day , infecting them with my scent and power . | 1(1)
so long as they were n't too close and breathing their germs on her , gloria liked there to be people about . | 5(1d)
victor breathed on the glass in his hand , and buffed it until it gleamed . | 7(2)
spiny lobsters spawn on the coral reefs off the florida coast and around the bahamas . | 2(1a)
a young policeman in a leather jacket painfully , letter by letter , typed my losses on an ancient machine . | 11(5)-1
please contact me on extension 4425 should you have any queries . | 14(7)
by the time i had managed to contact mum on the telephone the flooding was getting even worse . | 8(3)
my secretary will phone on tuesday to rearrange another appointment . | 17(8)
you can phone now on o-five-hundred , four-o-four , treble zero to put your views to tory mp phil gallie . | 17(8)
if you have any queries , you can ring me on 453-3366 . | 1(1)
they put catherine on a comfortable sofa , cleaned her wound and fed her with cakes and wine . | 1(1)
he had been scouring a pan , but now put it on another jerry-can to drain , alongside two clean plates . | 5(1d)
he put his head on her shoulder and she turned and picked him up and sat him on her broad lap , her arms tight about him . | 1(1)
mention of global change is hard to discern , but there is an excellent essay on the history of the earth sciences . | 8(3)
consider these two rhetorical questions , from an essay on othello : does this tell us about shakespeare ? | 8(3)
nevil shute , in his scarifying novel on the beach ( 1957 , filmed in 1959 ) , foresaw the extermination of the human race in a war started by a minor power . | 8(3)
many of his verses , for example ecclesiastical sketches , sonnets upon the punishment of death ( in favour of capital punishment ) , several sonnets on railways ( both for -- in general ; and against -- in the lake district ) , and one on illustrated books and newspapers ( against ! ) might well find their present day equivalent in irate letters to national or local newspapers , or in an ` any questions " discussion . | 8(3)
in the sonnets on the rival poet , for instance , whether the first or second person dominates , the technique of praising the other poet while denigrating oneself is clearly ironic , as j. w. lever 's discussion has shown . | 8(3)
thorn emi also has a new diy video-disc manual on car repairs , which will allow the viewer to skip sections he 's not interested in , freeze frames etc while he takes in the details . | 5(1d)
as i found when i took the time to listen to parents and hear what they said , the views advanced did not always fit the latest fashion or an approved passage in a book on sociology . | 8(3)
around the brighton conference centre , academic tracts on the party 's past and future course seem to proliferate daily . | 8(3)
french balancing act tipped beirut into war : in his concluding article on lebanon 's history , robert fisk examines how france 's ` political solution " created a war | 8(3)
this is a suitably slimmer volume on one of his wives , rita hayworth . | 5(1d)
on this day : in 1988 , a pan am jumbo jet crashed on lockerbie in scotland , killing all 259 passengers and crew and 11 people on the ground . | 17(8)
looks like howie and his pals jumped the two traveller guys on the road ; landed one in hospital , apparently . | 4(1c)
one of the children pawed at my lap , as if returning my attention to the lady on the velvet throne . | 1(1)
michael jackson will be the first man on mars , if he is n't already . | 1(1)
her donation was revealed last night as two voice experts gave verdicts on a recording said to feature diana chatting intimately to a man on the phone . | 1(1)
a terrified youngster was chased and run down by teenagers on a motorcycle as he played with friends in a park . | 9(3a)
they gave the face , even in sleep , a look of clownish surprise , enhanced by the circles of rouge on both cheeks . | 2(1a)
a mother and her four children have been badly hurt when a train hit their van on an unmanned level crossing . | 1(1)
in gloucestershire a woman was trapped by her legs after a two-car collision on the a 46 at cleeve hill near cheltenham . | 1(1)
sister agape had been watching the procession and she had seen the stone fall and strike the dean on the side of his head . | 2(1a)
bishop auckland police are investigating a crash on seymour street involving a stolen vehicle . | 2(1a)
there is little doubt that some frenchmen fired on germans during the raid and afterwards , although on this occasion no hostages were shot . | 5(1d)
mike is one of those shiny people who carry a square of bright blue sky above their heads while it rains on the rest of us . | 7(2)
a smile slowly formed on his lips . | 5(1d)
she adjusted the scarf to cover the bruises forming on her neck . | 7(2)
the original surplus of $200m arose on 31 march 1989 . | 17(8)
but a stand-off over another convoy carrying food and other supplies to french un troops in the bosnian capital sarajevo developed on the border between western serbia and bosnia . | 2(1a)
usually within a week of contracting the disease , ulcers develop on the genitalia . | 1(1)
in general , the marginal platforms developed on a gentle slope and formed wide belts of shallow marine carbonates running parallel to the basin margin . | 2(1a)
as appropriate , the council occasionally employs specialists on fixed-term contracts to undertake externally funded projects . | 2(1a)
` why the devil ca n't you employ a gardener on such work ? " he demanded irascibly . | 9(3a)
we wanted to learn more about the reasons why they employed labour on this basis and about the terms under which the engagement was made . | 8(3)
will the erstwhile crimson-lipped peroxide devil-doll , the very anti-madonna , be raging with paranoia and brutal honesty on her next record ? | 11(5)
the substance of her treatise on the black death had been carefully checked with a microbiologist and a specialist in tropical medicine . | 8(3)
in the preface to his 1705 treatise on the art of embalming , he says , ` some have spared no means to render themselves immortal | 8(3)
he was engaged in the great love of his life : writing a treatise on the maintenance of law in the city of london . | 8(3)
1990 budget -- prime minister 's report on economy | 8(3)
president bush is to visit lithuania to get a first-hand report on the situation in the rebel baltic republic . | 8(3)
editor , -- richard smith 's editorial on academic medicine touched off an air of discontent within me . | 8(3)
the same comments would seem to apply to b v lewis 's editorial on diagnostic dilatation and curettage in young women . | 8(3)
wesley will be telling england rugby star will carling today that after he 's done his phd he 's going to be a top consultant on ecological waste disposal . | 8(3)
she had dozed off in her chair : stale saliva rotted on her tongue and her cheeks prickled with unaccustomed heat . | 5(1d)
but if you are travelling on foot , and particularly if you are without a light , this can be a time of real alarm . | 4(1c)
very shortly before maxwell embarked on his last voyage on the lady ghislaine he was discussing legal matters with the legal director of mirror group newspapers , arthur davidson . | 17(8)
a week 's voyage on an sta schooner costs from $250 , including waterproofs . | 8(3)
grey ash dripped on cream sand . | 5(1d)
last night the woman , who did not wish to be named , said : ` i 'm really furious , i 'd just love to slap him on his fat chops . | 1(1)
dr frome slapped himself violently on the thigh . | 5(1d)
some made hazardous , roundabout trips to join the pretender via the orkney islands and norway , but the government 's vengeance on those who could not get away was relatively restrained . | 11(5)
touring on the riviera was a must for the well-to-do of the 1920s and '30s . | 1(1)
railway enthusiasts are queueing up for a nostalgic trip on a steam train . | 8(3)
what we did n't know for a long time was that this book is his revenge on his parents . | 11(5)
that was my revenge on you , for causing me so much trouble ! " she cried angrily . | 11(5)
i 'll take these clothes down and you fold them on the bed there , nicely , then we 'll put them on the cart . | 5(1d)
maud 's great green-trellised towels were systematically folded on a towel-heater . | 5(1d)
the jury convicted him on the counts of theft , but by directions of the recorder returned no verdict on the section 15(1) count . | 9(3a)
and colin french , convicted on 65 counts of cruelty to his farm animals , was this week sentenced to 3 months in jail , subject to appeal . | 17(8)
never before had dustin been so exposed or felt such trepidation while awaiting their verdict on him . | 11(5)
it is therefore advisable to place water lilies away from your fountain and water fall , to minimise the amount of water falling on the leaves . | 5(1d)
but is this fair on clients who are vulnerable and in need ? | 9(3a)
this may be unfair on her , but it probably helps the community to have mrs cresson threatening to block japanese exports if ` reciprocal access " is not given to european goods in japan . | 11(5)-1
their boots crunched loudly on the frozen gravel drive . | 1(1)
as peach turned the corner of the hotel , captain kruger emerged from the shadows by the parking lot , his boots crunching on the gravel . | 5(1d)
a rumbling filled the air also , as casks of beer were trundled from the depths of the cellar , the barrels thumping on the stones and resounding like the indigestion of giants . | 5(1d)
he was stripped to the waist and the scars on his chest were like a map of the battles in which he had fought . | 7(2)
the hand of a lady , unmarked , but for a tiny , crescent-shaped scar on the middle finger . | 5(1d)
the scars on his left cheek seeped a pale blood . | 7(2)
i want to bang my skull repeatedly on the road surface until it hurts . | 5(1d)
i chuckled at the astonishment on her face . | 7(2)
scott ran a hand through his hair , bewilderment on his face . | 8(3)
charlotte looked at ursula and saw a frozen expression of horror on her face . | 7(2)
the auditor commended the council on sports improvements but said it still needed to address key issues such as staff cover at the swimming pool . | 1(1)
i must commend you on your excellent history of the world ( ni 196 ) . | 9(3a)
healy ( 1993 ) has criticized this study on the grounds that as those selected had previous histories of poor response to neuroleptics , this unfairly weighted the trial against chlorpromazine . | 8(3)
for example , many protestants used to criticize roman catholics on the grounds that they worship the virgin mary . | 8(3)
they also heaped praise on the police for the investigation which eventually caught the three . | 11(5)-1
the existence of rios 2 as a separate development from the ibm-motorola inc-apple computer inc collaboration on rios 1 or powerpc , was confirmed at ibm 's extension of the rs/6000 line last month . | 8(3)
having five instead of six bolts on some of the wheels was a risk we did not like taking . | 5(1d)
for example , if airlines share a computerized reservation system this makes it easy to monitor and collude on prices . | 9(3a)
it was pitch black on the other side , but an awful smell wafted out through the slit , a smell of whisky and greasy hair and sweat . | 1(1)
` all the walls were black on the inside with fluorescent pink skylines of places like new york painted on . | 1(1)
we are doing more for training than any previous government and the labour party is in no position to lecture us on that subject . | 8(3)
no longer did he lecture people on the splendours of the exhibition or on the advance of civilization . | 8(3)
from 1909 to 1914 , when he became secretary to the congregation , he lectured on ecclesiastical diplomacy at the academia dei nobili . | 8(3)
the anatomist richard owen , now director of the natural history museum in london , lectured on the gorilla to large audiences . | 8(3)
to pay for this , companies that take part in the dsd are charged a levy on each package , which must be approved by the organisation as recyclable . | 9(3a)
she respected her stepdaughter 's position as princess of wales , always curtsied and paid her compliments on her looks and her outfits . | 11(5)
i had also just complimented her on her dress . | 11(5)
christina forced herself to compliment rachael mottely on her heavily pleated canary-yellow dress . | 9(3a)
i complimented him on his artistic prowess as a surgeon ; he smiled . | 1(1)
fie , mr brittlebank , for chiding miss phillips on her perfectly correct , and indeed elegant , use of the subjunctive mood . | 1(1)
cranston showed himself surprisingly knowledgeable on the subject of the paintings they examined . | 8(3)
he is extremely knowledgeable on the subject , and i am still something of an idealist at heart . | 8(3)
the lions assemble on friday april 22 and clandeboye golf club will be making itself available for an amalgamation of sluggers , hustlers , and single-handicap players to get into the swing of things . | 17(8)
the team aims to advise the ssd on its service delivery and information provision to chinese people . | 2(1a)
there is not much time for academic work , though some courses include lectures on theatre history . | 11(5)
i expected to hate it , but in fact i enjoyed my lectures on english language history and became an enthusiastic advocate of exercises in parsing , syntax and dictation -- the very best test of listening comprehension . | 8(3)
her room was lit by a single naked bulb which hung from the ceiling and shone harshly on ellen who was standing in the doorway of her tiny bathroom . | 11(5)
the man took a step towards him , and connor saw his hands were shaking ; candlelight glittered on the shivering blade . | 1(1)
sunlight glittered on the snow at the peaks and on the tiny white houses below . | 1(1)
sunlight glittered on the water and the colours the colours were not bright , but the light shattered in reflection , was brilliant . | 1(1)
allen saw the lightning gleam on the blade of his knife as they passed and made ready to snatch at it . | 7(2)
turning round she saw sunlight gleaming on fair hair and brown skin , the flash of blue from his shirt ; he was standing about thirty feet away , watching . | 1(1)
seconds later sunlight flashed on metal and the aircraft appeared in the skies above them . | 5(1d)
a light flashed on the ship-to-shore radio and he replaced his headset . | 1(1)
when he started to his feet he had to lean hard on the arm of the chair while a moment of dizziness passed . | 5(1d)
the tap-room of the tiny inn was down a deep step and he nearly sprawled on the tiled floor , coming abruptly into the cool darkness . | 2(1a)
lumberjack sprawled on the tiles at her feet , whining softly in his sleep like a damp log on a fire . | 1(1)
hairy and naked , sam had crouched on the bed feeling exposed and helpless . | 1(1)
we shall now concentrate our attention on his criticism of proposition ( b ) , the hypothesis that there exists a stable trade off relation between inflation and unemployment . | 11(5)
` do n't worry about that , " he said dismissively , and focused his attention on the traffic of haverfordwest as he skirted the town to make for the road to carmarthen . | 8(3)
the microlight and raf personnel seem to lavish as much attention on this flimsy machine as they do on any other . | 11(5)
both were said to be ` very happy " while pondering a name for the 7lb 3oz boy born on friday night in the wellington hospital , north-west london . | 17(8)
the church of england vicar blessed the northamp stately home , splashed holy water on the walls and said prayers to ward off the spirit . | 2(1a)
it 's enough to make you drive all the way to south-west france and strew some beetroot on the lanes . | 9(3a)
grate nutmeg over this , and strew a few coloured comfits on the top if you choose . " | 1(1)
a man was sprinkling petrol on a heap of sprouts to help them burn . | 5(1d)
add to tomato juice for a piquant alternative to worcestershire sauce or sprinkle it on corn on the cob before baking or barbecuing . | 9(3a)
the magicians told vortigern he must find a boy with no father , sacrifice the child and sprinkle his blood on the fort 's foundations . | 5(1d)
the blood sprinkled on the people and on the altar unites the two parties to the agreement . | 5(1d)
take about three bananas , and cut them up and arrange them on a plate in four pieces to look like a monster . | 9(3a)
