the teacher copied the problem onto the blackboard . | 1(1)
he throws himself without a word onto the blanket beside him . | 1(1)
she cleared her desk onto the floor , made coffee and switched on the typewriter . | 1(1)
` we 'll clear one shelf onto the table here , and then we 'll see . " | 1(1)
hugh 's mother emptied her shopping-bag onto the carpet and gina had the feeling of terror that wedding-presents had sometimes brought ; she wondered what on earth would happen if something went wrong . | 1(1)
take a sheet of paper before going in to any negotiation and empty your mind onto the sheet of paper . | 1(1)
within seconds , the formerly empty sky was full with birds plummeting onto the carcass . | 1(1)
at the end , the ` boys " clambered onto the wall , sat with legs crossed and threw themselves backwards over the wall one by one into the arms of a stagehand . | 1(1)
pete climbed back onto his bunk . | 1(1)
after i had eaten my biscuit i climbed up onto my bunk with the chocolate and took off my boots . | 1(1)
` i feel like it , " laidlaw retorted , climbing onto one of the bar stools . | 1(1)
she climbs onto the bed and lies six feet away from him . | 1(1)
karen climbed onto the deck , hastily pulling on a waterproof jacket . | 1(1)
the worms crawl onto the sticks , which can then be picked up and dipped directly into the fry tank . | 1(1)
he was the only one to spot the danger to the mother and child , and dashed onto the tracks in order to try and save their lives , waving his arms frantically . | 1(1)
i hobbled out onto the hillside . | 1(1)
no wonder ` wallaby walker " was hopping up out of the dug-out onto the pitch again . | 1(1)
a shower of dust sprinkled his face but before he could react the gunman leaped onto him from a ledge on the wall . | 1(1)
directors confess to a moment of panic when , as one puts it , ` he rushes onto the set like a bull " . | 1(1)
a battalion of infantry that was marching towards the cabriolet shuffled onto the grass verge . | 1(1)
he pushed away from the wall against which he was leaning and staggered out onto the sidewalk again . | 1(1)
to their combined relief , it was not long before the two men arrived at the driveway and stepped cautiously out onto its surface . | 1(1)
every night that madame stepped up onto the stage in her dress , boy would be watching her ; he always stayed for that . | 1(1)
penny cast an unwelcoming frown in the direction of the steel grey november sky , and stepped carefully onto the pavement from the earl 's court mansion block in which she lived . | 1(1)
after all , from the same set of statistics , half the politicians in the country will instruct you to break open the champagne and dance in the streets , while the other half will suggest an honourable stroll onto the balcony with a pistol to the temple . | 1(1)
she plunged into the sea , grateful for the buoyancy of the salt water , then decided to push herself , swam the width of the cove six times and stumbled out onto the sand , shivering . | 1(1)
on the visual front , bono donned a disgusting gold suit on unveiling his alter ego macphisto towards the end , and earlier supermodel naomi campbell , girlfriend of bassist adam clayton , swaggered onto the stage for a quick waltz with the lead singer . | 1(1)
photocopied onto cream a4 laid paper , folded once in both directions . | 1(1)
the same flood tide that had brought such a good harvest of tiles heaped a mass of driftwood onto the reach . | 1(1)
what , for that matter , would he have done , when confronted with the pile of chips and mass of brussels sprouts heaped onto a plate containing an alleged sole meunir , in a restaurant where they ought to know better ? | 1(1)
he jammed the one-eyed spectacles onto his face and fled . | 1(1)
let them dry thoroughly , tack them onto a wall and note the difference in colour shade , value and vibrancy . | 1(1)
i pasted strips of each of the four tinted papers onto mount board and painted the subject matter as one painting . | 1(1)
next , select your ` ultimate " prize choice by detaching the appropriate stamp and sticking it onto your entry bond . | 1(1)
tom and mr fletcher fixed the next flat piece onto the front of the shelter . | 1(1)
her robe lay discarded on the floor ; beside it his own sodden pile of clothes had spread a wet stain of rainwater onto the carpet . | 1(1)
the time flew past and we got onto the ferry at 4.00 pm and sailed at 5.00 pm . | 1(1)
before the act a hut that was bolted onto a concrete base was held not to be part of the land whereas the concrete base , obiter , was . | 3(3)
clean up the area to gauge the extent of the cut and , if necessary , draw the edges together with a steristrip closure ( a small strip of tape designed to stick firmly onto skin ) . | 1(1)
instead it stood staring bemusedly at its assailants while blood dribbled from its jaws onto the grass . | 1(1)
a hp engineer accidentally touched a plastic ink-filled tube with a soldering iron , and a jet of ink squirted out of the tube onto a wall . | 3(3)
from adkin , 128 oxford road , cowley office , proceed through the traffic lights by the original swan public house and onto the ring road . | 1(1)
squeeze some lemon juice and grind some black pepper onto the salad . | 1(1)
as another option , on completion of cleaning , part or all of the solution can be allowed to discharge onto the floor and be spread with squeegees or mops to effect floor cleaning . | 1(1)
despite the damage to his sierra which toppled slowly onto its roof after climbing a bank , gilleece is hopeful of also being in cavan where andrew nesbitt is expected to appear with his bmw m3 . | 1(1)
a glass of juice toppled onto a white tablecloth ; blood dripping onto the carpet or linoleum ; the staining of childhood by what we learn to fear . | 1(1)
endill tried to sit up to get a better look but as he did so , knocked over a book and it thumped onto the shelf . | 1(1)
in we would climb , rolling up hats and coats and flinging them onto the back seat . | 1(1)
if you try to pitch the ball onto the top , particularly working from a tight lie , you will find it almost impossible to pull the ball up quickly enough . | 1(1)
mix breadcrumbs and herbs and press onto the lamb . | 1(1)
do not throw rubbish onto an open fire in the living room . | 1(1)
the feldwebel took it into a corner and pulled out a large envelope which he threw onto the table . | 1(1)
the man strode into the centre of the room and tossed his hat onto a chair . | 3(3)
crilly takes my arm and leads me from the clinic , onto the green and into the car where anita sits at the wheel . | 1(1)
when he was in the dining room she would be in the dairy ; when he wandered out to look at the home fields she would be over the lake by burtness wood ; when he made his way to the wood she would retreat up the fell and it was pointless , he rightly guessed , as well as being too open to comment , to pursue her onto the tops . | 1(1)
well all the sort of chemicals that are sprayed onto crops , are used for food preservation , and there are a wide range of them . | 1(1)
massage some vegetable oil over your flabby bits , then sprinkle some sea salt onto a flannel or natural sponge , and rub gently . | 1(1)
carter toppled over and lay pumping his blood onto the canteen floor . | 3(3)
