the ostrich , anxious to join in the fun again , craned his long neck well forward over the boundary fence . | 11(4)
she crossed one suede-booted leg over the other , and toyed with the belt of her burberry , her green eyes unfocused on the passing scenery . | 2(1a)
one of the easiest blocks in kung fu is the ` x block " , in which the practitioner crosses one wrist over the other to form a cross . | 13(4b)
lying on your side , cross your right leg over your left leg . | 3(1b)
he winked good-naturedly over the rim of his glass . | 11(4)
as the crowd of us came out of the car , he leaned backwards over mr quigley 's fence and spat , slowly and deliberately , into the geraniums . | 11(4)
heated debate over the dam project took place during the 15-day npc session , with many delegates opposing it for environmental and financial reasons . | 16(7)
he believes in his heart that daisy has loved him during the many years they have not seen each other but he has pined over her . | 16(7)
as he filled her glass again he knocked over the salt cellar and quickly chucked the spilt salt over his left shoulder . | 2(1a)
ellen hurled the still discharging extinguisher over the side . | 11(4)
he would pitch a dead tree over the front fence . | 2(1a)
she groaned , pressing her hands over her ears , but it was n't that simple to cut off the insidious little voice . | 2(1a)
he pressed kisses possessively over her face again as if to make sure she was still his . | 2(1a)
but a moment later he was up again and had thrust his head over the back of the board . | 2(1a)
he had tossed his coat over the back of a chair and was pouring whiskies . | 2(1a)
he tugged a fur-lined hat over his cropped white hair as he approached the transit van , his eyes riveted on vasili 's face . | 2(1a)
i had chased selden over the moor . | 11(4)
i followed his gesture over the buried walls , across the narrow roadway between the ploughed-out snow dunes to where the fell rose steeply in a sweep of broken white to join the leaden sky . | 16(7)
as this village was inaccessible , the enemy patrols were unlikely to reach it undetected , but if they did the platoon headquarters was sufficiently mobile for the captain , sergeant , and their two runners/signalmen to withdraw quickly over the hill , taking their radio with them -- a different proposition to moving a 109-set , for now the guerrillas had dry battery radios ( see appendix no. 5 ) designed by lieutenant barcham , a new zealander , for use by the independent companies . | 11(4)
amazingly , she slipped into a gap between the tracks and lay flat as the intercity 125 rumbled over her . | 11(4)
at force mills , follow the road leading up to satterthwaite , keep on it as it crosses over grizedale beck . | 11(4)
after some thought , she pulled a chair in front of the hole and hung her coat over the back , so that the hole was blocked up . | 2(1a)
lucy had no wish to be caught eavesdropping , so she walked into the room and hung the towels over the rail . | 2(1a)
he had hung the battered sword over the spice cupboard in lucille 's kitchen , and had claimed to be glad that he would never again have to draw the war-dulled blade from its metal scabbard . | 2(1a)
the reforestation programme , targeting to plant 7.5 million trees over a seven year period , is on its way . | 11(4)
smear flux lightly over the ends of the pipe and the inside of the fitting . | 2(1a)
but in tucking a cover over the old man 's knees , for there was snow on the ground outside and in spite of a roaring fire the room was not as warm as he was used to , she felt her hand patted and then he said , ` peace and goodwill , peace and goodwill , that is the secret after all . " | 2(1a)
the trooper climbed reluctantly over the handrail and then lowered himself onto the supporting props below . | 11(4)
two or three pairs of hands roamed sensuously over the alloy frame , tentatively flexing the brakes and fiddling with the gear shift . | 11(4)
as the waaagh roamed freely over the worlds edge mountains it was joined by multitudes of goblins including the night goblin tribes of red eye mountain and many forest goblin tribes from the great forest . | 11(4)
once across this obstacle a fine , airy scramble over large boulders , fatigue now forgotten , led to the nicely pointed summit at about 5800m and a dramatic outlook . | 11(4)
without waiting for the others he plunged down the bank into the stream , slipping and slithering heedlessly over the protruding roots and rocks . | 11(4)
a drowsiness stole over him . | 2(1a)
any more raids and you 'll be stepping well over the line . | 11(4)
he went off down the street , stepping lightly over the famous steps , which , without mrs brocklebank to clean them , looked sticky and stained . | 2(1a)
i waded over it , trying to drag the four hundredweight on its side , and when all else failed , i beat it with my fist , kicked and cursed and pleaded with it to try harder . | 2(1a)
we treated ourselves to a reindeer steak , then went for a last walk over the bridge towards the polar cathedral . | 13(4b)
the walk over the falkenstein to st gilgen offers super views of the lake , and the adventurous may even make their way to the top of the schafberg . | 11(4)
they had a long walk over the moor to bingley and alfred carter could n't afford to wait for them if they were late . | 11(4)
a student barred by police from canoeing over england 's mightiest waterfall has been seriously injured in a daredevil river plunge . | 2(1a)
` so am i. " heather turned again to the opening and gazed hard over the fields to where the spirals of smoke were rising behind the bushes . | 11(4)
` do you mind if i have a look over the garden , " yanto called after him , unable to think of a better excuse . | 2(1a)
she took a look over her shoulder and saw a horse and rider behind her and at full stretch , but with the sun in her eyes , artemis could n't distinguish who it was . | 3(1b)
she cast a swift , assessing look over shannon , her eyes giving nothing away . | 3(1b)
only mick , who had gone in ahead of me , looked eagerly over the counter towards the office staff doing their paperwork . | 11(4)
the bush administration 's revision of its indo-china policy was partly designed to forestall a potential congressional rebellion over the issue . | 16(7)
tom rodent still presides over anger detach ; nice newton and lib caller are at blooms ; joan mural , as ever , is at john mural , publisher of lord byroads . | 16(7)
this time he was virtually friendless , and his old comrade and employer , motamid had died , leaving his son mostain to rule over saragossa . | 16(7)
but the battle over the sea dumping of nuclear waste , dramatic as it became , represented only a small fraction of a much larger problem . | 16(7)
the beatles are locked in a high court battle over the rights to the cover of their album sergeant pepper 's lonely hearts club band . | 16(7)
the fight over appointments became more and more bitter and added to the all-engulfing problems of christine jackson 's recruiting operation , with its equal opportunities commitments . | 16(7)
students back fight over union funding | 11(4)
half a century ago mr guerra , a fellow andalucian , would have fought a duel over this remark , but he is happy , come the 29 october elections , to crush mr pacheco 's party into the ash-white earth of jerez . | 16(7)
he told itv 's walden programme the clash over proposals to give the colony greater democracy were ` quite interesting " . | 16(7)
left and right struggle over familiar territory and all sides -- including the ruling apra candidate , luis alva , - vow to root out corruption . | 16(7)
rather , they require a careful analysis of contemporary political struggles over questions of representation , symbolic boundary formation , and identification . | 16(7)
both are still locked in commercial combat over the lucrative contract to refit britain 's trident submarine fleet . | 11(4)
additionally , the stalemate over economic union makes it difficult to assess the costs of insurance or mortgages arranged abroad . | 16(7)
scientists in rio de janeiro blame local authorities for not fighting the mosquito over the past two years . | 11(4)
` i want you to stop fighting over berlin . | 16(7)
at the moment , the divorce is given and then , often , the real bitterness starts as husband and wife fight over cash and kids . | 16(7)
he had fought hard over the year of her suspension to have her case dealt with speedily , and to get at the truth behind the allegations . | 16(7)
he draped inflamable material over it and calibrated the switch to come on later in the day . | 2(1a)
jean-pierre picked up a shawl and draped it over jane 's shoulders . | 2(1a)
the stage is set for a showdown over a new constitution for russia . | 16(7)
2 hours before the show starts , the fire brigade and 2 besuited men from the local authority are in grim conference over the safety of some fireworks in the production . | 16(7)
the technique in brush application should be to spread the liquid generously over the surface and onto cracks . | 2(1a)
anne had never known mark properly , had n't understood his unorthodox behaviour , his irreverent sense of humour or the way he 'd detested sad , miserable faces , pointless regret over things that could never be altered . | 16(7)
thinking now of the battles she had fought with her own children , especially her daughter , margharita , she felt a pang of remorse over the woman she had buried a few hours earlier . | 16(7)
president truman and his advisers were anxious over sino-soviet relations and wondered whether american forces could take the port of dairen and thus prevent the soviet union from occupying the liaotung peninsula of south manchuria . | 11(4)
in dublin , many had plastered tantalising billboards over more subdued irish sunday paper advertising . | 16(7)
` i 'm not ashamed of it , " she retorted , taut with anger over his reference to her mother . | 16(7)
downstairs in the lobbies , tories were running around in equal bewilderment over the speakership . | 16(7)
journalists were asked by the manager to attend a midday conference at celtic park in the expectation that brady would be commenting on his dismay over anonymous , directorial criticism of the team 's progress . | 16(7)
it was only the second occasion ever in which bankers had been summoned and reflected both the high degree of public outrage and government embarrassment over the spate of recent financial scandals . | 16(7)
but the blank horror over khmer rouge atrocities between 1975 and 1978 has created a blind spot about its strength in cambodia , and the growing likelihood that it will return to power , either on its own or with the other cambodian opposition factions . | 16(7)
in a speech delivered to members of the armed forces on april 2 , president saddam hussein robustly defended iraq against western accusations over its alleged nuclear aspirations . | 16(7)
` he was breaking bottles over my head like a maniac . " | 2(1a)
to express their grief over the warrington atrocity , the people of dublin sent thousands of floral tributes to liverpool this morning with the irish air corps . | 16(7)
whereas they eventually came to some agreement over the various ` courses " , they argued vehemently over elisabeth 's insistence that the recital should both begin and close with strauss 's morgen . | 4(2)
it is not the first time the council has been at the centre of a disagreement over charges for collection of waste . | 16(7)
the international trading company lonrho and the al fayed brothers , the owners of the harrods company house of fraser , have settled their long running row over the ownership of the harrods store . | 11(4)
the accusation came during an angry row over a newspaper story which claimed anne had put off her wedding to naval commander tim laurence -- and called princess di and fergie ` two silly girls " . | 16(7)
the director of the prison was dismissed on july 24 and on the same day the acting commander of the air force , gen. hernando monsalve , requested an immediate transfer , having been accused of incompetence over operations at the prison . | 16(7)
kate bent over nicandra to pick up the tray : ` and you did n't eat the half of it , " she said reproachfully . | 11(4)
setting it down on the bedside table , she stooped over george . | 16(7)
i imagine she leaned eagerly over the desk towards me , as towards a pupil who has made a good point in his essay , smiling and nodding encouragingly . | 11(4)
so , when i gently lean over them , i recognise myself in | 2(1a)
tonight 's local headlines : a last minute goal gives oxford united a well deserved one nil win over portsmouth at the manor . | 6(2b)
derby were convincing 3-0 winners over pisa , who also had jose antonio chamot sent off for a professional foul on ted mcminn . | 6(2b)
grunfeld , 25 , the eighth seed from manchester , now takes on romanian ruxandra dragomir , a 6-3 , 6-0 winner over russian natalia bykova-egorova , for a place in the third round . | 6(2b)
adam , celebrating his second victory over johnson this week , gasped : ` i did n't think i could get this far . | 6(2b)
some people are daunted by the technology of sound , but it 's basically just like water : you can send it out in a jet or you can spray it gently over everyone . | 2(1a)
mojo shook the thing fiercely , spraying ink over the station head . | 2(1a)
farmers in the region are not allowed to spray manure over the surface of their fields . | 2(1a)
he put the sack back and strewed some dead leaves over it . | 16(7)
on the one hand , we eat all those pre-packed and refined foods and , on the other , we sprinkle bran over everything from soup to yoghourt . | 2(1a)
sprinkle the chives over the omelet , allow to just set , then fold over and slide out onto a plate . | 2(1a)
