in response to a frantic waving of arms a few minutes later , i opened up our trusty seagull motor and chugged round the harbour arm to brave the swell . | 6(3a)
the pick-up truck being screeched round the corner by a masterful hero , the soft drink sipped by the teenage lead actress -- both products paid good money to be there . | 8(4)
they edged round the road 's bend . | 5(3)
she simply donned a flowing outfit by amanda wakely , stepped out and skirted neatly round the problem . | 8(4)
reluctant to voice her suspicions , fran skirted round the answers , aware that luke was listening intently to every word she said . | 8(4)
calmly and methodically , kirov climbed from the driving seat and skirted round to the back of the van , opening the rear door . | 8(4)
wrap insulating tape round the transmitter , covering the entire device to prevent water penetration . | 3(2)
they wrapped old sacks round themselves to keep out the cold . | 3(2)
they then crawled round the stone three times on hands and knees , hoping to see their future sweethearts . | 6(3a)
he crawled on toes and elbows round the land-rover . | 3(2)
he rose and began to dance round the room . | 8(4)
she darted round and round the tower , running fast but waving her hands . | 8(4)
as soon as they sight a predator approaching , they swiftly dart round to the far side of a tree-trunk before performing the rigid ` statue " response . | 6(3a)
the father dashed round his vehicle and came out with a camera . | 6(3a)
bedu 's rhythmics lessons got us all banging bongos , clashing cymbals , dashing round the gym and holding a rhythm against all comers . | 6(3a)
it is a particularly painful spot to be kicked and i spent some time hopping round the byre and cursing in a fervent whisper . | 8(4)
without waiting to find out what it meant , she broke into a trot and hurried on round the next corner . | 8(4)
bodie received the message about the sneaky departure of chrissie and the two children as he was jogging round the block , just after six in the morning . | 6(3a)
and when she tried to interest him in niente acqua , he laughed as he limped round his shelves serving several customers at once and , shrugging his high shoulders , said , ` non c'e pioggia , non c'e acqua . " | 6(3a)
as he crept downstairs he could hear weird music floating out from under the door , queer spine-chilling music that reminded him of icebergs and great snowy wastes , and polar bears lumbering round in furthest greenland . | 8(4)
melissa dumped her register and handbag on a chair , marched round the desk and tried the cupboard door . | 6(3a)
now she stood up and began to march restlessly round the room , swinging her long gun by its handle . | 8(4)
suddenly desperate to put a distance between them , rory jumped down from the stool to pace restlessly round the kitchen like a caged animal , unhappy in its imprisonment . | 8(4)
francis dragged himself to his feet and plodded round the bend . | 6(3a)
but , after half an hour prowling round the kitchen , the dog -- rudy -- came over to me . | 8(4)
candy 's blue eyes narrowed suspiciously as she prowled round rory like a tiny bird of prey inspecting its dinner . | 8(4)
he looked pale and serious as his eyes scampered round the room until they found the telephone . | 8(4)
that alone would have been worth the scramble round the cliff path . | 8(4)
so i skulked round the pub , had a burger and a pint and after embarrasing myself by asking two likely candidates if they were mark , i shot off . | 8(4)
and there is no shortage nowadays of people willing to slog round the streets delivering betterware catalogues to earn a few quid . | 8(4)
willi staggered round the end of the car park , puffing , red-faced and sweating in spite of the old wind . | 6(3a)
they stamped round the sofa and did that tricky bit of acrobatics that sid and ethel showed us the other night . | 3(2)
he must have been pleased or he would have been stamping round here by now . " | 6(3a)
she controlled the horse with a length of twine and she had authority over the animal , which snorted then stepped proudly round to the gate . | 8(4)
hey ; you want to take a stroll round the battlements ? " | 8(4)
much later that night , coming back from dinner and the theatre , followed by a stroll round trafalgar square and whitehall so donna could glimpse some of the sights , alexandra looked up at matthew 's windows . | 8(4)
he stumbled round the side of the house , through the flower beds , feeling the windows . | 6(3a)
it is in a constant shimmer of glinting silver movement as the countless small fishes swim round and round the outside of the ` ball " and disappear into an orifice within it . | 1(1)
slowly and carefully i swam round the dark walls of the castle . | 6(3a)
i swam round the boat , looking for rachel , but both she and casey were gone . | 6(3a)
the organizer taps someone on the head and that child has to tiptoe round the circle while ` sleeping beauty " tries to point to the person . | 8(4)
american experts on foreign affairs tiptoed round europe . | 8(4)
we also have to traipse round the neighbourhood on all hallows eve , calling on neighbours , who give our children sweets . | 8(4)
it 's thought bad manners not to offer a visitor a night of passion after tramping round the icy far north . | 8(4)
we have established the assassin had been tramping round in the snow , yet lady beatrice and rachel are wearing the same clothes as they were this morning and , as far as i know , never left the house . " | 8(4)
but , although jacques claims that it is massively frustrating to watch julie tripping round the flat half-naked and not be able to touch her , mr moore fails to project the necessary dashed and deviant desire . | 8(4)
the bus is trundling round the railway arches near bermondsey when this hits me , and i gaze out the upstairs window with a lot of fondness . | 8(4)
david had reached the kitchen in his walk round the bungalow . | 8(4)
he 'd cycle round and round the estate on his bike and i 'd stay in . | 5(3)
however , as he approached mr zamoyski 's shop , a man in overalls cycled round the corner , his tin lunchbox under his arm . | 8(4)
the fellow gazed suspiciously round the crowded tavern . | 8(4)
she had a quick look round the room and shoved a few things out of sight in the glory-hole cupboard . | 8(4)
she peeped round the corner . | 8(4)
each corner contained a runner of sorts , which increased the rope drag , so that by the time i peeped round into the main central corner that was clearly the key to the route , the drag was very serious . | 6(3a)
i thought she might be under the front part of the colonnade , and peered cautiously round the corner . | 8(4)
people sleep on the floor or huddle round television sets . | 3(2)
once we were sitting round the table and the landlady 's son said , ` give me the butter . " | 6(3a)
she drapes this green scarf round my neck . | 3(2)
eager hands unrolled the garlands of tinsel and draped them round t ] he branches . | 3(2)
a jewelled necklace round his throat glittered in the sun as did the pearl earrings which hung from fleshy lobes on chains of pure silver . | 3(2)
sabine sat up , shivered a little in the cool of the early morning air , as rohan walked in , a towel knotted round his hips , carrying two cups . | 3(2)
he knotted the end of the tie round the other side of the window . | 3(2)
in a fit of temper yates grabbed nicola 's sweater , tied the sleeve round her neck and throttled her as she cried out " daddy do n't " . | 3(2)
the following weekend i cemented capping stones round the top of the new pond and also round the header pools . | 3(2)
she simply donned a flowing outfit by amanda wakely , stepped out and skirted neatly round the problem . | 8(4)
mr malik put his arm round robert and continued to watch this display with apparent unconcern . | 3(2)
donna warmed her hands round her tea and glanced at her watch again . | 1(1)
large lakes thaw round the edges but tend to retain a core of ice in summer ; in consequence their waters never warm far above freezing point . | 6(3a)
she travelled round the world , paid two visits to the united states , and for a time taught english in japan . | 8(4)
` people ask why i do n't tour round seeing the sights , but i could see sights in australia and be warm . | 8(4)
` she was driving very fast , " he said as he folded the map round the photograph and tucked it into the inner pocket of the waterproof saddlebag . | 6(3a)
and then she reproached him and turned into a dragon , and flew away round the battlements making a terrible noise and battering the stones . | 6(3a)
` and and she grabbed the rope round the mule 's neck and and led it away to safety , leaving her husband lying in the road . | 3(2)
she flung her arms round him , her face buried in his soaking coat . | 4(2a)
the prince 's personal press secretary dickie arbiter ferried them round the queen 's estate at sandringham , norfolk , so they could film the photographers snapping the royal shooting party from a public road . | 6(3a)
i hitchhiked round europe , lived off the smell of an oily rag , as they say . " | 8(4)
they set out their bedrolls and crouched round the flames , except for the unfortunate rimir who had first watch . | 6(3a)
they were seated round the long oak table , with the remains of supper still spread out . | 6(3a)
even the violent messages , when she threw things round the room , went unheeded . | 6(3a)
the students themselves take little active part in the teaching/learning process , but tend to follow passively round the various stations . | 8(4)
i watched his shaking shoulders go out of the gate and disappear round the corner . | 6(3a)
hank had hastily retreated round the side of the garage , while they decided where to put a sand box for the child as yet unconceived , and then he had re-entered the gate , giving it a diplomatic slam behind him . | 5(3)
