` she 'd have a lot to get used to at first , " rose said absently as she scanned through the letter . | 4(1c)
on balance it has been an enjoyable task and a great privilege to undertake on behalf of the club necessitating searches through some 4,000 documents , including old copies of the standard back to 1895 . | 12(5)
a search through many alternative solutions is often required . | 10(3)
that was the fate of the american official who ordered a similar search through mr clinton 's files . | 10(3)
and if he was n't searching through magazines and papers he was looking into boxes , bags and bundles to find more magazines and newspapers to search through . | 13(5a)
she searched through the pannier for a musichip to put into the helmet 's sound system , but only found selections from john phillip sousa , the best of kate smith , and john wayne 's america . | 10(3)
the concern of the group for individual members found expression through precious substances in death as well as in life . | 4(1c)
with that he snatched up the bottle and flung it through the open window into the yard . | 3(1b)
balberith ripped the remains of the fruit and salad bar from its mountings and flung it through the roof . | 3(1b)
and if your sauce has turned lumpy , press it through a sieve . | 4(1c)
if , however , the electorate does buck the trend and return george bush to the white house , the president will face a tougher task than clinton would in pushing his economic programme through congress . | 8(2a)
blindly he pushed more notes through the window and turned away . | 1(1)
she managed to push a short path through them , but the great numbers before her were unconquerable , pushing her back , back into the waiting sea . | 3(1b)
his right hand took hold of the guard 's tie and collar and he threw him backwards through the doorway . | 1(1) 3(1b)
at his command all four took off their masks and tracksuit tops and threw them through the windows on to the garage floor . | 3(1b)
she says that it 's horrible , they get bricks thrown through their windows and clothes lines cut down . | 2(1a)
that was apparently the case in cleveland last week when an officer was knocked out by a concrete chunk thrown through a windscreen . | 1(1)
they unlocked this gate and thrust me through it , locked it behind me . | 4(1c)
` do n't be silly ! " snaps the woman , tugging her offspring through the throng . | 10(3)
gina had remained silent after rune 's surprise announcement , allowing him to conduct her through the gates and across the road to the mercedes . | 10(3)
he nodded awkwardly and followed the others through the gap . | 1(1)
they will not pursue the adventurers through the arch , so a well-organized and swift exit is indicated ! | 3(1b)
they had pursued it through the maze of backstreets until unaccountably losing it in a cul-de-sac . | 10(3)
the route was officially kept secret , but a greenpeace ship shadowed the freighter through the atlantic ocean and around the cape of good hope . | 2(1a)
i am retracing the footsteps of the lost expedition , tracking them through their abandoned log from one wrong compass bearing to the next . | 10(3)
maltravers watched her leap over the wall with teenage ungainliness and disappear through the garden hedge . | 1(1)
i admired my daughter-in-law so much the day i saw her stand a full five minutes waiting for her little boy who was watching a worm disappearing through a hole in the earth . | 1(1) 3(1b)
they asked about the escape through the channel of the german battleships scharnhorst and gneisenau . | 1(1)
in early march 1322 , when lancaster was retreating through the north midlands before the royal army , holland crossed over to edward . | 1(1)
lucenzo 's brother touched lucenzo 's arm in thanks and vanished through the crowd . | 1(1)
having supplied them with a fifth chair , amiss made them generally comfortable and vanished noiselessly through the nearest door . | 3(1b)
austerity no. 90129 clanks through kirkby bentinck heading a northbound freight in the 1950's . | 3(1b)
` quick , quick , pull on the rope , " just before the first horse came clattering through the gap . | 3(1b)
the f2b creaked through a 180-degree turn and began photographing another strip . | 1(1) 3(1b)
bullets fizz through the air in sarajevo . | 2(1a)
their bmw cars purr through the streets of the capital , la paz . | 3(1b)
the shiny black porsche purred through the slightly shabby suburb . | 3(1b)
brown barges puttered slowly through the turbid water . | 1(1) 3(1b)
buses rumbling through the city streets in 1986 could need 30 per cent less fuel than they do now to bring the cry ` standing room only " to impatient queues . | 1(1)
bodie 's car screeched through the london streets . | 3(1b)
when they thud through the letter-box , $150 will go a long way to ease your mind . | 3(1b)
two hefty figures in combat suits thundered through the doors , spraying the saloon with fire . | 1(1)
more adrenalin poured into her system , raising her pulse , sending the blood thundering through her veins as her face paled . | 3(1b)
doors stood half open and the wind whined through black , unglazed windows . | 4(1c)
the british west indian airways aircraft descended through slate-grey rolling clouds , touching down at hannawora airport just after lunchtime the following day . | 2(1a)
the track -- optimistically marked on the map as daleside road -- edged through a final gate and onto the road . | 3(1b)
where pipes exit through an external wall , use an expanding form filler both to seal the hole and to insulate the pipes . | 2(1a)
the winter sun reached through the bare branches of the limes , making bars of startling light and shade that flickered in the carriage like a pyrotechnic display . | 4(1c)
winged shapes , clattering eerily as they swerved through the air , were descending towards them . | 3(1b)
as she passed it a car swung through the big yellow gates ; a cream-coloured car driven by a girl of about breeze 's own age , or perhaps older . | 2(1a)
lais led the three men down the steps from the courtyard and into the cellars , weaving through endless corridors past racks of fine wines and champagne . | 3(1b)
if you have ever watched a bat chase a moth , as both wing and weave through the evening air in amazing aerobatic gyrations , you will know how three-dimensional and accurate is their perception of this world . | 3(1b)
to their right hand lay the marshlands , where the rivers wound seaward through their deep , reedy channels , and to the east the land showed rolling and forested towards the high lift of the downs . | 1(1) 3(1b)
a waiter wound through the tables towards them , bringing an ice bucket with a bobbing bottle and two chilled glasses . | 3(1b)
he inserted it through the side of his skull and , finding that he was still alive though in some pain , drove to a nearby hospital , where he later died . | 4(1c)
thread the folded end through the hold and tuck the two ends through the loop . | 1(1) 3(1b)
re-inflation is achieved by removing the air through an underwater seal drain ( chest drain ) . | 4(1c)
there you are , curtis , " delia sutherland said as he backed through the door with a tray . | 1(1)
summoning every scrap of courage , mildred suddenly barged through the rows of pupils and threw herself in front of mr hellibore . | 1(1) 3(1b)
first , an enraged she-bear had barged through the undergrowth and taken the throat out of his horse with one swipe of her paw . | 1(1)
she bolted through the open door , and all the time dreaded the touch of his hand on her shoulder , stopping her . | 1(1) 3(1b)
the pain burrowed through leonie , tore at her with sharp claws . | 2(1a)
there 's a more direct way along the valley of the rhine but the riders of the tour will climb through the vosges mountains , granite and sandstone covered with beech and fir . | 1(1) 3(1b)
during one incident a thief actually climbed through a window to pinch a cashbox and , another time , a drunk was found asleep in the office . | 1(1)
he tried to formulate ways of getting away from cesar -- could he make a dash through the baggage hall , or jump out of the taxi ? -- but again his imagination stalled . | 2(1a)
cat owners often notice that their pet will suddenly and for no apparent reason make a headlong dash through the house . | 1(1) 3(1b)
there was still a handful of people down there , identifiable only for brief seconds as they flitted through the pools of light thrown out on to the pavement from cafes and shops . | 3(1b)
he hobbled through the first available door , which was marked adjutant general , and saw a red-faced major seated behind the desk . | 1(1) 3(1b)
when at last he came , he hurried through the burial prayers , and as quickly as possible ( it was only a job , after all ) the coffin was put into the ground . | 1(1) 3(1b)
moments later , with no thought for his own safety , he was hurrying through the smoke-filled corridors at a limping run . | 3(1b)
partly penned by the south shields linguist and folklore buff moira tatem ( tatem , that is , not totem ) it is sufficient not only to prevent you undertaking a midnight jaunt through graveyards but from ever getting out of bed again . | 3(1b)
she nearly leapt through the ceiling when the door opened and maud and enid marched menacingly into the room . | 1(1)
he lurched forward involuntarily through the entrance , and almost fell at the feet of the chief . | 1(1) 3(1b)
lurching through the saloon into her own cabin , she grabbed a sweater from the locker beneath her berth and slammed the cabin door behind her . | 1(1) 3(1b)
the tiny instrument had survived the march through the jungle but everyone assumed it would be discovered before long and confiscated . | 1(1) 3(1b)
old joseph retired to the seclusion of the wallowa valley to escape the soldiers that marched through his country , but with whom he had no direct quarrel . | 3(1b)
on jan. 15 up to 20,000 students and pacifists marched through madrid ; on jan. 19 up to 100,000 demonstrated in madrid , barcelona and other cities . | 3(1b)
on dec. 20 , the first anniversary of the us invasion , thousands of people marched through panama city shouting anti-government slogans and burned a us flag . | 1(1) 3(1b)
here you will be transported backwards in time as you meander through the victorian street , with its working craftsmen , and into the period rooms showing life as it was in victorian times . | 3(1b)
an elderly lady could n't stop crying as the big man paced through her small devonshire village . | 3(1b)
since you wo n't tell me , i suppose i 'll just have to plod through the whole book . " | 3(1b)
burden plodded through the rain from estate agent to estate agent and he at last found moat hall , listed in the books of a small firm on the outskirts of the town . | 1(1) 3(1b)
he was growing more nervous , presumably in anticipation of the sight of the clown , prancing through a doorway or being dragged out by the police . | 3(1b)
she left him to prowl restlessly through the family photographs that were prominently displayed as she first took a shower then dithered over what to wear . | 3(1b)
once molecules have learnt to compete and to create other molecules in their own image , elephants , and things resembling elephants , will in due course be found roaming through the countryside . | 10(3)
pensively i roamed through a housing estate , stopped by a bearded man who asked me if i knew where number fifty was . | 3(1b)
thus it was welcomed because it seemed to bring together on the one hand the idealized liberalism of the l960s and 1970s -- when pupils and teachers hoped to romp together through an uninhibited dance of individualized learning , projects , pupil-centred learning-situations , and an end to authoritarian concepts of knowledge -- with , on the other hand , the 1980s demand for ` standards " . | 3(1b)
one of his men came rushing through the crush of people . | 1(1) 3(1b)
two trains come in simultaneously and hancock simply scampers through one and into the corner seat of the other , while the commuters are struggling to enter . | 3(1b)
he scampered nimbly ahead through the crowd with his friends -- leaving us trapped behind a leisurely army of elderly women . | 1(1) 3(1b)
as nightmares scampered through flyte 's imagination , dean 's impassive face began to blur behind the glass . | 1(1) 3(1b)
on the other side of the pub , perry scurries through the door . | 1(1) 3(1b)
` no , " she said desperately , and turned and walked away , mingling with the throng that shuffled through the narrow streets rubbing shoulders with each other . | 1(1)
mountainous volumes lend their weight to dreams of a snow-bound christmas john samuel slaloms through this year 's selection of books for the skiing enthusiast . | 3(1b)
flip over and you 'll find equally impressive tunes from liberty city and interceptor patiently waiting to be tried and tested , both estimable club-friendly giants sleepwalking through deep house style lobbies and thoroughly warranting as much attention as ` reach me " . | 4(1c)
she slunk covertly through the entrance . | 3(1b)
jean collona also slunk through the seventies and underlined a look that will for at least a year separate the old from the young . | 3(1b)
flying reptiles still disconcertingly glide and slither through the indonesian sky . | 3(1b)
on hazely peat moor bill waited for me , grinning as i slogged through the heather in the heat . | 3(1b)
however you build your henhouse they 'll sneak through a crack . | 3(1b)
a girl , overcome by enthusiasm for the occasion , took off her clothes and sprung forward through the crowds . | 3(1b)
when the superintendent staggered through the front door of the maisonette she did not notice the flashing light on her answerphone . | 1(1) 3(1b)
the harpsichord began a long lute-stop passage , a new movement , as gentle as rain , the sounds stealing through the house , mysterious , remote-sounding harmonies . | 4(1c)
she could n't see the number from where she was , so she stole through the undergrowth and came up to it from behind . | 10(3)
anger a tight constriction in her throat , gina took a step through the open door , her fingers clutching the key to her room . | 3(1b)
he followed the officer , stepping through the churned mud , towards the concrete steps down into the brigade post , and the presence of the chairman of the revolutionary command council . | 1(1) 3(1b)
every time i heard the wind rustling in the bushes or rattling the slates i 'd duck down under the covers , thinking of hooded ghosts stomping through the garden -- or through the wall . | 3(1b)
slave masters strode through the crowds of men and women whipping them if they slowed down or showed any interest in the travellers . | 1(1) 3(1b)
keen walkers will be spoilt for choice by the range of tracks and routes available to them , from leisurely strolls through alpine meadows to more taxing and strenuous mountain hikes . | 3(1b)
a stroll through toronto 's kensington market and you 'll discover a harmonious , cosmopolitan blend of sights and sounds . | 3(1b)
i enjoy living in the countryside and like nothing more than a stroll through the villages . | 3(1b)
the woods were damp and overgrown ; she stumbled through brambles and fallen branches . | 13(5a)
the massive door gave way , and the russians were upon them , stumbling through the debris , some falling to the defenders ' final volley . | 3(1b)
there are no public bars or outlets for purchasing lager , and the only route for escaping the forces of law and order is a taxing swim through a shark-infested bay . | 1(1) 3(1b)
there 's even a flying snake , which flattens itself into an aerofoil and swims through the air like flying tagliatelle . | 3(1b)
soar above glacial peaks and swim underwater through the icy caverns submerged within the chaos glacier . | 4(1c)
as they tottered through the trees this wednesday morning , she felt herself shaking from somewhere deep inside . | 1(1) 3(1b)
dine at the restaurant , traipse through the shops -- laugh at the exhibits . | 1(1) 3(1b)
as he left that all-too-familiar graveyard and tramped home through the snow , charles the cheesemonger must have thought that the century was drawing to an unpropitious end indeed . | 3(1b)
but venice is a seaport still , and above all these lesser vessels there still tread through the lagoon , as they always have , big ships out of the oceans . | 1(1)
he relaxed his roly-poly figure in the cart and let his piebald pony , who knew the way home as well as he did , trot ahead through the darkness of the berry-lined road . | 3(1b)
we dropped the others off , and now the big shops would be left behind as we waded through the gloomy streets of fulham . | 1(1) 3(1b)
nathan had not been prepared for the bus trip into and out of the town and the long walk through the snow to a campsite either . | 3(1b)
take a walk through the town , and you will also find a choice of pub-fare , wine-bars , bistros and take-away restaurants , catering to every taste and with facilities for families . | 3(1b)
i certainly could n't make the cylinder i required , but a walk through the yellow pages revealed several firms in birmingham which specialised in copper smithing . | 3(1b)
there are numerous signposted forest walks through friston forest . | 3(1b)
the first women royal marines recruits have waltzed through the elite corps ' gruelling military training . | 3(1b)
wriggling through the crowds , i sidled around the walls , admiring black and white photographs of old men in cloth caps playing fiddles , while children looked on wonderingly . | 3(1b)
it was homeward bound after that and we motored south through finland 's seemingly endless pine forests , past huge lakes with unpronounceable names and rivers with great rafts of pine logs en-route for the sawmills . | 3(1b)
i rest my head against the bars and gaze through them as into a cage . | 4(1c)
heather payne simply listened through the thin wall dividing the houses as her victim panicked . | 4(1c)
i looked through her bright red glasses into her light grey eyes and said , ` well , so far so good , certainly , but let's not count our -- " | 4(1c)
the customs officer tilted his head to one side , observing her through eyes slitted against the smoke . | 4(1c)
she sat opposite him as he leaned back in his seat and observed her through gold-rimmed spectacles , and she still felt uneasy with this man . | 4(1c)
eventually the story spread that the dictator himself was aboard , observing his subjects through the mirror windows . | 12(5)
but observed through our telescope ( condition , good ) we see the image of a mosque . | 4(1c)
i saw a bright eye peep through a crack , then she caught me watching , and withdrew . | 4(1c)
andrew added : ` she smelled smoke through the letterbox and naturally panicked and started banging on the door and shouting . | 2(1a)
carnelian , spying through the eye-screen from wherever , had immediately begun withdrawing the hydra into the warp of chaos to save it from extinction . | 1(1)
the more complicated feel they can not be contained ` in such a small room " and then start ` spying through the window " . | 4(1c)
grace stared carefully through the telescope . | 4(1c)
i and the one other passenger viewed the landscape through the grill dividing us from the driver , the mail , bottles of milk and newspapers . | 3(1b)
noreen heard them through her attic window , bellowing outside snells ' . | 3(1b)
they heard it through the clatter of their engines , but they could not see its faults . | 4(1c)
they become extra sensitive to tiny vibrations made by sounds and can almost ` hear through their feet " . | 4(1c)
we have no mental conception of what it is like to perceive the world through antennae . | 4(1c)
the definition can be made more accurate , but not wholly satisfactory by specifying that the other animal must have changed its behaviour because it perceived the signal through its sense organs , and was not physically forced . | 4(1c)
a rainbow is formed from the interaction of pure white sunlight with molecules of moisture in the atmosphere acting as prisms that break up the light into the respective colours perceived through our senses . | 4(1c)
` i realised that our existence is nothing but a succession of moments perceived through the senses . | 4(1c)
he had set a pressure lamp on the land-rover 's hood before leaving the cabin but he could n't see it through the rain . | 4(1c)
andrew added : ` she smelled smoke through the letterbox and naturally panicked and started banging on the door and shouting . | 2(1a)
the youth unwraps a razor blade and slices through the veins of her wrist , fastening his lips to the wound as he hungrily drinks the spurting blood . | 3(1b)
lamps glowed through the ports of boats , vehicles had driving lights on . | 4(1c)
limited parking is available in bays and pull-ins along the road through the wood . | 3(1b)
tamar turned along the track which led away from the village and the harvest fields , choosing instead the path through the thick woods which stretched down to the river bank . | 3(1b)
nevertheless , they were in london just before mid-day , following white cross street through cricklegate . | 3(1b)
he had not seen the correspondence about the lines through denbigh , as his men no longer worked over , nor signed the road to denbigh . | 1(1)
meanwhile , samsonov 's fully stretched men , spurred on by jilinski , were pressing northeastward , over exhausting sand tracks through forests and between numerous lakes . | 1(1)
a trail through several saharan oases brought us to nefta , close to the algerian border . | 5(1d)
when a character steps through the ever-changing arch , he finds himself on a narrow pathway through a forest of bizarre trees . | 5(1d)
the bullet entered her back and exited through her chest , puncturing a lung and breaking a rib . | 3(1b)
the bullet entered her back and exited through her chest , puncturing a lung and breaking a rib . | 3(1b)
he skimmed through it . | 3(1b)
cornelius rummaged through the contents of the boot and found them to be very oily indeed . | 3(1b)
he regularly hunts through supermarket shelves for home produced items after deciding six months ago to boycott foreign products . | 1(1)
home office officials have admitted combing through dusty immigration files from the 1960s looking for evidence that mr clinton considered applying for british citizenship to avoid the vietnam draft . | 1(1)
he stood straight and breathed through his mouth tasting mint coolness . | 3(1b)
then the movement is reversed : the air inside , now heated , escapes through the same pores whereby it entered , and is replaced by cold air inhaled through the mouth | 4(1c)
i saw them watching your house and i escaped through the back . | 3(1b)
ascends gradually through woods , up the valley of desolation , then over moorland to the crags of simon 's seat . | 1(1)
watch out for the jugglers , jesters and minstrels thronging through the courtyards -- and be sure not to miss king arthur 's colourful daily parade , the royal falconers and the marionettes show . | 3(1b)
and when she came home she said , do you know what she said she must have taken ages she said to put that cord through that er beam , she said . | 2(1a)
i think it was when i saw the london policeman wagging a finger at a scowling urchin that i thought of wesley binks and the time he put the firework through the surgery letter box . | 4(1c)
colin must win because he is the physical buffoon ; he falls into traps and puts his head through walls , falls downstairs and all those things . " | 4(1c)
residents yesterday spoke of their fear as the car crashed through two fences and swerved over a lawn , smashing its indicator light . | 2(1a)
she crashed through the glass of her own skylight . | 2(1a)
the lorry smashed through a brick wall and plunged into the fast-flowing canal , landing on its side . | 2(1a)
it appeared to be coming from somewhere to the right , the bullets were hitting the house high up and smashing through the windows of one of the bedrooms . | 2(1a)
taking one hand off the wheel , nathan reached out and hooked his fingers through the front of her harness . | 1(1)
she spent two years travelling through her native land to film her current bbc2 series . | 3(1b)
they left in july , travelling through switzerland , italy , greece , turkey , syria , and palestine to egypt . | 3(1b)
sick of the slaughter of his folk he journeyed through the war-torn land to the shrine of asuryan , determined to invoke the aid of his god . | 1(1) 3(1b)
` the journey through east germany was terrible , " one woman said yesterday . | 3(1b)
their cold journey through the bitter essex landscape had been fruitless . | 3(1b)
a few more metres and she was faced with a panorama of colourful flower-beds surrounding a small lake where , as a centre-piece , air bubbled through a series of glass tubes of varying diameter and height to make an eye-catching display . | 4(1c)
he always said 'she gulped again and a tear trickled through the make-up . | 2(1a)
in every case they pictured a pastoral place where streams trickled through lush meadows , waterfalls fell into cool , sparkling pools or the sea gently bathed a sandy beach . | 1(1)
the folds cascaded through her hands on to her lap . | 3(1b)
the bedroom was dim , full of mist seeping through the windows and the candles spluttered and wavered in the draught . | 2(1a)
mrs. saunders groaned and she covered her face with her hands and then olivia saw that tears came oozing through her fingers and her chest inside her nightgown was heaving with heavy sobs . | 3(1b)
but the ink often leaked through the screws and damaged clothing . | 1(1)
from adkin , 128 oxford road , cowley office , proceed through the traffic lights by the original swan public house and onto the ring road . | 1(1) 3(1b)
as i slept off the last of my baggitis , sweet visions of castles , fountains and autumn leaves drifted through my dreams . | 4(1c)
back from the riverbanks , men in gallibayas glided through orchards of apricot trees . | 1(1)
a small gust of laughter blew through him , and left him smiling . | 4(1c)
depending on their radioactivity , these are either stored on the site for eventual disposal , or diluted and discharged through a pipeline into the irish sea . | 1(1)
in the evening chola woke him with some water to drink : he winced and then groaned as the pain shot out from his thigh and radiated through his body . | 3(1b)
a schoolboy escaped severe injury last night when he plunged through a skylight and crashed on to a bed . | 1(1)
and he 's never happier than when he 's falling flying , floating through the air . | 2(1a)
from the bank we could see it floating through the reflected lights like a submerged log . | 1(1)
it was suddenly quiet in the orchard as the mist floated through the trees . | 4(1c)
it features close-up shots of fox cubs playing in woods near wilton , bats flying through open windows into laboratories and a mole digging for worms within yards of workmen sinking salt wells at north tees . | 3(1b)
she slid out of her bunk , grabbed her robe and stormed through the galley into his cabin . | 1(1)
an australian who had acquired millions through the construction industry now also wished to acquire respectability . | 1(1)
and the more that living material is boxed into discrete survival machines , the more will the cells of those survival machines concentrate their efforts on that special class of cells that are destined to ferry their shared genes through the bottleneck into the next generation . | 12(5)
the attack on the village along the road was still going on , wounded and dead commandos were being placed against the walls of the cobbled farmyard , waiting their turn as the jeeps ferried to and fro through the village . | 3(1b)
a passport inside containing the photograph of eila karjalainen , a finnish student who 'd disappeared a few months before as she hitchhiked through oxfordshire . | 1(1) 3(1b)
mayer fled through the lobby and then , mustering all his courage , he turned and called chaplin , who was in hot pursuit , a pervert . | 1(1)
