christ , said campbell , accepted a cutting off from his father in order to unite us to god . | 8(3)
she lifted a hand to her head ; it was aching badly . | 1(1)
she lifted a hand to his , her fingers curving lovingly over the back of his wrist . | 1(1)
` as you say , " he taunted , and lifted a hand to the door-handle . | 1(1)
lindsey lifted her face to the sun . | 1(1)
freddy nodded reassuringly to his friends . | 8(3)
owen was about to move away when one of his men appeared above the parapet and waved to him urgently . | 8(3)
i 've always tried to be truthful to you , frances . " | 8(3)-1
democratic audiences had to consent to this approach . | 1(1)
moreover , people who covenanted money to the hospitals for over six years secured income tax relief on the sum ( 1922 finance act ) . | 8(3)
lang has also pledged himself to an increased emphasis on the teaching of art history at secondary school and college level . | 8(3)
i 've long since pledged my sword to any who would help rid this borough of the damned daine . | 8(3)
then he pledged loyalty to frick and to his leadership . | 8(3)
tom has promised a special reception to the big winner . | 8(3)
immediately after innocent 's election , the senator , scottus paparonis , resigned , which paved the way for the nomination of a successor who swore fealty to the pope . | 8(3)
` i swear it to you . | 8(3)
the mother who swore to everyone that she loved her children ! | 8(3)
i swear to god it was unbelievable ! | 8(3)
death 's mercy has held off all too long , but now i swear to you this is ending . | 8(3)
i hardly dared formulate my ambition to myself . | 8(3)
the sight of a frustrated jim mclean gesticulating to his players from the touchline can be amusing in normal circumstances . | 8(3)
he motioned them to chairs . | 1(1)
he motioned to the barman to refill their glasses , a feeling of satisfaction running through him . | 1(1)
he downed the dark , viscous liqueur in one go and motioned to franco for more . | 1(1)
rain motioned to oliver that she was going upstairs . | 1(1)
the blond man had nodded a greeting to her , and carol had been aware of his appraising gaze . | 8(3)
from the altar the priest nodded a smile of recognition to the best man . | 8(3)
there is no reason why a male bird should signal accurate information to its competitors , except in so far as it will scare them away . | 14(6)
she saw us as allies and babbled to us in a mixture of french and arabic throughout the hymns , then sighed loudly and looked out of the window as the prayers droned on . | 1(1)
she was also chanting softly to herself . | 8(3)
annie trotted obediently beside her , chanting to herself , ` wanta-wee wanta-wee wanta-wee , " in a sing-song voice . | 8(3)
ludens and irina jostled each other , shouted at each other , chattered to each other , argued a lot , laughed a lot . | 1(1)
fonda studiously ignores the hairs as he drawls to an off-screen interrogator . | 1(1)
and while they were up there in the wide , blue yonder , they jabbered non-stop to each other over the radio . | 1(1)
his lips were moving quietly as he mouthed to himself what he would do if ever he had corbett in his power . | 8(3)
tom mumbled something to himself and handed it to him . | 8(3)
round-shouldered men mumbled quietly to frumpy girls in spectacles or filipino nurses who neighed dutifully at jokes they did not understand . | 8(3)
` now or never , " he mumbled to himself . | 8(3)
` there 's much to be done , " he mumbled to himself . | 8(3)
george mumbled incoherently to them . | 8(3)
eventually i untangled them and muttered something to him about it having been a hair-raising experience | 8(3)
bowring stared at the face that was appearing , then he muttered a denial to himself as he struggled to lower the binoculars , to let go his shivering grip on them , look away . | 8(3)
lucenzo muttered something to the man , who grinned understandingly . | 8(3)
` too mean to offer a living wage , " muttered tom tedder to the young man beside him . | 1(1)
the clicking stopped and meg muttered to herself . | 8(3)
like hughes , the toothsome shandling switched to-and-fro between acted scenes and mini-monologues , nattering to the viewer about his family and sexual relationships . | 8(3)
she shouted a warning to defries and fired . | 8(3)
i used to have a special gimmick -- when i used to do my clog dance , i used to shout to the audience , ` throw pennies , " and that 's what they used to do . | 8(3)
i jumped up and shouted to the riders . | 8(3)
noreen appeared at the prompt side and little maria turned to her and sang the next verse to her . | 8(3)
eastenders star tom eytle sang to the duchess of york as she attended a charity tea party . | 8(3)
anne was playing the piano , and singing quietly to herself . | 8(3)
seb also managed to stutter his thanks to christian before following carrie to the kitchen where she had gone to put the kettle on the hob to make coffee for everyone . | 1(1)
they hurriedly whispered their good-byes to each other and after the front door had been closed willie followed zach back into his bedroom . | 6(2a)
` are you sure you 're ok , connie ? " he whispered to connon as the others went ahead through the door . | 8(3)
" if my father decides to beat me for what i did , " he whispered fiercely to himself , " please help me to endure the pain and not to cry . | 8(3)
he sheathed his dagger , whispered to ranulf and maltote to wait at the top of the alleyway , and knocked gently on the shop door . | 8(3)
` i am no fan of my muscles , " she bleated to a german magazine . | 6(2a)
adam chuckled to himself as the four-seater piper arrow flew at two thousand feet across german airspace . | 8(3)
wycliffe chuckled to himself at the picture he had conjured up . | 8(3)
old , of course ; they represent fear of the forest ; mythologies about the birth of birds ; the relationship between earth and sky through the thick trunks of the wood " he chuckled to himself . | 8(3)
he shook his head and clucked to himself like the white rabbit in alice . | 8(3)
` i know i shall say yes -- i ca n't help it ! " she cried to herself in bed one night . | 8(3)
the voice of your brother 's blood is crying to me from the ground . | 8(3)
` for god 's sake , let's go , " he groaned to himself . | 8(3)
o god , i 've lost him , he groaned to himself , lost him . | 8(3)
we 'd been moaning to malcolm about wanting to play some gigs . | 8(3)
at the reception desk , he murmured a few words to the elaborately uniformed commissionaire and was shown respectfully towards the lift . | 8(3)
` hurry up with the wine , " he murmured to the butler . | 8(3)
now charles murmured quietly to clarissa . | 8(3)
she murmured to him and put her hand over his . | 8(3)
` my , my " he murmured to himself and , bowing , he announced , ` freeman tucker . | 8(3)
at this moment , madam , who knew me , shrieked to me over the heads of the crowd : " you -- there -- please ! | 8(3)
maiden indeed , she snorted to herself . | 8(3)
` if she 'd been herself , " maisie wailed to robert , ` she 'd have looked . " | 8(3)
at about four o'clock he opened it and yelled to emmie to fetch the elastoplast . | 8(3)
` run ! " he yelled to lou , and the two boys , acting as if they were being pursued by the evil agents of an alien warlord , fairly streaked along the road . | 8(3)
he turned and yelled to the woman who was polishing a glass at the other end of the bar . | 8(3)
making an appeal to a specialist appellate tribunal is cheaper , quicker and easier than using the high court . | 8(3)
could it now transpire , wondrously , that his private entreaty to the godfather of all had only begun to be granted ? | 8(3)
over half the pupils in the bottom third gave the correct answer to that question and a fair proportion did so on two visualization questions in other tests . | 14(6)
anyway , he added to himself , as he looked with pity at the little boy , it was asking for trouble , giving him such a daft name . | 8(3)
there , she 'd admitted it to herself . | 8(3)
he was ashamed to admit it to me , and i understood why . | 8(3)
once , a dealer at harvard securities admitted to a director that he had been paid twice , and the director sniggered . | 8(3)
she missed him , she admitted to herself morosely . | 8(3)
sufferers admit to suicidal tendencies , feelings of shame , social isolation , depression and paranoia , according to a report in the british medical journal . | 8(3)
the girl who was being tutored out of school , and was , it must be remembered , a very disturbed child , had made a number of allegations to her teacher . | 8(3)
the spaniards are by nature noisy and vociferous , especially in the mornings when , like cocks crowing , they have to announce to the world that they are alive and doing . | 1(1)
the bombastic , vainglorious nivelle had virtually announced to the world his grandiose expectations , making the dreadful defeat doubly damaging . | 8(3)
details of lord young's involvement emerge in an exchange of letters between him and professor smith on july 12, 1988 -- two days before he made his announcement to the house of lords of the rover sale . | 8(3)
in that state , paul talked more than he should ; and boasted to edwin of his engagement to a lady whose grandfather was the earl of holden in warwickshire . | 8(3)
he must , however , find some way of persuading her not to brag to the other members of the delegation about his suggestions . | 8(3)
` i used to make a lot of comments to david about this friend . | 8(3)
however , mrs thatcher showed little sign , in comments to the house of commons , of relenting over early participation in erm . | 8(3)
judge robin david , qc , made the comments to a jury dealing with a burglary case at chester crown court where hindley and brady were tried . | 8(3)
they had just read out their fax number for anyone who wanted to send a comment to the show when the phone rang . | 8(3)
lord minto commented to the art newspaper , ` infinite years were spent trying to find potential ways of preserving minto house , but there was next to no interest whatever . | 8(3)
` you 're looking a bit tired , " maggie commented to laura as she gave the porridge another stir . | 8(3)
` and the promises he made me , father , when he asked me to marry him , " she complained to father michael . | 8(3)
she complained to the madam that she never went into that room . | 8(3)
` did she make an official complaint to you about-the attack ? " | 8(3)
he had had to confess his carnal thoughts to father devlin and had been severely censured . | 8(3)-1
she would confess her deception to the castle priest later , isabel promised her conscience , and then wondered if , in fact , the chapel might provide the privacy she craved . | 8(3)
` the thing is , " he confessed to his assistant penni pike , ` i have n't got my career together yet . " | 8(3)
the barrister reacted to a situation created by the judge ; he felt that he must try to convey at once to the jury that his client was not being obstructive or reticent about disclosing a statement . | 1(1)
` i ca n't convey to you what they were like , those early years in cambridge . | 8(3)
these champagnes probably contain a significant proportion of vins de taille despite declarations to the opposite by the purchasing houses which end up selling them . | 8(3)
cprw played a key role in drafting a declaration to the edinburgh european summit insisting that ` subsidiarity " must ` guarantee ec citizens the right to a clean and healthy environment " . | 8(3)
irina was wearing a blue-and-brown check low-waisted summer dress with pleats , which alison had already declared to franca to be ` too smart , too old , and too expensive " . | 1(1)
` i 'll make her my wife , " he declared to himself , ` or i 'll never be able to concentrate on work again ! " | 8(3)
in august 1991 she disclosed to her older half-sister that she had been sexually abused by her father . | 8(3)
only then did he disclose to john macnab that he and margaret were leaving for germany next morning , 26 august , the day on which the powers of detention and internment would come into effect . | 8(3)
this is a book much to be admired ; it contains exactly the sort of information i would have divulged to my own foundation students once upon a sketchbook project . | 8(3)
` the chief constable was able to divulge to me that they think gray was killed last thursday night . | 8(3)
javed 's gouging prompted commentator richie benaud to exclaim to millions of viewers : ` steady on there ! " | 8(3)
you have explained to me over and over how this thing can be possible . | 8(3)
maji explained to me about pilgrimages . | 8(3)
he must learn how to explain to other people , who are not experts , the concepts which have become familiar to him . | 8(3)
i explained to valerie and keith that a relationship could be anything they cared to make it . | 8(3)
i heard him grumbling to mum about lazy teachers with 6 weeks holiday . | 8(3)
he sometimes preached to congregations of some two to three thousand who listened to him with ` much attention and willingness " . | 8(3)-1
but if he has n't seen that he ca n't go round preaching to other people about their morals . | 1(1)
you 're preaching to the converted in us , but you 've got to get at everyone [reexamine] else . | 14(6)
` see how they welcome us , " a cheerful israeli colonel proclaimed to me then . | 8(3)
these successes encouraged de gaulle to press ahead with a more ambitious operation , which he had proposed to churchill a month earlier . | 8(3)
shaunagh revealed that before he proposed to her , he asked her if she believed in divorce . | 8(3)
` well , i 'd still like to get married , but if someone actually proposed to me i 'd probably run a mile from that as well . " | 8(3)
` do n't recount your excuses to me . | 8(3)
it is all rather reminiscent of the emperor maximilian 's remark to the future charles v , ` my son , you go and deceive the english , and i will go and deceive the french " . | 8(3)
it 's terribly difficult trying to get from them any acknowledgements that there could be something wrong about making a complimentary remark to a young woman . | 8(3)
if he did , every honest man in london would be proud to report him to the police . | 8(3)
i will report you to your papa . " | 8(3)
sherwood computer services , a london-based software company , has turned its entire organisation into self-managed client teams that report directly to the board . | 8(3)
according to statute , the auditors are appointed by and report to the shareholder owners . | 8(3)
tim yeo , the junior health minister , has revealed to community care the limits of doh monitoring of the reforms after 1 april ( news , page 1 ) . | 8(3)
for one thing , what on earth was she going to say to him ? | 8(3)
their movement in the oceans speaks to us of freedom , grace and beauty . | 6(2a)
the men went in and stated their case to the man in charge , but he merely informed them that they would get nothing immediately and that they were to come back when their money had gone . | 14(6)
the value of counselling is that it allows you to state your points of view to each other , before a trained and unbiased third party who can help you to resolve the issues that bother you . | 8(3)
thomas carlyle had suggested to elizabeth gaskell that she should ` use her pen for the public good " and this both husband and wife tried to do in their way . | 8(3)
` corsica is proving very exciting , " minton wrote to edie lamont : ` full of italianate romanticism . | 8(3)
his indifferent oratory is well known , and he never held office , although he aspired to the office of works . | 6(2a)
` perhaps i can rely upon the merkuts , for they can not yet aspire to the throne . | 14(6)
one of the most beneficial substances to use as a face pack is yogurt ( live , natural yogurt , full-fat if possible ) ; beneficial , that is , if you are not allergic to dairy products . | 14(6)
tell the doctor if you are allergic to any particular medication . | 14(6)
mr clinton and wife hillary are allergic to cats . | 14(6)
unless you are allergic to them , natural fillings are preferable . | 14(6)
" well , it seems i 'm allergic to all the dust in the air over here . | 14(6)
and it has to do with bed hygiene , for you do n't become allergic to the mite -- you become allergic to the mite 's dung . | 14(6)
some people are allergic to insects . | 14(6)
he was also utterly allergic to the suggestion that de gaulle or anybody else could have legitimacy until the french people had expressed their preferences in democratic fashion . | 14(6)
he developed an allergy to a powerful , broad-spectrum antibiotic he had been given to treat an attack of bronchitis . | 14(6)
i have an allergy to them . | 8(3)
when you 've had your tetanus antibodies from the horse serum you then normally develop an allergy to the horse serum . | 14(6)
you get morbidly sensitive to your own motives . | 8(3)-1
it may be that they have developed new sensitivities to foods , or that they are becoming chemical-sensitive . | 14(6)
buildings of less than 20 storeys are the most susceptible to resonance . | 10(4a)
her parents say no-one warned them that the drug , pre , could affect the immune system , making lexie more susceptible to infection . | 14(6)
disease and lack of fitness are closely related -- disease causes lack of exercise , but more importantly , lack of exercise increases susceptibility to disease . | 14(6)
he believed that the sexuality of man , unlike any other animal , developed in two waves and this could explain man 's susceptibility to neuroses . | 14(6)
clearly , however , gender differences do not explain differences in susceptibility to the hepatic effects of alcohol among members of the same sex . | 14(6)
the delegate arriving to an indifferent reception or lack of clear information , even a misspelt name , soon starts to believe that he 's dealing with incompetents . | 1(1)
i would much rather see a return to the carefree approach by the like of ballesteros and lyle . | 1(1)
in ancient rome they 'd have chucked him to the lions . | 1(1)
ember dragged her to her feet and she limped stiff-legged through the hatch and on to the landing-ramp . | 1(1)
he was looking pleased with himself as he dragged the table to the side of the room to make space to work in . | 13(5)
she felt as if she 'd just escaped a raging tornado , flung to one side just in time . | 1(1)
lindsey rose to her feet , nudging a drawer to a close . | 13(5)
cranston pushed his face to the grille . | 1(1)
he cursed himself inwardly and tried to thrust the whole matter to the back of his mind . | 14(6)
the waiter conducted two unsteady businessmen to the empty table beside them . | 1(1)
george wood conducted him to the parlour with reverence : high class was meeting great riches with talk of splicing these two irresistible institutions and it was happening in george wood 's back parlour . | 1(1)
flora 's coolness carried her through a dinner attended by the head of a platoon of soldiers on skye to apprehend the prince , who was then conducted to raasay . | 1(1)
they escorted her to the door , where she turned , smiling , to shake hands . | 1(1)
` ah , but i love getting back to the north , " says sergei , and i follow his gaze to a landscape like a sheet of cartridge paper . | 1(1)
was he hounded to death ? | 8(3)
if the ruse , which has never been tried before , fails a flotilla of small boats will be used in horseshoe formation in an attempt to shepherd the whales to safety . | 1(1)
she tracked ana to her room , a room further along the balcony , and in her usual manner she came straight to the point . | 1(1)
note clock tower and track to right leading to the cricket green , just beyond the block of shops . | 1(1)
turn right over the stream and follow the path and track to a road . | 13(5)
she trailed to a halt . | 1(1)
the labour leader and his closest advisers had decamped to a country hotel run by the local council while his own terraced house in blackwood was being used a committee rooms for the duration of the campaign . | 1(1)
they recently decamped to london to launch a concerted assault on the british market . | 1(1)
the king did not lack military resources , but they were useless if the men who were placed in command of them defected to the enemy . | 1(1)
late in 1989 , dirk coetzee , a scourge of black anc terrorists , defected to the enemy . | 1(1)
twelve chinese claiming to be fleeing persecution following the tiananmen square massacre have arrived by boat on a south korean island , reportedly seeking to defect to taiwan . | 1(1)
viktor oshchenko , a russian diplomat in paris who defected to the west , has refused to see officials from his country 's london embassy . | 1(1)
this statement needs treating with care , as it was written after 1016 , by an annalist rather free with allegations of treachery , who was aware of eadric 's defection to cnut in 1015 . | 8(3)
we cooked our dinner and departed to the bar on the site for a last night celebration . | 1(1)
was it rabbi moishe 's imminent departure to palestine that was making him more withdrawn than usual ? | 8(3)
this time last year the studios proudly produced an expensive list of star-packed sequels only to see their audience disappear to cheap films like paramount 's ` ghost " and disney 's ` pretty woman " . | 6(2a)
as a young man he emigrated to england but did not become a british citizen until 1918 , though he served in the war office intelligence department during world war i. | 9(4)
for them it was only very slowly that seasonal and migratory work was replaced by the idea of emigration to canada or america . | 1(1)
when the islands were first settled , the population began to increase rapidly and the number of inhabitants soon exceeded the resources , prompting emigration to other portuguese lands . | 1(1)
the rate of emigration to western germany was still 20,000 a month , according to the times of july 1 . | 1(1)
a somewhat lonely figure , often mocked for his retreats to the kalahari or the hebrides , he has managed to tap popular concern about the environment , education , and racial disadvantage . | 1(1)
elizabeth soon discovered what was afoot and frightened the mooted consort into a hasty retreat to his norfolk estates , though she misinterpreted his sudden flight as a prelude to the rising of the north . | 1(1)
it seemed best to lay down natural cover for what he was certain would be michelle 's retreat to bed . | 1(1)
and it was shortly after that when i retreated to my own cabin and the comfort of a freezobalm . | 1(1)
overwhelmed , he retreated to london , eventually setting up his own label in 1967 and taking on the design directorship for kangol hats and berets in 1981 . | 1(1)
the two scientists had vanished to their destination . | 1(1)
having set up his kingdom christ would withdraw to heaven , returning at the end of the thousand years . | 1(1)
they wanted nothing but the person of isambard , and a sufficient start on their withdrawal to the river . | 1(1)
when her tram clanked to a halt in front of her maggie climbed aboard and went upstairs . | 1(1)
the knife clattered to the floor , and he threw in a right-hook to the jaw that sent the man reeling back against the counter , gasping , ` pick it up , mike -- quick ! " | 1(1)
tray and contents clattered to the floor . | 1(1)
his knife clinked to the floor . | 1(1)
miranda wore a sheer cream chiffon grecian gown with thonged gold sandals that crisscrossed to her knees . | 1(1)
cheryl crossed the patchy carpet to the nearest window and began to study the landscape depicted on it . | 1(1)
vertical pitches descend 250 feet to an immense cavern , second in dimensions only to the chamber in gaping gill . | 1(1)
melissa descended the stairs to the front door with sybil following . | 1(1)
at seven-thirty paige descended the grand sweeping staircase to the hall . | 1(1)
the animal-health division saw profits dip 2 per cent to $62 million after the us food and drugs administration held back some products . | 6(2a)
her startled blue eyes slanted to lucenzo 's haughty profile , the golden brow , the flaring , angry nostrils , the arrogance in every line of his elegant figure . | 13(5)
a much trodden tourist path leaves achintee farm in glen nevis and slants upwards to a midway plateau of open ground where the superstructure of the mountain towers . | 1(1)
mr mackie claimed he had later progressed to heroin and that murray had again injected the drug to him . | 14(6)
afhq 's response came at 1857 hrs that afternoon [ kp 228 ] : " agree all yugoslav nationals in eighth army area to be returned unless involves use of force , otherwise evacuation to distone ( italy ) in accordance with fx 77268 of 17 may . " | 1(1)
one can imagine the expulsion to earth ( of melkor ) and the expulsion to middle-earth ( of galadriel ) coming , in a mind like homer 's , to seem much the same thing . | 1(1)
those who had escaped were immediately purged to other camps . | 8(3)
by 1988 , people were often given only six hours ' notice -- sometimes less -- of the imminence of their removal to new homes and the destruction of their old ones . | 1(1)
that part of the collection 's rotation has worked surprisingly well but it has necessitated the temporary removal to storage , or to its branch in liverpool , of masterpieces which visitors expect to find on permanent view . | 14(6)
he had been interrogated at the comando di legione in parma before being locked up in the citadella to await removal to germany . | 1(1)
it is occasionally necessary to remove the elderly person to hospital , temporarily or permanently , and in certain circumstances this is the only possible action . | 8(3)
in bateman itself the accused took part of the victim 's uterus away during childbirth and did not remove her to hospital for five days . | 1(1)
` the occupants were later removed to the isle of man and the site was made into a transit camp for our men , " she writes . | 13(5)
remove to a plate using a slotted spoon . | 13(5)
the original loft had been taken down and the balustrade removed to the west end to form a gallery . | 13(5)
when grant 's shout had spurred him into action , jim miller had seized louise 's hand and pulled her after him , as he bolted to safety among the trees . | 1(1)
she bustled to the door and her voice took on a repressive note . | 1(1)
grimwood was half supporting steve who had clambered to his feet , making their way further along greenway gardens . | 1(1)
` hang on , " he grunted to antony and clambered quickly to the top . | 1(1)
we could climb to the church rock , as harry did , but getting a prisoner down the slope again with us might be too dangerous and too slow . | 1(1)
masklin crawled to the edge of the hole and peered out . | 1(1)
the passing taxi crawled to a halt . | 1(1)
it meant she 'd have to apologise to lucenzo , to go crawling to him . | 1(1)
gathering up her courage , the little hedgehog crept to the dish . | 1(1)
as jenny walked off down the hall with the tray , cassie shoved the kitchen door partly closed with her foot and darted to the pantry . | 1(1)
not much rose on the tees at stockton in those days , least of all trout ; and a ducking was followed by a dash to hospital and an appointment with a stomach pump . | 1(1)
the today-sponsored team of climbers hopes to make a unique dash to the summit of everest within a week . | 1(1)
pushing them out of the way , she hastened to the bed . | 1(1)
nor was she surprised when silas lapsed into silence during the remainder of the journey , and when they reached home she hastened to her room , where tears of frustration rolled down her cheeks . | 1(1)
i believe it 's a bunch of enthusiastic amateurs who go on jaunts to places of historical interest , or hold symposia , etc . | 1(1)
tommy 's record as a manager stands up to any scrutiny ; two championships , three bass cups , ten other trophies and regular jaunts to europe . | 1(1)
dolly limped to the bed and flung herself down on it , stifling hysteria . | 1(1)
morenz lumbered to his feet with the files . | 6(2a)
rosie 's shadow loomed monstrously across the ceiling as she lumbered to her feet with a threatening growl . | 1(1)
i lumbered to the loo and then rang the hospital excitedly -- the midwife told me to come in . | 1(1)
screaming in fury , rohmer lunged to the spot where he had vanished , stamping his feet as if dancing on gilbert 's grave . | 1(1)
staggering slightly , she eventually lurched to her feet . | 1(1)
the jeep lurched to a stop . | 6(2a)
the unit split up into three convoys for the long march to kufra . | 1(1)
after my men had rested we climbed up to the road , and set off on what proved to be a very long twenty-mile march to the forest rest house at haira khan . | 1(1)
the lancastrian army arrived at stamford in february 1461 , on their march to st. albans , and were led by henry vi 's french consort , queen margaret . | 1(1)
european diplomacy had begun its ponderous , grimly inevitable march to war . | 1(1)
on feb. 16 more than 5,000 people took part in a protest march to the moslem cemetery where victims of police action of the previous week were buried . | 1(1)
suddenly she could n't sit still any longer , and jumping up , she paced to the window of her sitting-room and peered out . | 1(1)
` there , " guy said very quietly , as the weary horse plodded to a standstill and let its head droop against the driving rain . | 1(1)
newcastle romped to their biggest win of the season last night proving far too strong for their neighbours . | 1(1)
ashley had rushed hotfoot to the area planning office to object , but had been told , sorry , she was too late and permission had already been granted . | 1(1)
i scrambled to my feet a little sheepishly as one of the officers had turned round and was observing me as i approached . | 1(1)
one of the tyres burst but the travolta family and the others on board scrambled to safety . | 1(1)
i scuttled to the corner and crouched , trembling and moaning . | 1(1)
the tedium of disembarkation while she booted her carry-sac in a full one-gee through the murmurous shuffle to customs . | 8(3)
clutching herself , she skips to the door from rug to rug , like a scottish country dancer , across the landing and into the bathroom , which has smaller windows and is warmer . ) | 1(1)
she slithered to one side of the bed , and he moved through the gilded air , angling his body down to hers . | 1(1)
the words spring unbidden to his mind ; the language he once knew has slipped from his grasp . | 1(1)
noble was the word which sprang to amabel 's mind . | 8(3)
he sprinted effortlessly to the rear of the gasping , panting column of men and urged us on from there . | 1(1)
nigel carew staggered to his feet , face flushed from too much claret , and raised his glass in a toast to his son . | 1(1)
father luke , minus his trousers and top hat , staggered to his feet , his long woollen pants dusty and wrinkled . | 1(1)
after the beating , neil staggered to the road where he was rescued by a motorist . | 1(1)
vincent turned away and staggered to the wire and hung limp across it , his body trembling . | 1(1)
i had my breakfast and carried the tray back along the side colonnade and down the steps to the open door of her cottage . | 1(1)
norman stepped to the fore . | 1(1)
instead he stepped to one side of the gate , then turned to something behind him . | 1(1)
she rose from the bed where she had spread out the rosettes , strode to the window and stared down into the garden . | 1(1)
it 's only about a ten to fifteen minute stroll to the excellent sandy beach where a brilliant variety of watersports are on offer including water skiing , windsurfing , boat-hire , wet-biked etc . | 1(1)
it 's only a short stroll to the beach and seven minutes from the ` street of much music " with its bars and restaurants and heaven , the disco . | 1(1)
` i 'll take my usual stroll to the market , stretch my legs , and buy a newspaper . " | 1(1)
moving slowly , with apparent idleness , she strolled to the end of the terrace , and into the shadows . | 1(1)
by the time i stumbled to the summit of cairn gorm , it was hard to stand up straight , and the snow driving into my face stung like shotgun pellets . | 1(1)
he swaggered to the desk . | 1(1)
everyone stands at one end of the pool , and when it is time to start i swim to the end of the pool and come back . | 1(1)
mother watched in horror as the fly fell from its mouth and it swam to freedom . | 1(1)
kate tiptoed to her and looked down . | 1(1)
that made me feel a bit better , so i tottered to the top of the hill and stared bleakly around , in the equally bleak daylight . | 1(1)
zeelenberg had considered trekking to california during the winter to train at kenny roberts ' ranch , where many other europeans perfect the crucial art of sliding the rear wheel on mini bikes on purpose-built tracks . | 1(1)
in comers landed clumsily and made their tricky way nest ward ; outgoers waddled to the edge of the rock and plunged sea wards . | 1(1)
i waded to the bank , shoulder deep , and struggled ashore . | 1(1)
i walk upstream ; upstream because i can wade to the other bank if i need to and any disturbance will not carry far against the current . | 1(1)
against vanuata , scotland waltzed to 40-0 through tries by mark appleson ( 2 ) , tony stanger , derek turnbull , gregor townsend and andy nicol , appleson converting two , townsend three . | 1(1)
just let your mind wander to sunnier climates and pretend you are indulging in your favourite pursuit , or as an alternative you can concentrate on getting each of your body to relax . | 1(1)
when he had leisure he went bicycling to lincolnshire village churches . | 1(1)
wardle wood bordered the lane between her home and fordbridge , to which she cycled each friday to the meeting of the 2nd fordbridge brownie guide pack . | 1(1)
he cycled to granton and back every day . | 1(1)
i decided that in the circumstances this was not a job that i would entrust anyone else to do , and i motored to hampstead myself . | 1(1)
about once a month , with the agent , we motor to lisbon and pay a call on an elderly spaniard in his office at the hotel de luxe . | 8(3)
he hoped that the rear gunner had been able to parachute to safety . | 1(1)
however strict the instructions about attending to the stimuli , subjects in the control condition might fail to do so . | 8(3)
he shifted his gaze to sonny . | 8(3)
herbie diverted his gaze to them , whereby they both took a sudden renewed interest in their game . | 8(3)
` i do n't think there 's any chance of jamie becoming chairman , " damian drawled coolly , and flicked his piercing blue gaze to rachel . | 1(1)
you keep glancing to the bathroom door . | 1(1)
embarrassed , he glanced to his left . | 1(1)
the legislation requires the secretary of state to prepare a schedule of monuments which appear to him to be ` of national importance " . | 8(3)
however , in march 1991 chauthala was once again appointed to the post of chief minister . | 6(2a)
` the spanish have elected the popular front to government . | 8(3)
you should just elect people to parliament and have collective responsibility . | 6(2a)
the plenum on april 25 formally elected to the politburo grigory yeremey and dzhumgalbek amanbayev , respectively the new moldavian and kirghiz cp first secretaries [ see p. 38014 ; p. 38159 ] . | 6(2a)
he was friendly to everyone . | 8(3)-1
your father 's too lenient to people like tommaso . | 8(3)-1
self-gravity would shrink the sun to a point in a mere 29 minutes , if the outward thermonuclear pressures were absent . | 1(1)
for two years previous to the war i had been painting ; before that i was a school master teaching drawing and painting . | 10(4a)
just previous to our visit to this latter small harbour a well known german smuggling vessel had been coopering off the coast and local boats had been landing cases of spirits . | 10(4a)
the abundant rains that came in the weeks previous to gould 's arrival had attracted birds in their thousands , some nf which had never been seen in the area before . | 10(4a)
embalming would not have allowed for this and , had the person not been dead prior to the beginning of the operation , he certainly would be once it was all over . | 10(4a)
the argument most often put forward against tax relief for childcare is that it would be extremely costly to the exchequer . | 8(3)-1
as mr jones points out , losing a student for 12 weeks at a time is extremely disruptive to a small office and costly to the practice . | 1(1)
these provisions thus removed a source of grievance , but they did nothing towards solving the fundamental problems of compensation and betterment , and the result proved extremely costly to public authorities . | 8(3)-1
if it is true that 7 million tonnes of straw are wasted each year , why is straw so expensive to horse riding , racing , and show jumping stables ? | 8(3)-1
whereas there have been arguments over the economic consequences of overseas war in the fourteenth and fifteenth centuries , there is no disagreement that renewed english intervention in europe in the sixteenth was massively expensive to the nation . | 8(3)-1
a single national number , free to all callers , will be available to anyone wishing to seek advice or take action on behalf of abused or neglected children . | 1(1)
the maintenance contract is likely to increase to $5,000 p.a. by the end of 1993/94 , with additional repair costs on non-maintained equipment running at a further $3,000 p.a. ( average 15 repairs ) in the same period . | 6(2a)
membership this year has increased to 3,062 -- just 200 short of our target . | 6(2a)
but a ` buy " recommendation by james capel broker roger hardman was good for a 13p rise to 173p at cranswick , the free range pigs group . | 6(2a)
the wedge rapidly decreases to a thickness of 3 m towards the basin centre where it consists of darker , millimetre-bedded carbonate mudstones , that were probably deposited in a basin plain environment . | 6(2a)
the range decreased to three hundred yards , and they scanned the traffic ahead for a tall man on a small motor-cycle and wearing no crash-helmet . | 1(1)
the pre-tax total soared to $116.1 million , from $38.8 million in 1991 , as the mortgages loss was cut from $106.1 million to 75 million . | 6(2a)
the crying diminished to a monotonous weary complaining level . | 6(2a)
the workforce grew to 500 . | 6(2a)
the city grew to 250,000 people and became a centre for the paper industry . | 6(2a)
toxic-shock syndrome reached a peak in 1980 but has since declined to a stable level of about 25 a month . | 6(2a)
inflation is supposed to tumble to 17% a month . | 6(2a)
then alan igglesden took five for 34 as warwickshire slid to 121 for five -- still 482 behind . | 6(2a)
aquascutum held sales only a hairsbreadth short of the corresponding figure at 3.6million in the six months to july 31 , but pre-tax profit slid to 16,000 , from 09,000 . | 6(2a)
bond plunge : shares in bond corporation slid to a 10-year low at one point valuing the beleaguered australian group at less than 0m . | 6(2a)
uk fraud cases jump again to $468m | 6(2a)
but before operations began to assess the prospects , the multinational giant exercised an option to lower its stake to 20 per cent , leaving british petroleum as the operating partner to shoulder the rest of the costs . | 8(3)
they had corresponded for a while , but even this dwindled to cards on birthdays and at christmas . | 6(2a)
without her earnings , and with the addition of charlotte , money seemed to have dwindled to nothing . | 6(2a)
these losses were expected to be offset by increases in the value of oil exports , which doubled to $210,000,000 a month in july-september . | 6(2a)
by contrast , forecasts trc , a british consultant , east european spending on equipment ( including russia 's ) could double to $30 billion by 2000 , not far behind that of america 's . | 6(2a)
during 1930 the total of unemployed had more than doubled to 2,600,000 . | 6(2a)
the royal ulster constabulary said that punishment shootings by republican and loyalist paramilitaries in northern ireland more than doubled to 155 this year , compared with 66 in 1988 .. | 6(2a)
as for the misprints -- ` traders rarely had european wives , often living as married to an african women | 9(4)
married to joan , they have 4 children . | 9(4)
the girls at work admired her for living with a man and not being married to him , but she could forgo that pleasure , she thought , for the baby 's sake . | 8(3)-1
pauline , married to electrician dave with an 18-year-old daughter sarah , has been criticised for being too blue - a label she does n't feel she deserves . | 9(4)
` engaged to the earl of woodleigh , you know . | 8(3)
they had lit upon sarah ferguson instead , who was hotly tipped to be announcing her engagement to prince andrew any day , and her appearance in klosters was their dream come true . | 1(1)
a member of european parliament who grew up in teesdale has announced her engagement to a top businessman . | 1(1)
` unfortunately my marriage to andrew has come to the end . | 9(4)
oswald 's marriage to cyneburh , daughter of cynegils , reveals clearly that relatively cordial relations could prevail between an overlord and a dependant if both stood to gain from the relationship . | 9(4)
for more than thirty-seven years held the important situation of teacher to the first public institution in this country for the education of the deaf and dumb ; which was established in this parish , a.d. 1792 | 9(4)
in 1966 the applicant was appointed as a lecturer to the university by a letter stating , inter alia , that his appointment might be terminated by either party giving three months ' notice in writing . | 9(4)
this short length of the female urethra , combined with the closeness of the vagina and anus , explains why women are so much more prone to infections of the bladder than are men . | 10(4a)
elderly people become more prone to falls often because of arthritic joints or dizziness , are vulnerable to pedestrian accidents perhaps due to lessened acuity in sight and hearing and at risk to the hazards of fire . | 10(4a)
a 12-year-old girl was killed with an axe and a woman speared to death in an attack on a cambodian village in which eight vietnamese were killed , united nations investigators said yesterday . | 1(1)
at the same time , this adherence to the remnants of old political beliefs can add to the complication of government . | 14(6)
his lifelong adherence to the principles of tolerance and freedom of thought , as well as his strong aversion to dogma and to any formalized critical doctrine , stemmed partly from his nonconformist upbringing and beliefs . | 8(3)-1
having entered this christian society the individual had to conform to its beliefs and to demonstrate conformity by attendance at church , especially at the main feasts of the ecclesiastical year . | 14(6)
c. g. jung points out that christianity at least provides a powerful set of motives for the individual to conform to a social and moral code . | 6(2a)
this is a very good program but , if you are not a novice to spreadsheets or computers , you will find it frustrating as it will be too slow for you . | 10(4a)
land could be sold or leased to public or private bodies for any purpose , even if the purpose was different from the one for which the land was purchased . | 8(3)
it was later leased to thomas mercer of kingswood . | 8(3)
` well , then , would you consider renting the house to a holiday company , perhaps ? | 1(1)
i had an aunt who rented a field to a shepherd . | 1(1)
and then a woman who had come in to sell flowers to the customers overheard their conversation and intervened . | 8(3)
cats soon found their way out of egypt , smuggled carefully to greece and later to rome . | 1(1)
at the grand , david swan fastened his amended photopass to his jacket and set off briskly towards the conference centre some two hundred yards away . | 8(3)
he can work comfortably and easily despite the weight and restriction of the line fastened to his collar . | 13(5)
some of the money was in a bag fastened to her walking frame . | 1(1)
the components come ready-prepared for assembly and only a small amount of drilling is needed to attach the conservatory to the base and the wall . | 8(3)
if this were achieved , it would sever the warsaw-kiev railway and also give austria command of the road to brest-litovsk , thus threatening all the russian positions to the east of warsaw . | 1(1)
he took the horse down the steep winding streets to the waterfront . | 1(1)
a prolonged dispute with wimbledon vestry committee , over developing a public highway to wandsworth , led to his election as their chairman in 1778 . | 8(3)
but by land the roads and the one railway to dublin provide many easier links between people who are irish on either side of the frontier . | 1(1)
at beckenried is an aerial railway to the klewenalp , a winter sports and summer resort on the high plateau . | 1(1)
work is now proceeding on the gloucestershire warwickshire railway 's 1.4 mile extension to far stanley , which is part of the long-term aim of re-opening the line to cheltenham . | 1(1)
they walked in the deer park and its surrounding beech woods ; they followed the lanes to putsham , holford and crowcombe ; and they were drawn repeatedly to the sea at kilve and into the quantocks . | 13(5)
they turned off the b road at the junction and drove down the narrow track to the cottages . | 1(1)
the trail to the cemetery was familiar from the time before . | 1(1)
in earlier life he had been in canada and it is certain that at least some youthful potential emigrants to canada were inspired by his accounts of life there . | 1(1)
but the great australian five-eighth , child of english emigrants to australia , bobby fulton , clinched the game . | 9(4)
this not the early 1980s , when new members entered the party to the left ; old members exited to the right ; and labour voters deserted . | 1(1)
with due reverence to her mother 's memory , pol o'gorman made the sign of the cross . | 8(3)-1
` you must have wondered if i had forgotten you , " were poskonov 's opening words as he ushered romanov to the comfortable chair . | 1(1)
a boat carrying would-be moroccan illegal emigrants to spain sank in the strait of gibraltar on june 8 . | 1(1)
the whooping and laughing boys carried her back to the village , her head dangling down from a branch slotted between her feet . | 1(1)
he has recently bought and shipped to the uk one of the rare remaining mooney m10 cadets , which he flew solo from los angeles to miami , the 2,267 nm journey taking almost two weeks . | 1(1)
harris did all the preliminary research and visited the secular buildings , pevsner confined himself to churches and medieval domestic buildings . | 1(1)
gawley confined his activities to short circuits . | 8(3)
from the spot in the hedgerow where the four german soldiers had come from a white flag tied to a long piece of wood had suddenly appeared . | 13(5)
kelly good painstakingly glued a gold bow to the front of her pink velvet jewellery box and stuck down a christmas label . | 13(5)
haphazardly placed photographs of king george and queen elizabeth , cut from a magazine , had been hastily glued to the wall before the landlord came to lunch -- to hide the marks of indoor revolver practice . | 13(5)
pin the tape to the curtain over the heading allowance , fractionally down from the top of the curtain ( fig. 29 ) . | 13(5)
even today auntie jean was straight-backed and splendid in high heels and a dark-blue dress with a diamond brooch in the shape of a diving fish pinned to her front . | 1(1)
she rode up and chained her bicycle to tall railings . | 1(1)
stick the ball firmly to the top of the cone . | 13(5)
married new york state judge sol wachtler is said to have sent socialite joy silverman bizarre letters and posted a condom to her 14-year-old daughter . | 8(3)
post your entries to middy masters , angler 's mail , ipc magazines , king 's reach tower , stamford street , london se1 9ls . | 8(3)
on the sale , the buyers post their part to you first . | 8(3)
the document , posted to bondholders this week , says that the company intends to formulate a proposal ` aimed at ensuring equitable treatment between the bondholders and the banks " . | 8(3)
so france , which built far too much nuclear capacity with cheap government-backed loans , exports electricity to britain and italy at absurdly low rates . | 6(2a)
the share of woollen goods exported to asia was 2.5 per cent in value in 1720 , but 5 per cent by 1770 . | 8(3)-1
malvern girls ' college in worcestershire has forwarded the names of 6 parents to a debt collection agency because they have n't paid fees averaging $3,000 . | 6(2a)
i am forwarding copies of this correspondence to the bbc 's ` watchdog " programme , as i believe it is in the public interest that these facts are made known . | 8(3)
meetings were minuted and records forwarded to the head for report to heads of department . | 8(3)
on the day of its creation he had his armourers fuse the suit directly to his body . | 8(3)
at about ten to nine i tethered the bike to a lamp-post and proceeded at a leisurely pace on foot to the parsons ' . | 1(1)
horses to be sold in the market were always tethered to the iron railings along ox row , sheep being penned nearby , with cattle towards blue boar row . | 13(5)
do not attempt to fix tiles to cold surfaces like unheated bathrooms . | 1(1)
mortimer was a marcher lord and a contrariant who had been imprisoned in the tower and threatened with death ; he escaped to paris in 1323 where he became the centre of a group of exiles and fugitives . | 1(1)
as a result , thousands of hungarians escaped to western europe and elsewhere . | 1(1)
he said new businesses were fleeing belarus to other countries because of its taxes of 22 per cent on profits and 28 per cent vat . | 1(1)
cnicht 's south-west ridge provides a rapid direct ascent to the summit , with some pleasant scrambling thrown in near the top , and as height is gained the views across snowdonia gradually unfold . | 1(1)
on the slow descent to bristol airport a creature had attached itself to one of the wings . | 1(1)
although i was sad to say goodbye to bessie , i was both excited and nervous about the new places i would see , and the new people i would meet . | 8(3)
he turned slightly and said something to her . | 8(3)
just eighteen months previously diana 's mother had given birth to john , a baby so badly deformed and sickly that he survived for only ten hours . | 9(4)
in between the shelled-out buildings , people shuffle like the walking dead -- thousands thronging to the feeding centres hastily set up by relief agencies . | 1(1)
he ran across streets and squares , ran past swerving traffic and christmas shoppers and commuters thronging to their stations . | 1(1)
football fans flooding to england 's crunch world cup match against poland at wembley tonight will pass under a bridge named after one of england 's greatest players . | 8(3)
he lied to me . | 8(3)
when he said he did not know the date of adam 's return , lewis verne-smith had not lied to the police . | 8(3)
the project will also donate funds to cambridge university , which is carrying out a study into ways of protecting the flora and fauna of the indonesian rain forests . | 8(3)
apple wanted to donate a computer to every school in the country -- more than 100 000 machines . | 8(3)
the late richard thesiger in 1982 donated to the collection a fascinating collection of material relating to the life and career of his uncle , the actor ernest thesiger . | 8(3)
wordlessly , she passed the photograph to him . | 8(3)
she produced a building society passbook from her pocket and passed it to me . | 8(3)
he passed them to stephen . | 1(1)
a thin steel cord was bolted to the beam that supported the boxcar roof . | 13(5)
the cells are completely bare , some with an iron bedframe bolted to the floor , others with only a mattress and plastic bowl , pot , and that 's it . | 1(1)
another camera was bolted to one of the aircraft , yet another was in a third observer aircraft , as the formation took off from rendcombe 's grass runway . | 1(1)
these ramps , together with a piece of wood glued to the front face of the keyframe , raise the action to the designed height under the strings . | 13(5)
he was chained to a rock and his liver , though continually devoured by an eagle , never diminished . | 13(5)
they differed from reptiles in having five vertebrae fused to the pelvic girdle , with a mammalian-type trunk and a ` thoracic structure " hinting at a four-chambered heart . | 13(5)
he is hunched over , his elbows fused to his knees and his hands pressed flat against the sides of his head , blinkering his downwards stare from the irreconcilable contrast of ever changing outside and never-changing inside . | 13(5)
after some thought , i was able to cut the rope near the stern with my pocket knife lashed to a paddle . | 1(1)
it was fetched from the ford , the tunic was removed , and the body was lashed to the seat with a length of cord under its armpits . | 1(1)
the best way to ensure a good sub-surface is with sheets of hardboard nailed to the boards . | 1(1)
on the other side of the road , a sign nailed to a wooden stump pointed up the escarpment and read , ` in salah " . | 13(5)
she was wearing her felt hat and her tweed jacket with the jewelled brooch pinned to the lapel . | 13(5)
if i had married and had a son , i reasoned to myself , that boy would be about tom 's age . | 8(3)
` no , " anna said with complete honesty to tim , her supervisor , who was certainly young enough to be tim , her son , ` i know absolutely nothing about facings . " | 8(3)
from 1853 to 1855 he was gardener to the earl of southampton at whittlebury lodge , towcester . | 9(4)
on 1 march 1830 he was appointed gardener to charles stanhope , fourth earl of harrington , at elvaston castle , where he took up his post on 2 august , with instructions to create a new garden . | 9(4)
ray hallett is design consultant to national trust enterprises . | 8(3)
an extra man , says boswell , had joined their little party , ` evan campbell , servant to mr murchison , factor to the laird of macleod in glenelg ran along with us today . | 9(4)
it was formed by a number of volcanic eruptions , the last of which was around the 18th century bc , and its hot-headed volcanic formations warm the local waters to delicious bathing temperatures . | 6(2a)
nat turned and shouted this garbled message to me and i hooked my dogs to a tree and went forward to talk to him . | 6(2a)
on july 22 tariq aziz travelled to cairo for talks with the egyptian president hosni mubarak , and the following day the two held a further round of talks in alexandria with king hussein of jordan . | 6(2a)
many years and many visits later i was invited by tim littler to become the official wheel tapper for his exotic orient express voyages to champagne being launched in august this year . | 1(1)
micky garland crashed on landing , and journeyed to hal far as a passenger aboard the wimpey . | 1(1)
himalayan kingdoms are to be congratulated on organising the first commercial british expedition to an 8000m peak , but alan hinkes does not tell us enough in his article broad peak in the june issue . | 1(1)
this incident occurred during a five-week scientific expedition to the greenland and norwegian seas in the summer of 1988 . | 1(1)
with the tunnel , you can commute to the city from france faster than from , say , wiltshire or dorset -- which are the in places to live at the moment . | 1(1)
basically , much of cramlington 's population commuted to newcastle to work and continued to shop there . | 1(1)
in their second year , robyn and charles moved off campus and set up house in a small flat in brighton , commuting to the university by local train . | 1(1)
creating a teaching force which is adequate to the rapidly growing system has been another problem . | 14(6)
i felt that any response i might make to this sad ending would be inadequate to the occasion . | 14(6)
had word of hanson 's interest leaked to the market , the stockbroker 's chutzpah could almost have bankrupted the firm . | 8(3)
messengers would then , when making up numbers for ships ' crews , ignore the crowd of men outside , " sneak out and deliberately proceed to a boarding house and obtain the required number of men " . | 1(1)
the butler had left the dining room quietly , taking care to close the doors behind him , and proceeded calmly to the drawing room where his employer was taking tea with a number of visitors . | 1(1)
members of st clare 's church , newton aycliffe , are planning a pilgrimage to walsingham in may . | 1(1)
following the tour to new zealand , murphy spent over three weeks in australia studying their organisations . | 1(1)
she had made great capital out of a fortnight 's bus tour to lake garda . | 1(1)
in france , mustard seeds are soaked and then ground to a paste . | 1(1)
with my own eyes i saw her crumble the loaf to bits and pour fresh milk on it . | 13(5)
crumble the soil to the consistency of breadcrumbs . | 1(1)
crush them to a powder and boil them , then soak the ankle when the water 's cooled enough to bear . | 1(1)
one needs to listen carefully to any client , but older people may be more reticent about disclosure to a stranger . | 8(3)
a simple explanation to the child about how mummy is not going to give in to tempers can help the child learn more quickly . | 8(3)
we describe their behaviour by attributing our explanations to those individuals . | 8(3)
by developing an organization with clear accountabilities , he can provide clear explanations to his people about decisions made from " on high " . | 8(3)
take , i beg you , a word of explanation to elizabeth lavenza , my betrothed . " | 8(3)
many industrial processes discharge to the environment such metals as zinc , copper , cadmium and , most dangerous of all , mercury . | 13(5)
claudia relaxed her fingers , letting the pencil drop to the desk . | 1(1)
without a further sound , he toppled to the carpet . | 1(1)
an oxford student has plunged to his death after a late-night drink and drugs party . | 6(2a)
` do n't speak unless you have to , " duncan said , his voice soothing to the man on the bed . | 8(3)
as a bachelor it seemed slightly shocking to rupert that a colleague , even though an anthropologist , should think nothing of abandoning his wife when she was ill . | 8(3)-1
either they win the faint gratitude of listeners by reminding them of the original with a faithful remake , or they rip the original to shreds and reassemble it in a manner pleasing to themselves . | 8(3)-1
` you wo n't do anything unpleasant to me , will you , chief ? " | 8(3)-1
equally worrying to the bmc is that the centre negotiated its own private access agreement without consulting or even informing the council or its access officer bill wright . | 14(6)
they finished off their meal and headed to nettles to meet mcduff . | 1(1)
he may again head to south africa in pursuit of his cricketing career . | 1(1)
shortly they 'll both repair to the bedroom for another three minute interview break . | 1(1)
the whole idea seems bubblingly exciting to you . | 8(3)-1
the chairman may seem brash , even offensive to some , but he 's turned the club on its head . | 14(6)
it had , in part , to do with the nature of separatism being highly offensive to those who held traditional broad left views . | 10(4a)
he keeps himself to himself , he likes kids and is kind to animals . | 14(6)
and do n't be surprised if he 's rude to you . | 8(3)
mabel never minded what anyone did , provided no one was ever unkind to an animal . | 8(3)
the conservatives ' attempts to deal with it were hardly fair to the boards , however . | 8(3)-1
it 's unfair to you , and unfair to alison . | 8(3)-1
the prevailing negative attitudes towards hypochondria are largely unexplained , unjustified and certainly unjust to victims of the condition . " | 8(3)-1
be nice to staff and volunteers , as much as possible ! | 8(3)-1
i always try to be nice to the kids . | 14(6)
when there is a labour government and the leader of the house finds himself sitting on the opposition benches , that administration will be gracious to the then opposition . | 8(3)-1
you 're a nice young gentleman and you 've always been civil to me , not treated me like a dog . | 8(3)
i am sure that those who share my professional experience will agree that those who have trodden in the mire of corruption all too easily become corrupt to the core . | 8(3)-1
he had moreover made himself disagreeable to many contemporary naturalists , and his posthumous reputation has been well below what it was in his earlier life , when he was seen as the british cuvier . | 8(3)-1
close co-operation between the three businesses resulted in a palette agreeable to all and some new ideas in how to present colours to customers . | 8(3)-1
mansell , who had rushed away to the williams garage where the doors were immediately closed behind him , later emerged red-faced with anger to storm to the stewards ' tower . | 1(1)
in a boring , repetitive task these subjects are not only prone to occasional failures to respond , but their " good " responses are also impaired . | 10(4a)
the day seemed very long yesterday but i must say my ` bonne " was very good to me . | 8(3)-1
my uncle stan and aunt alice are very good to me and more than good to carrie , they 've given her a start in life she would never have had here . | 8(3)-1
that did n't stop him roving , teasing , passing and crossing that bit better than anyone else on the field , a constant delight to the eye . | 8(3)
i awoke to the sound of running water in the bathroom . | 14(6)
after what seemed like only a doze she woke to daylight , the wind driving hail against the window with a force which threatened to break it . | 6(2a)
charity woke to a warbling voice singing happily . | 6(2a)
in an hour he was ready , his map taped to the gas tank , his few possessions strapped on the seat behind him . | 13(5)
arriving for a show to find that the publicity consists of a couple of hand-drawn posters taped to the wall can be completely demoralising , but some of the mistakes promoters make are less obvious . | 13(5)
his voice was a purr of pure insolence , and charity felt shocked to the bottom of her stomach . | 8(3)
the mandible should not be glued or plastered to the vault . | 8(3)
taking the supplied fuel bottle filled to the recommended level gives sufficient burning time for a trip of up to several days . | 13(5)
any budding blackbeard or captain hook would be thrilled to find this buried chest of treasure , filled to the brim with stolen loot . | 1(1)
the former bus driver was found gunned down in the driveway to his home in greta avenue on sunday morning . | 1(1)
it is aimed at getting the most out of available time as is possible without distress to the person working -- at least that seems to be the rough definition . | 8(3)
charles i in turn commended the laws to his son , charles ii , as the most important book written next to the bible . | 8(3)
part of our volunteers work is to commend to schools our range of written and audio-visual materials . | 8(3)
everybody in her own small world thought that she was exemplary in her duty and one or two of them praised her to her face , which flustered her . | 8(3)
the fnp is synonymous to phcn . | 8(3)-1
they remain crucial to the united left 's chances of electoral success . | 14(6)
clearly the interrogator saw mr graham 's walking habits as being crucial to the case . | 14(6)
the lea judged the role of the advisory staff to be pivotal to its attempts to improve the quality of primary education in leeds . | 14(6)
some will charge higher rates to non-residents . | 6(2a)
the new lender will charge its legal expenses to you . | 8(3)
many helped firemen remove debris and others were ferrying the injured to hospitals . | 1(1)
volunteers who use their own cars to ferry people to hospital from remote parts of the north-east could face a hefty tax bill in future . | 1(1)
the former seamen , who risked their lives against the elements and german u-boats to ferry vital supplies to northern russia , can enjoy a berth on a luxury liner for the return trip . | 1(1)
however car 4 spent the first world war ferrying bread to the military camp at squires gate , for which it was fitted with a pair of side doors . | 1(1)
after being rejected by the sandinistas , he resolved to become a flying doctor and ferry medical supplies to war-stricken campesinos . | 1(1)
we got along well because i was sympathetic to his cause , and i understood why he was so disturbed by the obvious discrimination by the white man . | 8(3)
place your bets with bugsy and you could be jetting to las vegas for a week in the gambling capital of the world . | 8(3)-1
inside was a lighted wick ; as the metal dish warmed up , the nicotine began to sizzle and give off fumes lethal to red spider mite and aphids . | 14(6)
critics of the most recent studies of compound 1080 say that they prove only that the chemical is lethal to coyotes -- not that it can prevent or significantly decrease predation of flocks . | 14(6)
but tests by a government inspector , farrow , have revealed the pesticide is lethal to all insect life , and for this reason production must stop . | 14(6)
at last , and no thanks to you . " | 8(3)
through santa cruz and on towards san francisco , whose sky-scraper-stacked skyline stands out as a silent rebuke to the manhattanisation of the city , for which many residents blame ex-mayor and gubernatorial candidate dianne feinstein . | 8(3)
leapor finds in her menstrual pains a bond with aurelia , even if the poem is largely a gentle rebuke to her friend for malicious talk . | 8(3)
another passage which is often misrepresented is the account of christ 's rebuke to thomas : ` because you have seen me you have found faith . | 8(3)
in a substantial ` postscript " warton includes a rebuke to pope for mocking the attention theobald gave in editing shakespeare to : | 8(3)
cultured gents , identified for me by mackie as being the himalayan peaks of the jockey club , paid compliments to tremayne from an adjacent table and bowed low to the sponsor . | 8(3)
indeed a tremendous compliment to the band , and manager scott piering welcomed the exercise . | 8(3)
most issues abound in stories of high interest to the stereotypical young girl -- boarding schools , french lessons , ballet etc . | 6(2a)
john piper may have been a foolish man in many ways but he was always friendly and generous to all classes of people . | 8(3)-1
` i got a great reception but the club were always generous to me when i played and managed here . | 8(3)-1
your tutor may be generous to a fault but can not reward irrelevance or peripheral knowledge display . | 8(3)
lady diana 's engagement to prince charles really put althorp on the map , and it became a full-time job for me . | 8(3)
lasmo social co-ordinator hetty rasjid expressed her thanks to all those who helped organise the donation , collection and forwarding to the victims of the flores disaster . | 1(1)
george and eve whalley would like to express their thanks to friends and colleagues at imperial pottery for the kindness and support following the death of their teenage daughter . | 8(3)
meagher expressed his concerns to rwc chairman russ thomas during a meeting prior to the ellis park test between south africa and the all blacks . | 8(3)
he had confided to her that he himself suffered with back trouble . | 8(3)
` i ca n't take much more of this , " he confided to lily , and she told him to shush . | 8(3)
she had confided to ruth that she was pregnant again . | 8(3)
john beckett , formerly an ilp member of the house of commons , was won for fascism after hearing one of joyce 's first addresses to a rally in 1933 at paddington baths . | 1(1)
a i j brain reported in an address to the royal society of medicine that work is currently underway on developing a laryngeal mask that incorporates a separate channel through which a nasogastric tube can easily be passed . | 8(3)
his reasoning , expounded in a lecture to an august gathering at the royal insitute of international affairs , is nevertheless persuasive . | 8(3)
curiously , for a man who wrote so much about spaceships , he detested flying , and went everywhere on cruise liners , usually paying his way by giving popular science lectures to the passengers . | 8(3)
both felix candela and santiago calatrava gave lectures to capacity audiences during the exhibition . | 8(3)
cache sizes will expand to 1mb per processor with the next generation of memory chips . | 6(2a)
if he had been alert to everyday things he knew he would have heard it sooner . | 10(4a)
parents , and gps must be alert to the symptoms . | 14(6)
the government has now turned its attention to primary schools . | 8(3)
nicandra opened the door wide and stood a moment , attentive to the breakfast silence into which she was about to break . | 8(3)
will inclined his head , acknowledging her words , smiling to himself at the irony of the situation . | 8(3)
a visiting doctor counted the graves of 100 infants including the daughter born to joseph on the eve of the nez perce flight at tepahlewam . | 9(4)
a child born to a teenage mother is twice a slikely to die in infancy as a child born to a mother aged between 25 and 29 . | 6(2a)
they will pump waste water to an existing sewer at crosby road south and then to north west water 's multimillion pound treatment works at sandon dock . | 8(3)
