he bent towards nicandra . | 1(1)
carrying to the block a lump so heavy that it made his shoulders ache , he jerked his head towards the end of the stables and asked , panting : ` what 's down there ? " | 1(1)
she jerked her head towards the far wall . | 1(1)
he jerked his head slightly towards the other end of the bar where someone was describing to the lady in question some event which seemed to involve a great deal of grappling with her unresisting frame . | 1(1)
when he lifted his eyes towards her again he thought he was safe to continue his stare , thought she was still unaware of the nature of the examination . | 1(1)
lee lifted herself a little towards her goddess and rested herself on one elbow , looking up like a child , expectant . | 1(1)
shelley suddenly swung his luminous face towards me , sat quickly down on a chair , sticking out one leg and resting a hand on his thigh , clearly inviting me to hold the floor awhile . | 1(1)
she was still puzzling over the problem when she saw joanna 's car coming towards her . | 1(1)
he stared and came slowly towards me . | 1(1)
then , when the boy was n't looking in his direction he hurled it towards the pool . | 1(1)
he nudged mrs thatcher towards acceptance of a unified germany . | 1(1)
he pushed a book towards me , and raised an eyebrow as i signed my name . | 1(1)
he saw him throw the noose towards him . | 1(1)
he tossed the packet towards her a few moments later . | 1(1)
he tossed the money towards the bed . | 1(1)
she twined her fingers through piers 's and tugged him towards the door . | 1(1)
he put his hand in his jacket pocket , searching for his wallet , and as he did , doug , serious now , yanked harry towards him and whispered in tones from which all traces of his cockney accent were now absent . | 1(1)
she walked across the room and , grabbing her daughter 's long hair , yanked her towards the cell door . | 1(1)
follow the ditch towards the wall which is crossed by a stile and then bear diagonally left up the field . | 1(1)
she shepherded him towards the captain talking all the time . | 1(1)
` that 's it , " he said , tolerantly watching the boden boy 's swaggering retreat towards the curator 's house . | 1(1)
she went over to the big , old , white sink in the corner and joe fetched out the hoe and vanished towards the vegetable field . | 1(1)
handlebar 's bird looked stunned for a second then withdrew backwards towards its mate . | 1(1)
at that moment , there came a phut-phut-phut from the drive below as a tiny fiat topolino chugged towards the house . | 1(1)
something purred towards him . | 1(1)
his description of how he watched helplessly as one of the deadly missiles thundered towards him makes chilling reading . | 1(1)
as they disappeared towards the lift a stampede of policemen emerged from the library and thundered towards the stairs . | 1(1)
the road angled towards the rim of the valley , climbing 2,000 feet in eight relentless miles . | 1(1)
the plane slewed sharply , dipping towards the runway . | 1(1)
to visit everdon stubbs continue along the road which leaves the village towards everdon . | 1(1)
students of french would be offered a course slanted towards the study of the contemporary spoken language . | 1(1)
adam was trapped in the open and he sprinted towards a deep tank track as the aircraft swung towards him , nose low as it gathered speed . | 1(1)
she weaved towards it , finding her vision blurring , her legs beginning to go weak . | 1(1)
the road wound gradually upwards towards the downs -- only the english could call uplands downs -- until i was clear of the motorways which cut through kent like the prongs of a carving fork stabbing at france . | 1(1)
sonny ambled reluctantly towards him . | 1(1)
when a fox bolted towards the hedgerow , the dogs barked furiously . | 1(1)
he could see the dog bounding towards him , its fangs bared , its tail flashing from side to side . | 1(1)
a medical orderly bustled towards them . | 1(1)
matilda took the knife she had been eating with , and all four of them crept towards the dining-room door , the father keeping well behind the others . | 1(1)
as she hastened towards the surgery she suddenly realised that robert was behind her . | 1(1)
sophie hurried towards the gates . | 1(1)
he stopped by the gate and waited as she limped towards him in the darkness . | 1(1)
ace , holstering her gun , brushed past her and loped towards the doorway . | 1(1)
dunan 's group began loping towards the rorim , leaving two bodies behind them on the moonlit ground . | 1(1)
as tom and willie were leaving mrs miller lumbered towards them , polishing a large apple in her apron . | 1(1)
then , hunching his shoulders against the pounding rain , he lurched towards the barn . | 1(1)
prentice swung away and lurched towards the door . | 1(1)
slowly he paced towards her until his foot was mere inches from the figurine . | 1(1)
ahead i could see the rest of my party plodding towards the final slope that leads to the west ( main ) summit . | 1(1)
he went back to the door and kicked it shut , then prowled towards her . | 1(1)
soldiers , battle-wagons , helicopters and rockets rush towards you with alarming speed , only to be shot down by john in true op wolf/thunderbolt fashion . | 1(1)
she began to saunter towards the canteen door . | 1(1)
she put her hands over her face and burst into tears , scurrying towards the door . | 1(1)
one of the creatures had survived the rays and was scuttling towards defries 's feet . | 1(1)
the stage darkened and the audience shuffled reluctantly towards the exit-doors . | 1(1)
before he finished speaking he had sprung towards the stairs and up them , shouting now , ` it 'll be a longish drive ; ask mary to put something up for me ; soup or something . " | 1(1)
he sprinted desperately towards the plinth and , as the vase fell , launched himself towards it in a lunging dive . | 1(1)
always give plenty of praise when the dog sprints towards you . | 1(1)
she took a step towards him . | 1(1)
he took a step towards lacuna and raised his hat . | 1(1)
jack nodded and took a step towards steve where he lay surrounded by his family , and then everything seemed to happen at once . | 1(1)
as michael stepped towards him , grierson stepped backwards , his hands coming up to defend himself if the visitor lashed out . | 1(1)
von steinholz strode towards the door , his footsteps ring hollowly on the marble . | 1(1)
together they strode towards the path . | 1(1)
as rennie swaggered towards him , he obligingly wound down the window , depriving rennie of the peremptory tap he enjoyed . | 1(1)
employing a lounge-lizard gait , he swaggered towards me as i stood at the bar waiting for my coke . | 1(1)
shiona pushed the door open and stepped inside , pulling it to again before she tiptoed towards the bed . | 1(1)
it was five or six minutes later that piladu appeared on the mountainside , stared at them for sometime and then tramped slowly towards them tightly wrapped in his hooded cloak . | 1(1)
remembering what sister had said , juliet closed the door behind her carefully , and trod softly towards the bed . | 1(1)
we 're now trekking towards sydney and the finish at the opera house . | 1(1)
the 747 trundled towards its appropriated runway , taking its place in the queue behind the other waiting aircraft . | 1(1)
joscelyn waddled towards them . | 1(1)
clawing at the substance of the dark , it wriggled towards the gateway , squeezing its eternal purpose into the elongated bulb of its lizard brain . | 1(1)
when we launched our boat in rangkul for the first time and motored towards the islands where the birds were said to nest , it was with considerable relief that we saw there were indeed geese , and they were on eggs . | 1(1)
when we saw the outline of a ship in the distance , we rowed towards it . | 1(1)
yanto cast a cautious look towards the gamekeeper 's tower , but it appeared to be deserted ` well , there 's one way to find out . | 1(1)
the book concludes with a look towards the future examining the policy implications of different approaches towards the third world and asks whether industrialisation is likely to occur there through either capitalist or socialist routes . | 1(1)
deanes looked towards meredith and a surprised expression crossed his face . | 1(1)
pope john was not weak , was not a compromiser , was not indulgent towards erroneous opinions or towards the so-called inevitability of history etc . | 4(2)
they will be feeling indulgent towards us , because we are not so evidently , so rowdily in love ; yet we should be discreetly indulgent towards them . | 1(1)
i think in the old days people were more tolerant towards each other . | 4(2)
` miss smithers -- so nice to meet you -- " the donkey was gently pushing them both up the path towards the plateau -- ` changed plans suddenly and -- i 'm so sorry -- " | 1(1)
luke strode furiously up the track towards the westport road . | 1(1)
cross a field and take the track towards new barn farm before heading down the footpath on the left signed chillerton . | 1(1)
he ushered them towards the car . | 1(1)
my secret eating was expressing what my secret writing ( a misplaced oral activity ) could not : my hatred towards those who oppressed me , my desperate sense of isolation . | 4(2)-1
her hatred towards the provos who blew up her son in northern ireland constantly eats away at her . | 4(2)-1
meanwhile , in this closing scene , the water hyacinths proceed towards the sea , as they have been doing throughout the action . | 1(1)
a scruffy card showed a rowing boat floating towards a bank . | 1(1)
a voice from a nearby table floated towards her . | 1(1)
it seemed to be floating towards me , but to be sure i forced myself towards it . | 1(1)
since he made swiftly towards the forest , i had not much option but to follow . | 1(1)
` thomas is far friendlier towards him than he is towards me . " | 1(1)
but she had hoped for too much , and matthew remained unforgiving , not actively unfriendly towards her but always out of her reach . | 4(2)-1
although predatory by nature , they are not an aggressive species and will remain sociable towards any companions that will not fit into their mouths easily . | 4(2)
it is those who had no proclivity towards will making about whom we most wish to know . | 1(1)
in shakespeare 's tragedies hypocrisy is no mere quirk of human nature but the sign of a propensity towards deep and ultimately inexplicable evil . | 1(1)
i return for a moment to the link between pre-school education and the later propensity towards crime . | 1(1)
the urge to throw herself on the tormentingly broad shoulder was too humiliating , and instead she stiffened with fresh anger and resentment towards him . | 4(2)-1
liz 's anger towards raquel dates back to a charity dinner this year . | 4(2)-1
we taxied towards the buildings and a little party of figures came to meet us as if they were welcoming a foreign diplomat . | 1(1)
lisa bent towards him . | 1(1)
