harriet walter plays her excellently as a woman who combines a strong sexuality with a defiant nobility of character . | 9(7)
it was not until conty fused graphite with china clay that loose powdered graphite could be formed into drawing lengths , so avoiding the english monopoly on their cut lengths from borrowdale . | 5(3a)
sounding like a variation of buffalo tom , the pixies and sebadoh ( with hints of the cure , teenage fanclub and can ) , they 've fused agonised tunes with fey and angst-riddled melodies . | 4(3)
identification of the new muscle proteins was made possible by fusing human cells with mouse muscle cells ; the human muscle proteins are similar but distinct from those made by mice . | 5(3a)
he grew it , merged it with an american company , then a few years later , having developed a multimillion pound empire , cast around for a new challenge . | 1(1)
the old metal box company merged its can-making business with carnaud in 1989 . | 1(1)
blanche blinked with surprise . | 11(7b)
then emmie helped him out of the skip and along the railway ; he clutched her with one hand and held murgatroyd with the other . | 4(3)
the artists were left in the courtyard , where they stood clutching their equipment with the anxious , uncertain air of a group of refugees . | 4(3)
she then kneads it with her mandibles and front legs into a soft pellet about half the size of her head and flies off with it to her building site . | 4(3)
she laid her hands on the top of his shoulders and kneaded the base of his neck with her thumbs . | 4(3)
she exhaled deeply and massaged the back of her neck with one hand . | 5(3a)
his collarbone ached , and he dug at it with his good arm , massaging the stiffness with his fingers . | 6(4)
benjamin nudged me with his knee so i looked away . | 4(3)
she gently covered it with her own , and deliberately pinched the flesh with her long fingernails . | 5(3a)
stok pinched the big knot with his fingers . | 4(3)
i held out a hand , and she pinched it with tiny , black-gloved fingers . | 5(3a)
mustapha bint , squeezed the camel with his knees | 6(4)
they noted with some awe the way he had risen to become one of the richest men in the county . | 9(7)
she registered his sardonic nod with dismay . | 11(7b) 7(5)
tom taylor , mentor and leader , had died before the group had its first exhibition , but remains classed with his friends . | 9(7)
she regards me with suspicion , but when i hold out my hand , she takes it . | 9(7)
maybe errol picked up on my mood because he said something offensive about a lady i regarded with deep affection . | 4(3)
this breakthrough , still regarded with awe in the detergent trade , was achieved by a technician at procter gamble 's french division . | 9(7)
gallagher is bound to recruit a lot of fans who , like me , await his next book with anticipation . | 7(5)
" this was the ` first attempt to land a fish " and he went on to say that he awaited the reply with interest . | 7(5)
i await with interest the market research society 's verdict . | 7(5)
he creates his mood with two factors : harmony and rhythm . | 9(7)
she lifted her hand and examined her fingernails with care . | 11(7b) 7(5)
standing up , he examined her face with extreme care . | 11(7b) 7(5)
he climbed from the car and examined it with interest . | 7(5)
mortimer scrutinized her with narrowed eyes , then nodded to himself . | 11(7b) 7(5)
maybe i delivered my opinion more bluntly than i should have , but i had always been candid with ted . | 9(7)
me , i was forthcoming with the details . | 9(7)
he was forthright with his questions but he was also the perfect host . | 9(7)
a feeling grew that johnson was too often less than frank with the public and congress , and the newspapers began to talk of a " credibility gap " over his policy . | 9(7)
` let me be frank with you , cameron . " | 9(7)
he had never before been able to be quite so frank with anyone about his innermost feelings . | 9(7)
we learned to be open , honest and frank with the media and now we find that we are treated fairly . " | 1(1)
` i 'll be honest with you , " emily leaned forward . | 9(7)
` well , i was n't entirely open with him at the archdeacon 's meeting . | 9(7)
i found myself thinking affectionately that i ought to be straightforward with him ; the english liked that . | 9(7)
now , sir , be truthful with me . | 9(7)
it was clear he already thought her beneath contempt and , if she was truthful with herself , that was a painful fact to accept . | 9(7)
they communicated with him via messages on his computer screen . | 1(1)
species , of course , do communicate with other species . | 1(1)
however , preliminary studies have indicated considerable potential in an arrangement termed radio-assisted practice ( rap ) , in which supervising tutor communicates with student teacher during actual teaching by means of a miniaturised radio link . | 9(7)
he was recalled and ` disciplined " for offences against individuals , though acquitted on a more serious charge of communication with the enemy . | 1(1)
in 1534 dacre was tried before the house of lords on charges laid by musgrave of treasonable communications with the scots during the anglo-scottish war of 1532-3 . | 1(1)
television and any communication with the outside world should be banned . | 1(1)
telephone links , for example , are used by businesses everywhere as an essential part of their communication with colleagues and clients . | 1(1)
in fact , if he had n't teased her , it would have been more obvious that there was some undercurrent in their communication with each other . | 1(1)
in hospital , the spouse 's communication with the patient , in a setting that includes nightclothes , bed , single or multiple room/ward , is essentially different . | 1(1)
communication with the customer/user takes the form of operating instructions which are contained in an instruction book . | 1(1)
mcleish saw her off and returned to confer with catherine . | 1(1)
the southern african delegations withdrew their proposed compromise on march 10 , amid complaints of " conservation imperialism " and warnings that they would now have to confer with their governments on the question of remaining within cites . | 1(1)
he came in looking sour as he usually did when he found wycliffe conferring with lucy lane . | 1(1)
before i buy him anything in future , i 'll confer with you . | 1(1)
left alone , charlotte walked slowly down the length of the room , debating with herself how much or how little holly mckitrick might know . | 1(1)
he debated with himself whether to stay and so risk capture or leave while the exit was clear . | 1(1)
i carelessly accepted an invitation to debate with mrs williams on the future of social democracy etc on the radio . | 1(1)
one of the government 's white paper commitments was to establish a dialogue with the business community on environmental issues . | 1(1)
prospects for the dialogue became even bleaker in november with the usa insisting that the plo should accept egypt 's naming of the palestinian delegation to a suggested dialogue with israel . | 1(1)
in part this has been promoted by fundholding , but more fundamentally it has been stimulated by health authorities engaging in a dialogue with general practitioners and giving greater priority to primary care as a result . | 1(1)
not that he was remote from the council 's concerns ; his long-standing dialogue with karl barth makes him no exception to the keen and growing ecumenical awareness that characterizes almost all catholic theological writing since the 1960s . | 1(1)
in his dialogue with lewis that september night , tolkien was really arguing for a less human and more ` even " approach to the gospel story . | 1(1)
it is as if god , embittered by the recalcitrance of humanity , has turned to behaving in the same manner as that imputed to him by the serpent in the garden in its dialogue with the woman . | 1(1)
even in private encounters , judges do not discuss their cases with politicians , and in return politicians should avoid embarrassing judges by involving them in what are essentially political issues . | 6(4)
i 'd like to discuss some ideas with you " | 1(1)
you were discussing me with your girlfriend . | 1(1)
those acquainted with them , like sergiu celac , who acted as interpreter for so many meetings with english-speaking heads of government and heads of state , sometimes thought that they detected vestiges of their changing sexual relationship . | 1(1)
robyn thought later as she stared at her reflection in the dressing-table mirror and forced herself to imagine what tomorrow 's meeting with luke would actually feel like . | 1(1)
she was intrigued and , as her meeting with him was social , she found nothing odd about the offer of a drink . | 1(1)
president franois mitterrand voiced strong support for the idea after his meeting with president gorbachev in kiev on wednesday . | 1(1)
liza , in the next room , having hardly slept at all since her disastrous meeting with freddie nash , lay awake , now resolved that there was only one thing left for her to do . | 1(1)
the child must phrase questions with care , compare and record answers , sift evidence and deduce the identity of the criminal . | 7(5)
the tone of her voice has risen , she pushes the hair off her face with one worried hand while gesticulating with the other . | 9(7)
blanche gestured with her right hand , inviting him to continue . | 1(1)
john major should plead with george bush not too let the c i a start it 's own secret foreign policy deals . | 1(1)
jairus pleaded with jesus to cure his twelve-year-old daughter who was at home , dying . | 6(4)
he answered with another question . | 4(3)
he thanked her but countered cunningly with a query about who her friends might be . | 4(3)
` if there 's only one governing authority , you ca n't nationalise -- only internationalise , " he countered with a twinkle . | 4(3)
` my family will be ready to welcome you , " he replied with an air of finality . | 7(5)
` no , nigel ! " he replied with satisfaction . | 7(5)
` next year , " she replied with a smile . | 4(3)
when tony 's father was interviewed he said he felt angry with tony for having taken the tablets , especially as his girl friend , pat , had been with him when he found tony unconscious . | 4(3)
lissa hated the cold incisiveness of his tone , and she was angry with herself for caring so much . | 9(7)
past injustices began to smart all over again , and she felt annoyed with herself for being so self-centred at a time when the family firm appeared to be teetering towards bankruptcy . | 9(7)
she was annoyed with herself for allowing this man to overhear her secret thoughts . | 9(7)
both her mother and lisa had been cross with her ; they both had felt she ought to settle down . | 9(7)
" do n't be cross with jenny , " james said almost reading her mind . | 9(7)
and manager billy bonds admitted afterwards : ` i was very disappointed with trevor for retaliating . | 9(7)
i was disappointed with my form , but i feel really good right now . " | 9(7)
she was furious with me . | 9(7)
at the hostel they were furious with us for bringing the police , they just wanted us out , literally , and we were out ! | 6(4)
he was furious with me for ringing him . | 9(7)
us banks , which also lost heavily , were furious with the bundesbank for refusing to compensate them . | 4(3)
constance was getting a little irritated with her friend . | 4(3)
she was irritated with herself for feeling nervous . | 9(7)
jack was mad and even madder with the american scandal magazine the national enquirer , too , although that was nothing new . | 11(7b)
i 'm delighted that you were pleased with the response . | 9(7)
the referee , bea seal got upset with him and he was gone . | 9(7)
and she wo n't bewilder me with all sorts of complicated science . | 9(7)
we have charmed each other with our weaknesses . | 1(1)
fortunately professor kerney obliged and " greatly delighted the company with a recitation in natural signs which was beautifully rendered " . | 4(3)
martina has delighted me with her form for 14 years which i 'd like to thank her for . | 9(7)
each of these ultra-familiar tunes came up sounding fresh and surprising , and the entire set consistently delighted us with the unexpected . | 9(7)
she smiled faintly , deciding to disconcert him with humour . | 4(3)
while violette entertained them with stories of increasing complexity , katherine from beneath lowered lids stole occasional glances at carlo . | 4(3)
introduced by mr j smyth of the swshas , mr martin davies of harrogate enthralled his audience with a most interesting talk and slide show . | 4(3)
he satisfied himself with a few words of hurried consultation during a house of commons debate . | 9(7)
unable to effect a landing , the french satisfied themselves with an attack upon the cawsand fishing fleet and were then compelled to put back to sea . | 9(7)
for freedom is not acquired by satisfying your self with what you desire , but by destroying your desire . " | 4(3)
she shocked the world with a short-lived marriage to frank sinatra , 30 years her senior . | 4(3)
austria 's three-time world cup winner and olympic skiing champion petra kronberger , 23 , yesterday shocked the sport with the announcement of her retirement . | 9(7)
it will be just as important for the trainees to roleplay the part of the client in order to allow them to empathise with the client 's situation . | 9(7)
nigel could empathize with that . | 9(7)
it is easy to empathize with foster parents duped into incubating the cuckoo 's eggs . | 9(7)
olive stevenson points out how difficult it is to empathise with older people because we have not had the same experiences . | 9(7)
the way she saw it , she could do nothing else , but inwardly she was boiling with fury . | 11(7b)
the social gospel is best preached by someone who burns with zeal rather than sexual desire and has espoused god alone . | 7(5)
" they were very polite while i was here with them , but they must have boiled and fumed with indignation when they left me , " he said , chuckling . | 11(7b)
fuming with rage and frustration , curtis called in immediate reinforcements , and ordered a full-scale manhunt in the vicinity of the apartment block . | 11(7b)
her chin rose as she seethed with anger . | 11(7b)
he gripped and released his fists again and again , seething with anger , frustration and despair . | 11(7b)
mortified , inwardly seething with fury at this last suggestion , caroline had endured roman 's taunting smile as he 'd wryly assured his hostess that nothing would give him greater pleasure | 11(7b)
now , naked , simmering with annoyance , the deepening light gilding him , he was no less imposing . | 6(4)
his blue doublet was gold laced ; his breast plate gleamed ; his face , under its heavy helmet was smouldering with a familiar rage , and his dark eyes flared . | 11(7b)
we used to treat our coral cuts with iodine , unaware that the coral polyps which had entered the wounds normally thrived on iodine which they extracted from seawater -- and were now extracting from our blood . | 5(3a)
they are usually associated with severe destructive peripheral arthritis , rheumatoid nodules , a high titre of rheumatoid factor , and treatment with corticosteroids . | 5(3a)
` if you will come with me , gentlemen . | 9(7)
off to penzance went killigrew , to return with the daughter of the mayor , lucy treleaven , ( a brunette , to contrast with his previous two blonde ` wives " ) . | 1(1)
she twirled around the room but mary was n't interested and returned upstairs with her friends to complete dressing . | 1(1)
persuade this rogue devlin to return with you . | 9(7)
in early 1186 the governor-general of the netherlands visited vienna with his wife , the archduchess christine , sister of the emperor . | 1(1)
in those sort of casinos in the south of france , she thought , it would be in poor taste to adorn oneself with fake diamonds . | 5(3a)
the priests offered [ this ] idol flowers , incense and food and adorned it with wreaths of flowers and garlands of feathers history of things of new spain | 5(3a)
the reclusiarch anointed each initiate with chrism , the sacred ointment , on the brow . | 4(3)
what father would anoint his child with such a leaden armour of expectations ? | 4(3)
over 200 species of birds have been seen anointing themselves with these substances . | 5(3a)
if the site is made of builder 's rubble , cover it with a foot of topsoil . | 4(3)
place the kumquats or orange slices in a pan , cover with water , bring to the boil , strain and discard the water . | 5(3a)
imagine dusting each bud with a soft brush and malathion dust ! | 4(3)
while the swiss roll is cooking , dust a large sheet of greaseproof paper with plenty of caster sugar . | 5(3a)
for best results , some products are recommended to be used after dusting your skin with talc first . | 5(3a)
drop in the orange and dust with the mixture to set the fragrance . | 5(3a)
within the hour the good beachcombers are on the spot and loading their sacks with all manner of bounties cast at their feet by providence . | 5(3a)
preferring a neutral approach for such material , sylvester has not loaded the catalogue with critical judgements . | 7(5)
` that geoffrey is a wicked geezer , " toss said to himself , as he began to load the pram with geoffrey 's computing equipment . | 9(7)
by loading specific parts of the system with food or water it has been possible to investigate , for example , the role of the stomach in the termination of eating and drinking . | 5(3a)
the local people naturally defend their crops , usually with totally inadequate weapons such as ancient shotguns loaded with buckshot . | 4(3)
you have the choice of being snooty and tutting at people sitting in their cars , packing their faces with hot dogs , or you can pack your own face with a hot dog before you set out . | 4(3)
run it into two uplifts at opposite ends of the tank , and pack it with filter floss and carbon . | 5(3a)
i did as she said but they were two sizes too big for me ; they fitted better after she had packed the toes with scraps of wool . | 5(3a)
she had a fake -- a trick : just before the contest started she smeared her mouth well with butter . | 5(3a)
he smeared the chicken with edenwort , okra and gravy , rubbed it round the plate and set it off once more in the direction of his wide , beautifully moulded mouth . | 5(3a)
she was smearing her hands with iron oxide , to simulate blood . | 4(3)
they also knew that the arrested men were respectable and law-abiding and they were highly indignant when they heard that an official spokesman had smeared them with the suggestion of criminal activities . | 5(3a)
the man 's face was a glistening red , as though he had smeared it with vaseline . | 5(3a)
they gave the impression of being a hunting party -- not far from the truth , grant thought , but for the fact that many carried baseball bats and all had their faces heavily smeared with camouflage cream . | 5(3a)
put the meat into a roasting pan , join-side down , smear with olive oil and sprinkle with salt . | 5(3a)
the decorations committee had spent the morning spreading tables with brown , yellow and green linen cloths and pinning gold-sprayed autumn leaves to each corner of them . | 5(3a)
flatten the bread with a rolling-pin , then spread each slice thinly with mayonnaise . | 5(3a)
butter sliced dark rye bread and spread thinly with mustard . | 5(3a)
the first floor , which was still inhabited , with david and herself , ben and paul , though three of the rooms were empty , their beds standing ready , spread with fresh pillows and laundered duvets . | 5(3a)
i 've stuffed myself with bread in your brother 's today . | 5(3a)
i sat with her , gave her my drink bottle , stuffed her with glucose and encouraged her to rest for a while . | 5(3a)
we sat stuffing ourselves with smoked-salmon sandwiches , slurping earl grey , while she charmed and intimidated them with her stolen airs and purloined graces . | 5(3a)
it 's a large , sweet shortcake-like creation , stuffed with sultanas . | 5(3a)
b. 's placement with the foster mother ended in november 1990 ; p. 's in may 1991 . | 9(7)
savour the flavour of salmon with this super stainless steel fish kettle . | 5(3a)
three great avenues radiated away , choked with fighting , reeking with smoke . | 11(7b)
the piercing whine of the c130's four allison turbo props rose even higher , hurting his ears , the air stinking with the smell of burnt kerosene , the hot moist gases buffeting and pulling at his clothes . | 11(7b)
i 'm getting cold again , and my feet are aching with all this walking . | 9(7)
too much had happened today to let her mind rest , although her body ached with fatigue . | 11(7b) 7(5)
he kept her prisoner in her own home and threatened to electrocute her on a sunbed and burn her with an iron . | 4(3)
her fingers positively itched with the overwhelming desire to see his arrogant face transformed by a slap . | 9(7)
she whipped these out to try and smother the blaze , her eyes smarting with the smoke . | 11(7b)
she tingled with excitement , soon she would be with him , she would see his dear face , touch his crisp hair , feel his mouth on hers . | 11(7b) 7(5)
she was tingling with excitement . | 11(7b)
i jerked back , tingling with fear , feeling it peel off like a strand of elastoplast . | 11(7b)
my face was tingling with fear and i felt in imminent need of a toilet-roll . | 11(7b)
her head spun and her left arm tingled painfully with pins and needles . | 9(7)
its members may rule society with arrogance and haughty self-assurance . | 6(4)
` i mean , " corbett said forcefully , ` that for two decades alexander iii ruled this country with little or no assistance from the french . | 9(7)
the prime ministers between the world wars , who were mostly conservative , ran the system with sense and responsibility . | 7(5)
she 's really quiet and she 's so shy with people . " | 5(3a)
serge was no longer as indulgent with her . | 1(1)
she was usually so indulgent with him . | 9(7)
even in the daylight it was a dank , dark place , its pillars covered with moss and lichen , scarred by the weather and defaced by graffiti . | 5(3a)
vast and unidentifiable pieces of furniture cluttered the room , their curlicued carvings filmed with dust . | 5(3a)
the temple is located in the gaean vale , a long and beautiful valley , lined with wild apple trees and nourished by waterfalls and clear springs . | 5(3a)
we went to dendera in a carriage along a road lined with dusty trees . | 5(3a)
the man she had spellbound stayed behind ; her enchantments had been pitted against an energetic opponent , who exulted when she left , cursing her as she trudged away pushing a small cart with her possessions . | 2(2)
a pen , pencil-cases , a wallet with a pound note inside , and my first watch , a pocket ingersoll ( this cost in today 's money , 12 pence ) . | 3(2a)
the thought which came most readily was to restrict the amount of paper which each student could use and to force them to be more economical with it . | 9(7)
it is more economical with space . | 9(7)
she said being extravagant with water was awfully unfair | 5(3a)
laboulbeniales are rather frugal with their spores . | 2(2)
he came into battle with the school over the obligation to parade with the officers training corps . | 6(4)
gangs of neo-nazis fought battles with protesters in london 's waterloo last night , bringing terror and chaos to commuters and theatregoers . | 6(4)
they will note that europe and america have decided not to risk a fight with a bosnian serb adversary whose army is probably no bigger than the equivalent of three or four rather ill-equipped divisions . | 6(4)
she started this water fight with kevin , she was throwing wet tissue at him and cos i got good at it she goes you 're too immature . | 6(4)
other men engaged in close hand-to-hand scuffles with the gardai | 6(4)
as the agonised lawrence was stretchered off , team manager micky stewart and some of lawrence 's teammates were involved in a scuffle with a tvnz cameraman . | 6(4)
while famagusta stood out , the emir should want no altercations with zacco . | 6(4)
we have records of frequent clashes with the pharisees over the sabbath and other traditional observances . | 6(4)
molby , 30 , can move nearer his ambition of an international recall by impressing denmark manager richard moeller nielsen during liverpool 's televised anfield clash with blackburn rovers . | 9(7)
the league 's failure in its first confrontation with a major power alarmed smaller , more vulnerable countries . | 6(4)
besides oxford university , the side everyone wanted to avoid , dick clarke also has to prepare for confrontations with in-form anchorians from surrey and essex rivals crostyx . | 6(4)
there were violent confrontations with some 900 police , who kept the two groups apart ; about 50 arrests were made . | 6(4)
in the last minute of a ferocious bout with spain 's miriam blasco soto , nicola got her opponent in a stranglehold . | 6(4)
mrs snelling , who was engaged in a power struggle with school governors over the control of her opted-out school , received her obe , but declined to comment on her award . | 6(4)
he also expressed the view that his visit signalled the imminent end of hostilities with north korea , a long-term ally of the soviet union . | 1(1)
apparently these extremists had been drawn into combat with the martial acolytes of the brentford temple of dimac . | 6(4)
his squabbles with publishers and his vicious exploitation of those who befriended him continued as before , but , in addition , he gratified his pederastic cravings . | 1(1)
i thought he 'd be in strife with the verfassungschutz . " | 6(4)
the italians fought with great courage , especially in 1917 when they stopped a superior axis force that threatened to take over the whole of the northern part of the country . | 6(4)
by the end of the week , two of our first-year novitiates could ski faster than i. my son and his friend julien duelled nonchalantly with ski-poles as they bombed downhill . | 5(3a)
he duelled briefly with the triplane , lost it , and came round in a wide , searching turn . | 1(1)
in january 1657 he clashed with feake at allhallows over his old ally 's continued intransigence . | 6(4)
police clashed with steel workers in guayana city , where two people were wounded , and with students in san f)x , where seven people were wounded , 50 were arrested and buses were set on fire . | 5(3a)
soon after he met his second wife , hannah anderson , a publican 's daughter from gateshead , gallacher was arrested for brawling with her brother under newcastle 's high level bridge . | 1(1)
in the rehearsal room after lunch i find a tough-looking guy brawling with two younger men . | 2(2)
an angry councillor pledged to table a motion deploring the barnet chairman 's conduct at monday 's explosive football league commission , when flashman scuffled with photographers . | 4(3)
describing the disturbances , the financial times of feb. 20 reported that " rampaging opposition members smashed windows , overturned furniture and scuffled with police " . | 1(1)
louis vii's marriage with eleanor , duchess of aquitaine , meant more royal charters for poitou and gascony ; his own political endeavours resulted in an increase for berry and the auvergne . | 1(1)
it is that of marriage with some person that you can make happy in your approbation . | 1(1)
the boy 's father and paternal grandmother applied , inter alia , for an order for the boy to reside with the grandmother . | 1(1)
for the time being we reside with her parents in their small but practical house in the southern suburbs of berlin . | 1(1)
in order to qualify , a successor must have resided with the tenant during the period of 12 months ending with the tenant 's death . | 1(1)
i saw the virtue of her advice most clearly when i stayed with a girlfriend a few weeks ago . | 9(7)
danny , his wife and two kids were forced to lodge with friends while they searched for new digs . | 1(1)
initially , calandrini was on excellent terms with his mentor , de dominis , lodging with him at the savoy hospital . | 1(1)
` he 's lodging with mrs hassock . " | 1(1)
` when i was a young man , we lived with our families . | 1(1)
from 1960 to 1974 he cohabited with lorraine josephine , daughter of mr donn , property developer , and former wife of keith aldridge . | 1(1)
it is no easier for evidence to be obtained where a man is cohabiting with a woman , yet rape is a crime in these circumstances . | 9(7)
mr o'donnell was then repeatedly beaten , burned with a cigarette , and had a car driven over his legs before the men attempted to hang him at an argyll quarry , the court heard . | 4(3)
mr weston was kicked , punched and hit with an umbrella before his poster -- ` rich tories are the real poll tax parasites " -- was stamped on and ripped up . | 4(3)
in the afternoon session there was an equally irritable wrangle over a proposal to adopt a law on compliance with the constitution , and to set up a committee for the purpose . | 9(7)
leonard perkes , 80 , was beaten , jabbed with a screwdriver and had his toes cut with a knife . | 4(3)
the second way to underline your punch 's effectiveness is to allow it to strike with a satisfying thud that can not be mistaken . | 4(3)
carefully peel the oranges with a sharp knife to remove all pith . | 5(3a)
then again , they peel their apples with fancy , little knives instead of savaging them with their gnashers . | 5(3a)
rostov started to peel the pear with his knife . | 4(3)
on the other side of their host sat meg dennison , delicately but unfussily peeling her grapes with pink-tipped fingers . | 5(3a)
" plenty of brandy , and do n't plaster the top with cherries , just one , perhaps on the tip-top , and only a touch of angelica . " | 5(3a)
plastering his face with grease and wiping away hook 's villainous eyebrows , he said what he had to say . | 5(3a)
then we took turns at the dressing table , plastering our faces with lotions , creams , lipstick and eye shadow , and helping ourselves to my mother 's " arpe" . | 5(3a)
if you have just a few bushes , drape individual plants with nets , burying or pegging down the edges during vulnerable periods . | 5(3a)
she then draped it with vivid red silk , secured in place with a glue gun . | 5(3a)
do n't pull them off but dab them with a little paraffin . | 4(3)
she changed her shoes , did her hair , dabbed her neck with chanel and slammed the bedroom door . | 5(3a)
it was a good thought as she made ready for bed ; then , her one luxury , she daubed her face with night-cream . | 5(3a)
mr goldring claimed she had injected one baby with potassium . | 5(3a)
the time mice injected with material from the trained rats take to enter the dark box is compared with that for animals injected with ` nae " material . | 5(3a)
to demonstrate that learning and memory retention can be improved in animals injected with peptides and tested under highly contrived laboratory conditions is very different from showing that human memory can be helped by popping a pill . | 5(3a)
in the warren of lanes and alleys , barefoot traders sit cross-legged in tiny shops crammed with strange goods . | 5(3a)
in truth the government of danzig had become a labyrinth sown with pits for the unwary . | 5(3a)
brush the sides of the round cake with apricot glaze . | 5(3a)
brush the area with water before applying a mix of one part cement , two pars sand and four parts gravel ( by volume ) ; incorporate a waterproofing agent . | 5(3a)
monteith has painted several of the wooden floors with colourful designs , hung the doors with attractive plaques , and repainted many of the original desks and chairs in cheerful pastel shades . | 4(3)
for a moment she looked furiously at donald , her teeth bared like a cat 's , then she shook her hair out , spattering donald with bree and barley , and hauled him back into the dance . | 1(1)
he returned my letter spattered with his own blood , and a reply . | 5(3a)
trick tables conceal parts of the actors " bodies , and models are made for the missing parts , liberally spattered with gore and guts . | 5(3a)
resolutely , she splashed her face with icy water , repaired her make-up , and went back to her desk to face the nightmare with only her dignity to mask her pain . | 5(3a)
then cleanse your face again and splash with cool water or just a refreshing toner on cotton wool . | 5(3a)
afterwards , rinse your face with tepid water and two minutes later splash with cold water . | 5(3a)
control : remove and burn infected leaves , ventilate freely and spray the plant with boots garden fungicide or supercarb . | 5(3a)
he agrees to cover the garbage with sand and to spray the area with chemicals to kill the flies and mosquitoes . | 5(3a)
they have thus become the animal equivalents of the plants which are force-fed with artificial fertilizers and sprayed with herbicides and pesticides . | 5(3a)
at the end , assisted by the two younger priests , he came through the altar rails and sprinkled the coffin with holy water . | 5(3a)
the small irishman had just sprinkled the wooden floor with water to keep down the dust and was briskly sweeping the warped boards with a long-bristled broom when patrick arrived . | 5(3a)
mr sutherland , who lives in holland , was reunited with his 27-year-old wife anita on the tarmac -- seconds before the dc-10 exploded , showering them with debris . | 5(3a)
it smashed the car 's sunroof showering the family with glass . | 5(3a)
she picked her way between them , treading with care so as not to shower things with sand . | 5(3a)
sprinkle with golden granulated sugar and drizzle with remaining butter . | 5(3a)
drizzle with olive oil and top with flakes of fresh parmesan for an elegant starter . | 11(7b)
she led him through to the dining-room and found him a glass of whisky and a plate which she proceeded to heap with food . | 5(3a)
police are expected to charge a father with attempted murder after his fifteen month old son was found stabbed in his cot . | 1(1)
build a plywood platform at one end of the room , cover it with a carpet and pile it with floor cushions . | 5(3a)
the vandals broke into the house , piled the cooker with linen then switched it on and set light to it . | 5(3a)
a classic summer basket , densely planted with colourful favourites | 5(3a)
` you and your private nobody , " said dolly , and pulled her skirt up , saucily unveiling her white petticoat with its foamy lace and pink ribbons . | 2(2)
many of you present will be familiar with this unhappy bombing mission . | 9(7)
on completion of the course , students will be conversant with the advanced mathematical , statistical and computing skills necessary to gain employment in a wide range of jobs . | 9(7)
they also need to be conversant with the main developments taking place in further and continuing education . | 9(7)
we were all conversant with the problems of each other 's friends and relatives . | 9(7)
pioneer software corp , raleigh , north carolina , has launched the q+e open database connectivity developer programme to enable developers to create and test applications compliant with the microsoft corp standard . | 9(7)
unix international 's approach is compliant with object management group 's object request broker and unix international anticipates that application linking 's reference implementation will provide a migration path to object management group-compliant implementations as they become available . | 9(7)
serum angiotensin i converting enzyme activity and monitoring of plasma renin and aldosterone concentrations suggests that patients were compliant with their assigned treatments . | 9(7)
i 've got one of those flared skirts with fine sunray pleats . | 6(4)
he had been sentenced to death by the castle commander and had been given the chance to prove his prowess with a gun and so saved his life . | 9(7)
now she decided that an active and harmless occupation was what he needed , a pursuit within the powers she knew to be passing from his skill and prowess with horses . | 9(7)
the aphrodisians were true virtuosi with their chisels . | 9(7)
top , 100% cotton $14.99 , lined cotton polyester trousers with elasticated waist and ankles , $16.99 , cotton baseball cap with mirror perspex ` nyc " , $8.99 p incl . | 2(2)
kruger stood before the mirror in his socks and baggy army issue undershorts and the vest with the two semi-circles of sweat at the armpits . | 3(2a)
but he was there waiting and looked more handsome than ever in a grey suit with a white shirt . | 2(2)
you ca n't buy me with a few armfuls of flowers . " | 4(3)
borrowing can also enhance one 's savings if the value of the asset bought with borrowed money -- for example , your house -- outstrips your loan costs . | 9(7)
the feature they came to have in common was occupancy of land in south kensington purchased with the profits from the 1851 exhibition at the crystal palace . | 1(1)
with the support of the committee , the librarian had attempted to keep track of books specifically purchased with the project funds by asking users to mark " p " against titles consulted or borrowed . | 9(7)
` that 's right -- only it 's a plastic apron with trees and a large kiwi on it . | 5(3a)
standing side by side , looking out over the gardens twinkling with lights , sophie wondered why she felt remote from any romantic interest in her companion . | 5(3a)
his eyes , dark and set deep beneath a firm , unfurrowed brow , were sleek and watchful ; one's first impression that they twinkled with a friendly mirth soon vanished . | 11(7b)
the fellow never seemed to age , nothing changed him ; no lines of worry on his cherubic face , while those hard , glassy eyes shimmered with a quiet amusement . | 11(7b)
the white star-flowers of wild coffee spattered the banks and the feathery ballerina skirts of kapok shimmered with raindrops . | 11(7b)
sensing her disbelief grow and surround him , he flashed with petulant anger . | 7(5)
the redhead 's hair sparkled with tiny ice crystals . | 11(7b)
at night , the whole valley sparkles with lights from the hillside villages . | 11(7b)
she was very pretty , this girl , dressed in a bright green cheong sam , her dark hair gleaming with natural oil , and framing a pert , oriental face . | 5(3a)
the gardens were particularly lovely this morning , trees and grass glittered with dew and the hibiscus and bougainvillaea were just beginning to open and show their gay pink and purple and orange colours . | 11(7b)
almost opposite the bridge was one of the poorest streets in town , its uneven cobblestones glittering with broken glass , its gutters clogged with litter . | 5(3a)
something glittered with a golden sheen between his lips . | 11(7b)
the sky was clear and glittering with icy stars . | 5(3a)
her face was still very pale , the skin shining with sweat , but the eyes were almost normal now , the pupils no longer dilated . | 11(7b)
at night the beaches flamed with bonfires lit to extract lime from the coral , which was then mixed with coconut oil to form the white cement with which the hulls were caulked . | 5(3a)
" ` all the unmeasured ether flames with light . " | 11(7b)
molland 's rust-streaked morris 1100 , glossy with rain , was the only car in sight . | 5(3a)
while the under reichsminister was dressed immaculately in a conservative double-breasted suit with a pearl-white shirt , his dark hair brushed back and glossy with brilliantine , hencke made a miserable sight . | 5(3a)
madge came to the door in a bedraggled dressing-gown , her hair twisted up in curl papers , her face shiny with cold cream . | 5(3a)
his glasses with their steel frames made his eyes look chilly , merciless . | 5(3a)
to complete the ensemble there is a loose-fitting bonnet with pinked edging and a broad white tie-tape . | 2(2)
water voles have fairly specialized habitat needs : rivers or streams with steep banks and thick vegetation to protect them from birds of prey . | 5(3a)
many personnel were sporting t-shirts with the new thorp logo . | 9(7)
they attach themselves with their mouthparts and then release a digestive enzyme secretion which eats into the skin . | 4(3)
no one can quite be sure whether he will be really ready for the expected showdown with world champion jansher khan , which is likely to decide tuesday 's final . | 6(4)
i noticed the difference between the doctor with his white hair and pleasant way of speaking , and that dirty , heavy , red-faced seaman , drunk with rum . | 5(3a)
slave masters matched their gladiators and rewarded the successful with relief from plantation duties , the possibility of travel and , ultimately , freedom . | 4(3)
no undue force was necessary , and we always rewarded with tlc and a tit-bit . | 9(7)
a mother who flogged her eight-year old son with a belt , gave him cold baths and forced him to stand naked for hours at night , was called ` inhuman " by a judge yesterday . | 2(2)
coat each hair with a fine translucent film which smooths down the rough surface seals the hair to prevent moisture loss . | 5(3a)
they could have filled the cellars of masham with mcewans 80/ and youngers no. 3 from edinburgh or with the new theakstons-on-tyne which the locals declare is a far inferior brew . | 9(7)
i filled a notebook with names and stories about the revolution and planned to write a book in which all my favourites would appear . | 9(7)
letterman has filled his suite with striking vases of flowers . | 7(5)
fill balloons with warm water and knot the tops securely . | 5(3a)
she shuddered with mortification . | 11(7b) 7(5)
january 1912 opened with a proposal by wilson to the shipping federation that there should be a joint conference with the union in the following march . | 1(1)
my therapy with dr gyggle had continued and now entered a new phase . | 9(7)
in one , experimental therapy with interleukin ii was attempted without success . | 9(7)
then in his foolish exhilaration he had leaped into a tree and spotted them with his binoculars . | 4(3)
she was shivering with delight and pent-up desire . | 11(7b)
leonora shivered with pleasure as penry 's long fingers caressed the length of brown thigh below her brief denim shorts . | 11(7b)
it consists of a plastic bin with a lockable lid that will keep out flies , children and so on . | 5(3a)
the ceremony ended with the release of balloons each carrying a message to the people of gloucestershire to support their libraries . | 1(1)
the show ended with a wedding scene , the bride 's dress and veil costing just $10 , bridesmaid 's dress $5 , and groom 's frock coat and trousers , plus dinner jacket , $15 . | 1(1)
he did not put up any resistance when they flung him down on the rainswept slabs , and tied his ankles with a thick cord . | 4(3)
charlie secured the tarpaulin with a length of hairy string from his pocket . | 5(3a)
he secured it with the safety-pin . | 9(7)
cover with a piece of pleated greaseproof paper and foil , and secure with string . | 4(3)
he fastened the dress with clumsy fingers , for a moment hating himself . | 3(2a)
in a last defiant gesture diana fastened the letter with red sealing wax and had it hand-delivered , just as prince philip had done with the one he sent to her . | 5(3a)
the six relics go in , and , after carefully expelling all air , i fasten the neck with string and push it into the white saddlebag . | 4(3)
fire investigators say arsonists built a bonfire with desks and chairs and tried to smash the burglar alarm at the penwood first school . | 4(3)
and when they died and the fleas had finished feasting on their blood , which was by then putrid and crawling with the bacilli , the fleas looked round for another host , and if they could not find another rat , or any small hairy creature to their liking , they settled for the next best thing , which was usually human . | 5(3a)
less than two hundred yards ahead , brilliantly lit and crawling with military personnel , rose the wall and charlie , its best-known checkpoint . | 1(1)
the loamy bat-dung crawled with poisonous six-inch millipedes , and at one point we automatically prostrated ourselves amongst them as a horde of disturbed bats swept towards us to escape . | 5(3a)
the seas today swarm with crustacean arthropods ranging in size from the tiniest krill in the surface waters to giant bottom-living crabs with a reach like that of a man . | 9(7)
the great barrier reef swarms with life . | 11(7b)
chapter 21 does not deal merely with a desert swarming with snakes , but with another gift of water from god ( v . | 5(3a)
the animal should be kept on its belly , with as much of the body as possible covered with damp blankets or sheets to prevent the sun 's rays from burning the sensitive skin . | 5(3a)
fen made no comment about the meal she set before him , but , she noticed , he ate with relish and from time to time she felt him observing her contemplatively . | 4(3)
the words were enough to make him explode with anger , and , turning swiftly to grip her shoulders , he shook her with force , glaring down into her face . | 11(7b) 7(5)
both before , and when , the nazis took over poland they flooded the bookstalls of that country with pornography . | 9(7)
the child must type the sentence with the words in the correct order , and is rewarded for the right answer by the picture coming to life -- john jumps on his bike and cycles to school . | 6(4)
" bramble began , but she silenced him with a glare from the astonishing blue eyes . | 4(3)
quite often it has n't and even if it has it may be helpful to call the recipient with information on delivery and timing . | 4(3)
he fell about laughing when his agent phoned him with this news . | 4(3)
he 'll phone his customers with solutions before they phone with problems . | 1(1)
he fell about laughing when his agent phoned him with this news . | 4(3)
retired post office worker trevor , 74 , said garry was ` absolutely hysterical " when he phoned yesterday with the tragic news . | 7(5)
do ring our helpline with any further questions you may have . | 9(7)
look hard and long , and then think of your father iying here tormented with cold and pain and fear and despair . | 11(7b)
she woke lucy with coffee , and more loving , sure and slow . | 11(7b)
my previous astonishment at the fact that people who came here like de michelis [ the former foreign secretary ] , or like ex-prime minister andreotti , never endowed us with any money is now diminished . | 4(3)
faith was done with old-fashioned equipment ; we needed more equipment to do the water-crossings ahead . | 4(3)
i am done with you ; you may lead your lives as you wish . " | 9(7)
each day , when tod and i are done with the gazette , we take it back to the store . | 9(7)
schneider discusses the attempt to provide co-ordinated care on discharge from hospital for people with mental health problems , the government 's care programme approach . | 4(3)
for the person with special needs it could provide clarity of presentation . | 4(3)
` quite a common occurrence in babies with a fever . | 4(3)
a plaque from agios onoufrios near phaistos shows the head of a man with moustache and beard . | 5(3a)
shama had joined us along with the sheikha 's mother , a tall , fine-boned woman with compassionate , intelligent eyes . | 2(2)
adults with asthma experience a significant and substantial decline in lung function when exposed to sidestream smoke for one hour [ 3 ] . | 2(2)
the success of adults with cystic fibrosis in conducting their lives , education , relationships , and employment has been bought at some cost to the family . | 2(2)
the later crimes duplicate those committed by dyer , who has wished to baptise his churches with the blood of young victims . | 4(3)
seth was a bright child with a genius for wordplay and a talent for trouble ; he bounced a devil-may-care swathe through elite private academies in new york , connecticut and switzerland . | 2(2)
for example , the hands or even the figures on the dial of a wall-mounted clock may be clearly visible to the child with tunnel vision , but the problem could be that of locating the clock itself . | 2(2)
the parents of children with dyslexia and other learning difficulties face their own set of problems . | 2(2) 3(2a)
some encouraging signs have emerged -- glasgow teenagers with a clear social code , and confidence in their parents ; primary school children with a keen sense of right and wrong , despite the fading of religious values . | 9(7)
i start browsing out of a sense of duty to begin with , and drench myself with showers of settled rainwater every time i reach into a bush . | 11(7b)
he put a nacho chip in his mouth and soaked it with beer . | 5(3a)
a week of national mourning was announced after more than 150 people were killed when a passenger train collided with a goods train near dolisie on sept. 6 . | 1(1)
recently , i had seven near collisions with automobiles during one 12-mile run along the thames . | 5(3a)
he found himself running on grass , regardless of the danger of possible collision with hidden trees or gravestones . | 6(4)
their mother julie was also dead with head injruies . | 4(3)
keith richards , a senior lawyer with the consumers ' association , believes personal recommendation is the best way to guarantee good value . | 1(1)
although his face was damp with perspiration he winked over the rim of his coffee mug , and chuck , reassured , smiled back . | 11(7b)
when i was a child , i was always at wuthering heights , because my mother was a servant with the earnshaw family . | 2(2)
he tried to warm her with his body but he was so cold himself he did n't know if it would work . | 4(3)
` it works by cooling the liquid slag with a water jet and turning it into granulated slag . | 5(3a)
the tail flukes radiate heat from the body most effectively , and they should be consistently cooled with water to avoid overheating . | 5(3a)
she indulged in a blissfully long bath , taking time to wash her hair and then comb it out , before drying it with a hand drier . | 4(3)
when , eventually , he thought she 'd had enough , he hauled her out , dried her with his shirt and said , ` what shall we do now ? " | 5(3a)
franca dried the wound with the paper , feeling as she did so the blazing warmth of the bruised knee , which was already swelling a little . | 4(3)
blanch the spinach leaves in boiling water for about 30 seconds , then dry with a paper towel . | 4(3)
about 70 friends travelled with the couple from their home in pimlico , just north of the thames , to help the happy couple celebrate in jersey . | 1(1)
a lakes and mountains holiday is great fun when you travel with a group of friends or family . | 1(1)
on the day before the match i travelled the 60 mile journey with ivan ( marks ) , this enabled me to walk the sections and try to sort out various methods . | 6(4)
flatten the bread with a rolling-pin , then spread each slice thinly with mayonnaise . | 4(3)
put up lengths in the usual way , smoothing with a sponge , then flatten seams with a seam roller . | 11(7b)
after a few seconds , he crumpled the aluminium with a sudden grip of his fist , as though he had taken an important decision . | 4(3)
if a guy owes you that sort of money , you do not squash him with your car . | 4(3)
be careful not to squash them with film wrapping . | 4(3)
the lieutenant crushed it angrily with his boot before looking back at hencke . | 4(3)
in may 1991 the prince visited prague , a city which survived the second world war unscathed , during an east european trip with the princess of wales . | 9(7)
if tempers have flared , and especially if you have been badly treated by your employer , the urge to retaliate with every means at your disposal will be enormous . | 9(7)
i 'll get even with her . | 4(3)
her suspicions flew at once to ethel having cast a spell on the cat to get even with mildred for the insult to ethel 's family . | 9(7)
goldfish have no teeth , but grind their food with pharyngeals in the throat . | 5(3a)
the wine is excellent with calf 's liver or plain roast veal . | 9(7)
it 's not just the playability which is of the highest standard , though -- graphics are excellent with fast smooth scrolling and superb cartoon player sprites . | 9(7)
the performance , like the recording , is excellent with clear diction from the london philharmonic choir . | 9(7)
is the proposed use compatible with the surrounding area ? | 9(7)
the notion of god as liberator was compatible with the existence of other gods . | 9(7)
such rights can only be granted if they are compatible with the treaty . | 9(7)
then there are the many forms of unix which , unfortunately , are not compatible with each other , so you have to choose one hardware supplier , which means a lot less choice . | 9(7)
this technique was compatible with a more open-ended view of natural relationships , although most naturalists were as yet unwilling to concede that life could have developed solely in response to adaptive pressures . | 9(7)
bodies are selected to have properties ensuring growth and survival ; these properties are likely to be incompatible with accurate replication . | 9(7)
french law has forced him to hand over the helms of adidas and bernard tapie finance , but he said : ` my new post is not incompatible with the presidency of marseille . | 9(7)
arms on the other hand are needed specifically for military use , and continued supply of arms to one side is incompatible with neutrality . | 9(7)
the commission practises an open door policy and is always prepared to review a draft agreement or arrangement internally with interested parties to determine its compatibility with article 85 . | 9(7)
the commission may extend the period of suspension until a final decision is taken on the merger 's compatibility with the common market . | 9(7)
it claims 100% compatibility with windows 3. x ( as it is now and as it may become to ward off emulators ) and no degradation in the performance of any windows application . | 9(7)
however , nt has yet to define its compatibility with critical software like novell 's netware . | 9(7)
if possible , the building should not encroach on the park and should harmonize with later buildings to be built in the area . | 9(7)
here there is no contradiction , because the bass is consonant with all the upper notes . | 9(7)
does that square with anything you know ? " | 5(3a)
it seemed to me at the time that this fact did not square with claims that the bible was inerrant . | 9(7)
political reality in england , as we have seen , did not exactly square with this european idealization . | 7(5)
the fact that the loan losses of the banks remain heavy will force the norwegian government to agree to the merger which otherwise might not square with its normally tough monopoly considerations . | 7(5)
the word quark is supposed to be pronounced like quart , but with a k at the end instead of a t , but is usually pronounced to rhyme with lark . | 9(7)
the first three lines of the song all purposely rhyme with lead -- the correct one act 3 , scene 2 , lines 63-65 ) | 4(3)
if then his actions simply accorded with what was the convention of his society , this was not because he had so to act , or failed to see that a certain convention was socially limited . | 9(7)
the topology of the three helices in the nmr structure , and the assignment of the residues that make up the helices agree well with the crystal structure . | 9(7)
he replied that he recognized that ` there are those who agree with me politically but who disagree with me religiously " and said he wanted their political support . | 9(7)
historically drug users are known to suffer more often from bacterial infections such as pneumonia , and this observation agrees with our results and those from a previous study of our cohort . | 7(5)
it took two workers to carry the world 's largest aircraft engine igniter to the designer -- who said that the component agreed with the specifications , and approved it . | 1(1)
some of them urged that the imperfections of the creation cohere with those of the hebrew scriptures , of which they held a low opinion . | 4(3)
i look super with it on though , really grown-up . | 9(7)
once the activities of an organisation have been divided up , they need to be coordinated and this becomes more difficult with the complexity of the organisation 's activities . | 9(7)
life on a cruise ship is not easy with the majority of staff living in two berth cabins , having limited leisure activities and being in a confined environment . | 9(7)
the main things i learned were not to panic , and how to be diplomatic with people , but not to give in to them . | 1(1)
it was almost a habit with pascoe : every time he passed the phone he called sophie ; and every time he got a machine with a message . | 2(2)
no doubt the roofs of the more prestigious buildings were coated with layers of cement . | 5(3a)
the andes , serried like dragons ' teeth , sparkled as the sun rose behind them , chasing them eastwards across a peach-coloured ocean dotted with green islands . | 5(3a)
the hall was a largish square room , its flagged floor dotted with thin soft rugs , and every inch of burnished ancient wood caught the sunlight . | 5(3a)
up an abrupt conical escarpment dotted with modern but pleasant villas was an olive-scattered plateau and as much tranquillity as you could wish for . | 5(3a)
before the start the lawns in front of the building had been dotted with runners encamped in pools of shade . | 5(3a)
its lands are dotted with vineyards , villas and summer estates to which the noble families of the city retire . | 5(3a)
melissa slept late and awoke with a splitting headache . | 4(3)
dot was shown to her bed where a notice was taped with pink sticking plaster to the end rail . | 5(3a)
a regular in wellington boots plastered with cow dung ordered a pint , took off his overcoat and hung it up , unaware that he 'd lost his trousers somewhere en route . | 5(3a)
its windows are plastered with posters proclaiming the girls ' innocence , as are those of their neighbours . | 5(3a)
he found the prioress alone in her chamber , the table before her strewn with manuscripts . | 5(3a)
his caravan was stuffed with books and he was supposed to be writing one . | 5(3a)
the finest mahogany has been used in its construction ; and the body of the carriage is double panelled throughout , and stuffed with felt , in order to lessen vibration and increase warmth . | 5(3a)
the proprietor brought them their plates heaped with beef and wild mushrooms and bordered with vegetables , breaking the silence between them . | 5(3a)
the towns on the pacific coast are crammed with people fleeing terrorism and hunger in the interior . | 5(3a)
his first wife , hadley , left a whole valise crammed with manuscripts in a railway carriage . | 5(3a)
alcove shelves at either side of the marble fireplace are crammed with books on art and design , cookery and jon 's great love -- cricket . | 5(3a)
every inch of space in the tiny shop was crammed with goods , piled , stacked and shelved in chaotic order . | 5(3a)
they halted the car on the edge of the battered and rutted grass which was still sprinkled with the ash and trodden cinders of last night 's activities . | 5(3a)
the shop had that lovely smell which one associates with his type of establishment and the floor was always sprinkled with fresh sawdust . | 11(7b)
to make one , a pie dish lined with shortcrust pastry is filled with sliced cooking apples sprinkled with demerara sugar and topped with slices of cheese . | 5(3a)
he followed churchill into the secluded garden of number ten , which was surrounded by a mellow red-brick wall covered in climbing plants and enclosing a lawn liberally sprinkled with daffodils and early tulips in abundant bloom . | 5(3a)
the roofs of every embassy and legation in london are draped with aerials of every size and shape . | 5(3a)
further into the depths of the castle , bernice saw the walls were draped with ancient standards , crumbling into dust . | 5(3a)
on a surface dusted with cornflour , roll out 1.1 kg ( 2 lb ) fondant icing large enough to cover the cake in one piece . | 5(3a)
so , says daedalus , a road surfaced with catalytic material should oxidise the surface of his tyres . | 5(3a)
every few yards there were depressions filled with sand , each of which took minutes to cross . | 5(3a)
the two ` concerto " discs are generously filled with both liszt concertos , tchaikovsky 's first , liszt 's hungarian fantasy and totentanz , franck 's symphonic variations and a beautifully warm and heartfelt grieg concerto . | 5(3a)
the rooms are of typical turkish standard and communal areas are adorned with wall hangings . | 5(3a)
kefalov bulged like some fossil brain adorned with innumerable ridges . | 5(3a)
twin rooms have a sea view and balcony adorned with flowers and plants . | 5(3a)
in the corner of the room is a large bed hung with a dark musty surrounding curtain . | 5(3a)
the plaster work had been restored and gilded so that it glittered against a dazzling white ceiling and against walls hung with crimson wallpaper . | 5(3a)
the three boys sat under heavy guard in a glowglobe-lit room hung with a tapestry depicting the march across the wastes three centuries earlier . | 5(3a)
the town was jammed with traffic , the shop was packed : there was some serious buying going on . | 7(5)
he was standing in a square paved with dark-grey stone . | 5(3a)
the surface was paved with massive stones and on these watery foundations venice was built -- a floating city ! | 11(7b)
some dietary components such as bread , food preserved with sulphur dioxide , and alcoholic beverages such as beer , wine and cider are rich in sulphate . | 5(3a)
and there were silver amulets studded with turquoise , bearing the insignia of the gruagach and also the insignia of flame 's ancestry . | 5(3a)
she followed its descent to the water 's edge , then looked across to where a high rock wall was studded with clumps of ferny growth that had found soil in crevices . | 5(3a)
a little temple presided over a sloping hillside with a prospect of open fields and river lined with reeds and willows . | 5(3a)
but everything is warm and gilded with the last glow of the sunset , through the room 's west-facing windows . | 5(3a)
it was spacious , panelled with stained mahogany and well-furnished . | 5(3a)
in the victor the germans were always getting slaughtered by plucky chaps with square jaw and purple stubble . | 2(2)
but i have heard since that two other witnesses described a chap with dark hair . " | 2(2)
the idea is to hit atoms head-on with laser beams , slowing them down . | 1(1)
i thought back to the kid with the ice-cream in chester zoo . | 2(2)
saunderson , atkins and may dj of course , just as they produce local kids with talent at their studio and put out their records on the myriad of small labels they share between them . | 4(3)
serena is torn between her sisterly love and her annoyance with stella 's aggressive insecurity . | 9(7)
the banishing gripes campaign highlighted the public 's annoyance with british gas for the inconvenience caused by digging up roads . | 9(7)
the usa had been withholding agreement to the guarantees to indicate its displeasure with the absence of progress towards a peace settlement . | 9(7)
such old people may have little embarrassment with each other about bodily functions , perhaps less than some husbands and wives because they were the stuff of taken-for-granted childhood . | 5(3a)
travellers might get used to jet-lag in the sense that they learn to live with it , or they might find it progressively more irksome as their initial excitement with travel begins to wear thin . | 9(7)
chorus has a similar deal with thomson csf for the inmos transputer , and plans to partner with other chip manufacturers . | 1(1)
sun , in the throes of trying to get as much commercial software at its disposal as possible , partnered with universal software last october to put its like-minded open/36 on sparc . | 1(1)
an early oval fort of pre-roman times with a later broch in one corner , perhaps added by the votadini even though they were supposed to be collaborators with the roman occupiers . | 9(7)
mr bunn allegedly conspired with others between 1 november 1990 and 31 december 1991 to defraud a syndicate of 35 banks led by swiss bank corporation and credit lyonnais . | 1(1)
washington 's nuclear collaboration with romania dates from the 1970s , when the west was vigorously encouraging president nicolae ceausescu to pursue policies independent of the soviet union . | 9(7)
in collaboration with foreign research groups , comparative studies of some of the technological areas will also be undertaken . | 1(1)
in order to achieve its dogma of privatizing the coal industry , it colluded with british coal to close thirty one pits . | 1(1)
2429 marienburg secedes from the empire after the burgomeisters collude with emperor dieter iv to secure their independence in return for marienburger gold . | 1(1)
i 'm not implying you 're in collusion with them or anything . | 1(1)
would he still have been in collusion with his master ? | 6(4)
nicholas was astonished by austria 's collusion with his enemies . | 6(4)
we can not neglect these things , but neither can we control or even forecast them with any certainty . | 7(5)
and another executioner earned the crowd 's ecstatic applause when he beheaded two criminals with one blow ! | 6(4)
the vast middle class seems bored with the notion of taking to the streets when the government is still offering gestures of conciliation . | 9(7)
a big , blustering , opinionated cop , full of self-importance , mikalis soon grew bored with wiretap duty . | 9(7)
` in my youth " , says baxter , ` i was quickly past my fundamentals and was running up into a multitude of controversies , and greatly delighted with metaphysical and scholastic writings . " | 9(7)
and , remember , as with all our offers , we guarantee to refund your money if you 're not delighted with your purchase . | 9(7)
` then you can do so today -- at the barbecue , " lucy hissed , suddenly infuriated with them both , although more so with silas than with doreen . | 9(7)
at first the us was sympathetic with the viet minh , remembering her own struggle for independence from colonial rule . | 9(7)
this introduction to piggy makes you immediately either sympathise with him or think that he was a pathetic little boy . | 9(7)
a month later in egypt she sat forlornly on her own in front of the pyramids , knowing full well that the media would again sympathise with her lonely vigil . | 9(7)
` you ca n't argue politics with foreigners , " sighed the policeman . | 1(1)
i argued this point with him , but he was obdurate in the matter . | 9(7)
he was going to take any opportunity he could to get her off his team , so there was little point in her trying to argue her case with him . | 9(7)
` you dare to argue the holy bible with me ? | 1(1)
whenever i have argued this point with other anglers they inevitably say that all you need to do is use a long link and a short hook-length when link-legering to obtain the same effect . | 9(7)
wallaby skipper nick farr-jones argues the toss with scottish referee ken mccartney -- but will his competitive instincts see him through a gruelling campaign as the world champions take on south africa this summer ? | 4(3)
once or twice , ken argued with him and said : ` there was a pause there . | 6(4)
nevertheless , there are always some cowboys who like to argue with all and sundry , including their horse . | 9(7)
tepilit and his brother can be seen arguing with the others . | 6(4)
miranda , not wishing to quarrel with adam , did not pursue her argument . | 1(1)
we know that you quarrelled with your cousin at brand 's place ; he returned from the encounter with his face severely bruised . | 4(3)
` are you intent upon quarrelling with me ? " | 1(1)
in a protracted argument with ajax , he mingles his ` slanders " with filthy and sinister threats : | 6(4)
the crisis deepened when nigel lawson resigned as chancellor in october after a disagreement with professor alan walters . | 6(4)
by april , however , his disagreements with the king led to his retirement from the government and to a state of almost civil war between them . | 1(1)
several parents , some of whom had overheard her row with alex earlier , were watching her to see what she 'd do . | 4(3)
` not yet , betsy , " said dad , doing his best not to let his kids down by rowing with his wife . | 6(4)
the poisoner woos the queen with gifts . | 5(3a)
dick was generous with his praise for bill 's instruction . | 4(3)
he became stingy with words , and sombre . | 9(7)
they were lavish with their frequent presents as only chinese friends can be , and we enjoyed many delectable feasts of chinese food at their favourite restaurants on pender street . | 5(3a)
by now the spears of most of them were broken , and they slaughtered the persians with their swords . | 4(3)
when we listen to music , for example , our eardrums vibrate with the rhythm of changing air pressure . | 11(7b)
my dog is , however , scrupulously clean and wonderful with my two young children . | 9(7)
she 's absolutely wonderful with the children . | 9(7)
i 'm terrible with prices . | 11(7b) 7(5)
under government plans for a new environment agency , the inspectorate is expected to amalgamate with sections of the national rivers authority . | 4(3)
it frequently unites with neighbouring sclerites , or it may be divided into a pair of plates . | 1(1)
she could n't see without her glasses , which made her frown with frustration . | 11(7b) 7(5)
she frowned with irritation but spoke with her usual friendliness as , walking round the side of the house , she found constance propping up her bike against the porch . | 11(7b) 7(5)
donald mcculloch grinned with pleasure and then turned it into a look of complicity for the younger men . | 11(7b) 7(5)
shiona smiled with sheer joy . | 11(7b) 7(5)
she smiled with relief , thinking he was at last calling off his proposal . | 11(7b) 7(5)
she always smiled and chatted with them and they were overcome with wonder , while i would stand by , smirking with pride because i shared her glory . | 11(7b) 7(5)
shamlou smirked with satisfaction . | 11(7b) 7(5)
he lived in tabriz and tehran ; in 1843 he returned to scotland , bringing his completed manuscript with him . | 4(3)
princess di chats with french captain sella at cardiff arms park . | 1(1)
next was a brief chat with editor alan lewis in his office . | 1(1)
the major encouraged him , then walked him round in a circle , conversing with him in low reassuring tones . | 1(1)
his first-class education , his wide experience of engineering around the world , combined with the speed and clarity of his mind , made conversing with him a delightful privilege . | 1(1)
edward assured her that he also desired to speak with philip personally and would arrange a meeting ( 7 april 1304 ) . | 1(1)
he smiled at her , thinking what a treat it was to talk shop with someone as beautiful and intelligent as this . | 1(1)
doubtless , before coming to the yard , billingsley had talked with mcillvanney , and i guessed that he had also entertained the ulsterman afterwards with an account of my pusillanimity . | 1(1)
his marital troubles seemed far from his mind as he laughed and joked with the celebrity audience including actresses patricia routledge , alison steadman , and frances barber at the national theatre . | 1(1)
confirmed secularists joked with islamic fundamentalists at a high-security press conference called to mark the signing of a 12-point unity charter outlining a transition to democracy . | 1(1)
she was even joking with the nurses as they did it , " she recalls . | 9(7)
they and their families are doing their main weekly shopping and meeting to gossip with their friends . | 1(1)
four days ago in a similar quiet period she had been gossiping with her uncle , listening to his barbed comments on affairs , on the art world , and on his family . | 1(1)
