In response to a frantic waving of arms a few minutes later , I opened up our trusty Seagull motor and chugged round the harbour arm to brave the swell . | 6(3a)
The pick-up truck being screeched round the corner by a masterful hero , the soft drink sipped by the teenage lead actress -- both products paid good money to be there . | 6(3a)
They edged round the road 's bend . | 6(3a)
She simply donned a flowing outfit by Amanda Wakely , stepped out and skirted neatly round the problem . | 5(3)
Reluctant to voice her suspicions , Fran skirted round the answers , aware that Luke was listening intently to every word she said . | 6(3a)
Calmly and methodically , Kirov climbed from the driving seat and skirted round to the back of the van , opening the rear door . | 6(3a)
Wrap insulating tape round the transmitter , covering the entire device to prevent water penetration . | 3(2)
They wrapped old sacks round themselves to keep out the cold . | 6(3a)
They then crawled round the stone three times on hands and knees , hoping to see their future sweethearts . | 6(3a)
He crawled on toes and elbows round the Land-Rover . | 3(2)
He rose and began to dance round the room . | 8(4)
She darted round and round the tower , running fast but waving her hands . | 6(3a)
As soon as they sight a predator approaching , they swiftly dart round to the far side of a tree-trunk before performing the rigid ` statue " response . | 8(4)
The father dashed round his vehicle and came out with a camera . | 5(3)
Bedu 's rhythmics lessons got us all banging bongos , clashing cymbals , dashing round the gym and holding a rhythm against all comers . | 5(3)
It is a particularly painful spot to be kicked and I spent some time hopping round the byre and cursing in a fervent whisper . | 8(4)
Without waiting to find out what it meant , she broke into a trot and hurried on round the next corner . | 6(3a)
Bodie received the message about the sneaky departure of Chrissie and the two children as he was jogging round the block , just after six in the morning . | 6(3a)
And when she tried to interest him in niente acqua , he laughed as he limped round his shelves serving several customers at once and , shrugging his high shoulders , said , ` Non c'e pioggia , non c'e acqua . " | 8(4)
As he crept downstairs he could hear weird music floating out from under the door , queer spine-chilling music that reminded him of icebergs and great snowy wastes , and polar bears lumbering round in furthest Greenland . | 8(4)
Melissa dumped her register and handbag on a chair , marched round the desk and tried the cupboard door . | 6(3a)
Now she stood up and began to march restlessly round the room , swinging her long gun by its handle . | 5(3)
Suddenly desperate to put a distance between them , Rory jumped down from the stool to pace restlessly round the kitchen like a caged animal , unhappy in its imprisonment . | 5(3)
Francis dragged himself to his feet and plodded round the bend . | 5(3)
But , after half an hour prowling round the kitchen , the dog -- Rudy -- came over to me . | 8(4)
Candy 's blue eyes narrowed suspiciously as she prowled round Rory like a tiny bird of prey inspecting its dinner . | 8(4)
He looked pale and serious as his eyes scampered round the room until they found the telephone . | 8(4)
That alone would have been worth the scramble round the cliff path . | 8(4)
So I skulked round the pub , had a burger and a pint and after embarrasing myself by asking two likely candidates if they were Mark , I shot off . | 6(3a)
And there is no shortage nowadays of people willing to slog round the streets delivering Betterware catalogues to earn a few quid . | 8(4)
Willi staggered round the end of the car park , puffing , red-faced and sweating in spite of the old wind . | 6(3a)
They stamped round the sofa and did that tricky bit of acrobatics that Sid and Ethel showed us the other night . | 6(3a)
He must have been pleased or he would have been stamping round here by now . " | 8(4)
She controlled the horse with a length of twine and she had authority over the animal , which snorted then stepped proudly round to the gate . | 6(3a)
Hey ; you want to take a stroll round the battlements ? " | 8(4)
Much later that night , coming back from dinner and the theatre , followed by a stroll round Trafalgar Square and Whitehall so Donna could glimpse some of the sights , Alexandra looked up at Matthew 's windows . | 8(4)
He stumbled round the side of the house , through the flower beds , feeling the windows . | 6(3a)
It is in a constant shimmer of glinting silver movement as the countless small fishes swim round and round the outside of the ` ball " and disappear into an orifice within it . | 6(3a)
Slowly and carefully I swam round the dark walls of the castle . | 6(3a)
I swam round the boat , looking for Rachel , but both she and Casey were gone . | 6(3a)
The organizer taps someone on the head and that child has to tiptoe round the circle while ` Sleeping Beauty " tries to point to the person . | 6(3a)
American experts on foreign affairs tiptoed round Europe . | 8(4)
We also have to traipse round the neighbourhood on All Hallows Eve , calling on neighbours , who give our children sweets . | 8(4)
It 's thought bad manners not to offer a visitor a night of passion after tramping round the icy far north . | 8(4)
We have established the assassin had been tramping round in the snow , yet Lady Beatrice and Rachel are wearing the same clothes as they were this morning and , as far as I know , never left the house . " | 8(4)
But , although Jacques claims that it is massively frustrating to watch Julie tripping round the flat half-naked and not be able to touch her , Mr Moore fails to project the necessary dashed and deviant desire . | 6(3a)
The bus is trundling round the railway arches near Bermondsey when this hits me , and I gaze out the upstairs window with a lot of fondness . | 6(3a)
David had reached the kitchen in his walk round the bungalow . | 6(3a)
He 'd cycle round and round the estate on his bike and I 'd stay in . | 8(4)
However , as he approached Mr Zamoyski 's shop , a man in overalls cycled round the corner , his tin lunchbox under his arm . | 5(3)
The fellow gazed suspiciously round the crowded tavern . | 6(3a)
She had a quick look round the room and shoved a few things out of sight in the glory-hole cupboard . | 8(4)
She peeped round the corner . | 6(3a)
Each corner contained a runner of sorts , which increased the rope drag , so that by the time I peeped round into the main central corner that was clearly the key to the route , the drag was very serious . | 6(3a)
I thought she might be under the front part of the colonnade , and peered cautiously round the corner . | 6(3a)
People sleep on the floor or huddle round television sets . | 5(3)
Once we were sitting round the table and the landlady 's son said , ` Give me the butter . " | 6(3a)
She drapes this green scarf round my neck . | 3(2)
Eager hands unrolled the garlands of tinsel and draped them round t ] he branches . | 3(2)
A jewelled necklace round his throat glittered in the sun as did the pearl earrings which hung from fleshy lobes on chains of pure silver . | 3(2)
Sabine sat up , shivered a little in the cool of the early morning air , as Rohan walked in , a towel knotted round his hips , carrying two cups . | 3(2)
He knotted the end of the tie round the other side of the window . | 5(3)
In a fit of temper Yates grabbed Nicola 's sweater , tied the sleeve round her neck and throttled her as she cried out " Daddy do n't " . | 3(2)
The following weekend I cemented capping stones round the top of the new pond and also round the header pools . | 8(4)
She simply donned a flowing outfit by Amanda Wakely , stepped out and skirted neatly round the problem . | 5(3)
Mr Malik put his arm round Robert and continued to watch this display with apparent unconcern . | 1(1)
Donna warmed her hands round her tea and glanced at her watch again . | 4(2a)
Large lakes thaw round the edges but tend to retain a core of ice in summer ; in consequence their waters never warm far above freezing point . | 5(3)
She travelled round the world , paid two visits to the United States , and for a time taught English in Japan . | 8(4)
` People ask why I do n't tour round seeing the sights , but I could see sights in Australia and be warm . | 8(4)
` She was driving very fast , " he said as he folded the map round the photograph and tucked it into the inner pocket of the waterproof saddlebag . | 5(3)
And then she reproached him and turned into a dragon , and flew away round the battlements making a terrible noise and battering the stones . | 6(3a)
` And and she grabbed the rope round the mule 's neck and and led it away to safety , leaving her husband lying in the road . | 3(2)
She flung her arms round him , her face buried in his soaking coat . | 4(2a)
The prince 's personal press secretary Dickie Arbiter ferried them round the Queen 's estate at Sandringham , Norfolk , so they could film the photographers snapping the royal shooting party from a public road . | 6(3a)
I hitchhiked round Europe , lived off the smell of an oily rag , as they say . " | 6(3a)
They set out their bedrolls and crouched round the flames , except for the unfortunate Rimir who had first watch . | 6(3a)
They were seated round the long oak table , with the remains of supper still spread out . | 8(4)
Even the violent messages , when she threw things round the room , went unheeded . | 6(3a)
The students themselves take little active part in the teaching/learning process , but tend to follow passively round the various stations . | 8(4)
I watched his shaking shoulders go out of the gate and disappear round the corner . | 6(3a)
Hank had hastily retreated round the side of the garage , while they decided where to put a sand box for the child as yet unconceived , and then he had re-entered the gate , giving it a diplomatic slam behind him . | 6(3a)
